-- The C compiler identification is GNU 12.3.0
-- The CXX compiler identification is GNU 12.3.0
-- Detecting C compiler ABI info
-- Detecting C compiler ABI info - done
-- Check for working C compiler: /usr/bin/cc - skipped
-- Detecting C compile features
-- Detecting C compile features - done
-- Detecting CXX compiler ABI info
-- Detecting CXX compiler ABI info - done
-- Check for working CXX compiler: /usr/bin/c++ - skipped
-- Detecting CXX compile features
-- Detecting CXX compile features - done
-- Found ament_cmake: 1.3.11 (/opt/ros/humble/share/ament_cmake/cmake)
-- Found Python3: /usr/bin/python3 (found version "3.10.12") found components: Interpreter 
-- Found rclcpp: 16.0.11 (/opt/ros/humble/share/rclcpp/cmake)
-- Found rosidl_generator_c: 3.1.6 (/opt/ros/humble/share/rosidl_generator_c/cmake)
-- Found rosidl_adapter: 3.1.6 (/opt/ros/humble/share/rosidl_adapter/cmake)
-- Found rosidl_generator_cpp: 3.1.6 (/opt/ros/humble/share/rosidl_generator_cpp/cmake)
-- Using all available rosidl_typesupport_c: rosidl_typesupport_fastrtps_c;rosidl_typesupport_introspection_c
-- Using all available rosidl_typesupport_cpp: rosidl_typesupport_fastrtps_cpp;rosidl_typesupport_introspection_cpp
-- Found rmw_implementation_cmake: 6.1.2 (/opt/ros/humble/share/rmw_implementation_cmake/cmake)
-- Found rmw_fastrtps_cpp: 6.2.7 (/opt/ros/humble/share/rmw_fastrtps_cpp/cmake)
-- Found OpenSSL: /usr/lib/x86_64-linux-gnu/libcrypto.so (found version "3.0.2")  
-- Found FastRTPS: /opt/ros/humble/include  
-- Using RMW implementation 'rmw_fastrtps_cpp' as default
-- Looking for pthread.h
-- Looking for pthread.h - found
-- Performing Test CMAKE_HAVE_LIBC_PTHREAD
-- Performing Test CMAKE_HAVE_LIBC_PTHREAD - Success
-- Found Threads: TRUE  
-- Found sensor_msgs: 4.2.4 (/opt/ros/humble/share/sensor_msgs/cmake)
-- Found tf2: 0.25.12 (/opt/ros/humble/share/tf2/cmake)
-- Found tf2_ros: 0.25.12 (/opt/ros/humble/share/tf2_ros/cmake)
-- Configuring done
-- Generating done
-- Build files have been written to: /home/movo_base/movobase_ws/build/tm_imu
[ 16%] [32mBuilding CXX object CMakeFiles/transducer_m_imu.dir/external/serialib/serialib.cpp.o[0m
[ 33%] [32mBuilding CXX object CMakeFiles/transducer_m_imu.dir/src/tm_imu_node.cpp.o[0m
[ 66%] [32mBuilding CXX object CMakeFiles/transducer_m_imu.dir/external/EasyProfile/EasyObjectDictionary.cpp.o[0m
[ 66%] [32mBuilding CXX object CMakeFiles/transducer_m_imu.dir/external/EasyProfile/EasyProfile.cpp.o[0m
[ 83%] [32mBuilding CXX object CMakeFiles/transducer_m_imu.dir/external/EasyProfile/EasyProtocol.cpp.o[0m
[100%] [32m[1mLinking CXX executable transducer_m_imu[0m
[100%] Built target transducer_m_imu
-- Install configuration: ""
-- Installing: /home/movo_base/movobase_ws/install/tm_imu/lib/tm_imu/transducer_m_imu
-- Set runtime path of "/home/movo_base/movobase_ws/install/tm_imu/lib/tm_imu/transducer_m_imu" to ""
-- Installing: /home/movo_base/movobase_ws/install/tm_imu/share/tm_imu//launch
-- Installing: /home/movo_base/movobase_ws/install/tm_imu/share/tm_imu//launch/imu.launch.py
-- Installing: /home/movo_base/movobase_ws/install/tm_imu/share/tm_imu//config
-- Installing: /home/movo_base/movobase_ws/install/tm_imu/share/tm_imu//config/params.yaml
-- Installing: /home/movo_base/movobase_ws/install/tm_imu/share/ament_index/resource_index/package_run_dependencies/tm_imu
-- Installing: /home/movo_base/movobase_ws/install/tm_imu/share/ament_index/resource_index/parent_prefix_path/tm_imu
-- Installing: /home/movo_base/movobase_ws/install/tm_imu/share/tm_imu/environment/ament_prefix_path.sh
-- Installing: /home/movo_base/movobase_ws/install/tm_imu/share/tm_imu/environment/ament_prefix_path.dsv
-- Installing: /home/movo_base/movobase_ws/install/tm_imu/share/tm_imu/environment/path.sh
-- Installing: /home/movo_base/movobase_ws/install/tm_imu/share/tm_imu/environment/path.dsv
-- Installing: /home/movo_base/movobase_ws/install/tm_imu/share/tm_imu/local_setup.bash
-- Installing: /home/movo_base/movobase_ws/install/tm_imu/share/tm_imu/local_setup.sh
-- Installing: /home/movo_base/movobase_ws/install/tm_imu/share/tm_imu/local_setup.zsh
-- Installing: /home/movo_base/movobase_ws/install/tm_imu/share/tm_imu/local_setup.dsv
-- Installing: /home/movo_base/movobase_ws/install/tm_imu/share/tm_imu/package.dsv
-- Installing: /home/movo_base/movobase_ws/install/tm_imu/share/ament_index/resource_index/packages/tm_imu
-- Installing: /home/movo_base/movobase_ws/install/tm_imu/share/tm_imu/cmake/tm_imuConfig.cmake
-- Installing: /home/movo_base/movobase_ws/install/tm_imu/share/tm_imu/cmake/tm_imuConfig-version.cmake
-- Installing: /home/movo_base/movobase_ws/install/tm_imu/share/tm_imu/package.xml
