[1.036s] Invoking command in '/home/movo_base/movobase_ws/src/movo_nav': CMAKE_PREFIX_PATH=/home/movo_base/movobase_ws/install/realsense2_camera:/home/movo_base/movobase_ws/install/realsense2_camera_msgs:/home/movo_base/movobase_ws/install/velocity_pub:/home/movo_base/movobase_ws/install/tm_imu:/home/movo_base/movobase_ws/install/sick_scan_xd:/home/movo_base/movobase_ws/install/sample_robot_sim:/home/movo_base/movobase_ws/install/sample_robot_description:/home/movo_base/movobase_ws/install/realsense2_description:/home/movo_base/movobase_ws/install/omni_wheel_controller:/home/movo_base/movobase_ws/install/movo_description:/home/movo_base/movobase_ws/install/ign_ros2_control_demos:/home/movo_base/movobase_ws/install/gz_ros2_control_tests:/home/movo_base/movobase_ws/install/ign_ros2_control:/home/movo_base/movobase_ws/install/backward_ros:/home/movo_base/movobase_ws/src/install/velocity_pub:/home/movo_base/movobase_ws/src/install/sick_scan_xd:/home/movo_base/movobase_ws/src/install/sample_robot_sim:/home/movo_base/movobase_ws/src/install/sample_robot_description:/home/movo_base/movobase_ws/src/install/realsense2_description:/home/movo_base/movobase_ws/src/install/realsense2_camera:/home/movo_base/movobase_ws/src/install/realsense2_camera_msgs:/home/movo_base/movobase_ws/src/install/omni_wheel_controller:/home/movo_base/movobase_ws/src/install/movo_description:/home/movo_base/movobase_ws/src/install/ign_ros2_control_demos:/home/movo_base/movobase_ws/src/install/gz_ros2_control_tests:/home/movo_base/movobase_ws/src/install/ign_ros2_control:/home/movo_base/movobase_ws/src/install/backward_ros LD_LIBRARY_PATH=/home/movo_base/movobase_ws/install/realsense2_camera/lib:/home/movo_base/movobase_ws/install/realsense2_camera_msgs/lib:/home/movo_base/movobase_ws/install/sick_scan_xd/lib:/home/movo_base/movobase_ws/install/omni_wheel_controller/lib:/home/movo_base/movobase_ws/install/ign_ros2_control/lib:/home/movo_base/movobase_ws/install/backward_ros/lib:/home/movo_base/movobase_ws/src/install/sick_scan_xd/lib:/home/movo_base/movobase_ws/src/install/realsense2_camera/lib:/home/movo_base/movobase_ws/src/install/realsense2_camera_msgs/lib:/home/movo_base/movobase_ws/src/install/omni_wheel_controller/lib:/home/movo_base/movobase_ws/src/install/ign_ros2_control/lib:/home/movo_base/movobase_ws/src/install/backward_ros/lib:/opt/ros/humble/opt/rviz_ogre_vendor/lib:/opt/ros/humble/lib/x86_64-linux-gnu:/opt/ros/humble/lib PYTHONPATH=/home/movo_base/movobase_ws/build/movo_nav/prefix_override:/usr/lib/python3/dist-packages/colcon_core/task/python/colcon_distutils_commands:/home/movo_base/movobase_ws/install/movo_nav/lib/python3.10/site-packages:${PYTHONPATH} /usr/bin/python3 -W ignore:setup.py install is deprecated -W ignore:easy_install command is deprecated setup.py egg_info --egg-base ../../build/movo_nav build --build-base /home/movo_base/movobase_ws/build/movo_nav/build install --record /home/movo_base/movobase_ws/build/movo_nav/install.log --single-version-externally-managed install_data
[1.476s] running egg_info
[1.477s] creating ../../build/movo_nav/movo_nav.egg-info
[1.477s] writing ../../build/movo_nav/movo_nav.egg-info/PKG-INFO
[1.479s] writing dependency_links to ../../build/movo_nav/movo_nav.egg-info/dependency_links.txt
[1.479s] writing entry points to ../../build/movo_nav/movo_nav.egg-info/entry_points.txt
[1.479s] writing requirements to ../../build/movo_nav/movo_nav.egg-info/requires.txt
[1.479s] writing top-level names to ../../build/movo_nav/movo_nav.egg-info/top_level.txt
[1.479s] writing manifest file '../../build/movo_nav/movo_nav.egg-info/SOURCES.txt'
[1.481s] reading manifest file '../../build/movo_nav/movo_nav.egg-info/SOURCES.txt'
[1.482s] writing manifest file '../../build/movo_nav/movo_nav.egg-info/SOURCES.txt'
[1.483s] running build
[1.483s] running build_py
[1.483s] creating /home/movo_base/movobase_ws/build/movo_nav/build
[1.483s] creating /home/movo_base/movobase_ws/build/movo_nav/build/lib
[1.483s] creating /home/movo_base/movobase_ws/build/movo_nav/build/lib/movo_nav
[1.484s] copying movo_nav/__init__.py -> /home/movo_base/movobase_ws/build/movo_nav/build/lib/movo_nav
[1.484s] running install
[1.484s] running install_lib
[1.484s] creating /home/movo_base/movobase_ws/install/movo_nav/lib/python3.10/site-packages/movo_nav
[1.484s] copying /home/movo_base/movobase_ws/build/movo_nav/build/lib/movo_nav/__init__.py -> /home/movo_base/movobase_ws/install/movo_nav/lib/python3.10/site-packages/movo_nav
[1.485s] byte-compiling /home/movo_base/movobase_ws/install/movo_nav/lib/python3.10/site-packages/movo_nav/__init__.py to __init__.cpython-310.pyc
[1.486s] running install_data
[1.486s] creating /home/movo_base/movobase_ws/install/movo_nav/share/ament_index
[1.486s] creating /home/movo_base/movobase_ws/install/movo_nav/share/ament_index/resource_index
[1.486s] creating /home/movo_base/movobase_ws/install/movo_nav/share/ament_index/resource_index/packages
[1.486s] copying resource/movo_nav -> /home/movo_base/movobase_ws/install/movo_nav/share/ament_index/resource_index/packages
[1.486s] copying package.xml -> /home/movo_base/movobase_ws/install/movo_nav/share/movo_nav
[1.487s] creating /home/movo_base/movobase_ws/install/movo_nav/share/movo_nav/launch
[1.487s] copying launch/realseanse_2d_slam.py -> /home/movo_base/movobase_ws/install/movo_nav/share/movo_nav/launch
[1.487s] copying launch/front_lidar_slam.py -> /home/movo_base/movobase_ws/install/movo_nav/share/movo_nav/launch
[1.487s] copying launch/lidar_slam_launch.py -> /home/movo_base/movobase_ws/install/movo_nav/share/movo_nav/launch
[1.487s] creating /home/movo_base/movobase_ws/install/movo_nav/share/movo_nav/urdf
[1.487s] copying urdf/sensor_d435i.xacro -> /home/movo_base/movobase_ws/install/movo_nav/share/movo_nav/urdf
[1.488s] creating /home/movo_base/movobase_ws/install/movo_nav/share/movo_nav/config
[1.488s] copying config/slam_toolbox_params.yaml -> /home/movo_base/movobase_ws/install/movo_nav/share/movo_nav/config
[1.488s] copying config/mapper_params_online_sync.yaml -> /home/movo_base/movobase_ws/install/movo_nav/share/movo_nav/config
[1.488s] running install_egg_info
[1.492s] Copying ../../build/movo_nav/movo_nav.egg-info to /home/movo_base/movobase_ws/install/movo_nav/lib/python3.10/site-packages/movo_nav-0.0.0-py3.10.egg-info
[1.492s] running install_scripts
[1.524s] Installing dual_lidar_merger script to /home/movo_base/movobase_ws/install/movo_nav/lib/movo_nav
[1.524s] writing list of installed files to '/home/movo_base/movobase_ws/build/movo_nav/install.log'
[1.558s] Invoked command in '/home/movo_base/movobase_ws/src/movo_nav' returned '0': CMAKE_PREFIX_PATH=/home/movo_base/movobase_ws/install/realsense2_camera:/home/movo_base/movobase_ws/install/realsense2_camera_msgs:/home/movo_base/movobase_ws/install/velocity_pub:/home/movo_base/movobase_ws/install/tm_imu:/home/movo_base/movobase_ws/install/sick_scan_xd:/home/movo_base/movobase_ws/install/sample_robot_sim:/home/movo_base/movobase_ws/install/sample_robot_description:/home/movo_base/movobase_ws/install/realsense2_description:/home/movo_base/movobase_ws/install/omni_wheel_controller:/home/movo_base/movobase_ws/install/movo_description:/home/movo_base/movobase_ws/install/ign_ros2_control_demos:/home/movo_base/movobase_ws/install/gz_ros2_control_tests:/home/movo_base/movobase_ws/install/ign_ros2_control:/home/movo_base/movobase_ws/install/backward_ros:/home/movo_base/movobase_ws/src/install/velocity_pub:/home/movo_base/movobase_ws/src/install/sick_scan_xd:/home/movo_base/movobase_ws/src/install/sample_robot_sim:/home/movo_base/movobase_ws/src/install/sample_robot_description:/home/movo_base/movobase_ws/src/install/realsense2_description:/home/movo_base/movobase_ws/src/install/realsense2_camera:/home/movo_base/movobase_ws/src/install/realsense2_camera_msgs:/home/movo_base/movobase_ws/src/install/omni_wheel_controller:/home/movo_base/movobase_ws/src/install/movo_description:/home/movo_base/movobase_ws/src/install/ign_ros2_control_demos:/home/movo_base/movobase_ws/src/install/gz_ros2_control_tests:/home/movo_base/movobase_ws/src/install/ign_ros2_control:/home/movo_base/movobase_ws/src/install/backward_ros LD_LIBRARY_PATH=/home/movo_base/movobase_ws/install/realsense2_camera/lib:/home/movo_base/movobase_ws/install/realsense2_camera_msgs/lib:/home/movo_base/movobase_ws/install/sick_scan_xd/lib:/home/movo_base/movobase_ws/install/omni_wheel_controller/lib:/home/movo_base/movobase_ws/install/ign_ros2_control/lib:/home/movo_base/movobase_ws/install/backward_ros/lib:/home/movo_base/movobase_ws/src/install/sick_scan_xd/lib:/home/movo_base/movobase_ws/src/install/realsense2_camera/lib:/home/movo_base/movobase_ws/src/install/realsense2_camera_msgs/lib:/home/movo_base/movobase_ws/src/install/omni_wheel_controller/lib:/home/movo_base/movobase_ws/src/install/ign_ros2_control/lib:/home/movo_base/movobase_ws/src/install/backward_ros/lib:/opt/ros/humble/opt/rviz_ogre_vendor/lib:/opt/ros/humble/lib/x86_64-linux-gnu:/opt/ros/humble/lib PYTHONPATH=/home/movo_base/movobase_ws/build/movo_nav/prefix_override:/usr/lib/python3/dist-packages/colcon_core/task/python/colcon_distutils_commands:/home/movo_base/movobase_ws/install/movo_nav/lib/python3.10/site-packages:${PYTHONPATH} /usr/bin/python3 -W ignore:setup.py install is deprecated -W ignore:easy_install command is deprecated setup.py egg_info --egg-base ../../build/movo_nav build --build-base /home/movo_base/movobase_ws/build/movo_nav/build install --record /home/movo_base/movobase_ws/build/movo_nav/install.log --single-version-externally-managed install_data
