-- The C compiler identification is GNU 12.3.0
-- The CXX compiler identification is GNU 12.3.0
-- Detecting C compiler ABI info
-- Detecting C compiler ABI info - done
-- Check for working C compiler: /usr/bin/cc - skipped
-- Detecting C compile features
-- Detecting C compile features - done
-- Detecting CXX compiler ABI info
-- Detecting CXX compiler ABI info - done
-- Check for working CXX compiler: /usr/bin/c++ - skipped
-- Detecting CXX compile features
-- Detecting CXX compile features - done
-- Found ament_cmake: 1.3.11 (/opt/ros/humble/share/ament_cmake/cmake)
-- Found Python3: /usr/bin/python3 (found version "3.10.12") found components: Interpreter 
-- Configuring done
-- Generating done
-- Build files have been written to: /home/movo_base/movobase_ws/build/movo_description
-- Install configuration: ""
-- Installing: /home/movo_base/movobase_ws/install/movo_description/share/movo_description/urdf
-- Installing: /home/movo_base/movobase_ws/install/movo_description/share/movo_description/urdf/gzplugin_grasp_fix.urdf.xacro
-- Installing: /home/movo_base/movobase_ws/install/movo_description/share/movo_description/urdf/manipulation
-- Installing: /home/movo_base/movobase_ws/install/movo_description/share/movo_description/urdf/manipulation/robotiq
-- Installing: /home/movo_base/movobase_ws/install/movo_description/share/movo_description/urdf/manipulation/robotiq/robotiq_85_gripper.urdf.xacro
-- Installing: /home/movo_base/movobase_ws/install/movo_description/share/movo_description/urdf/manipulation/robotiq/robotiq_85_gripper.transmission.xacro
-- Installing: /home/movo_base/movobase_ws/install/movo_description/share/movo_description/urdf/manipulation/jaco
-- Installing: /home/movo_base/movobase_ws/install/movo_description/share/movo_description/urdf/manipulation/jaco/jaco.transmission.xacro
-- Installing: /home/movo_base/movobase_ws/install/movo_description/share/movo_description/urdf/manipulation/jaco/jaco_7dof.transmission.xacro
-- Installing: /home/movo_base/movobase_ws/install/movo_description/share/movo_description/urdf/manipulation/jaco/jaco_7dof.urdf.xacro
-- Installing: /home/movo_base/movobase_ws/install/movo_description/share/movo_description/urdf/manipulation/jaco/jaco.urdf.xacro
-- Installing: /home/movo_base/movobase_ws/install/movo_description/share/movo_description/urdf/manipulation/kinova_grippers
-- Installing: /home/movo_base/movobase_ws/install/movo_description/share/movo_description/urdf/manipulation/kinova_grippers/kg2_gripper.urdf.xacro
-- Installing: /home/movo_base/movobase_ws/install/movo_description/share/movo_description/urdf/manipulation/kinova_grippers/kg3_gripper.urdf.xacro
-- Installing: /home/movo_base/movobase_ws/install/movo_description/share/movo_description/urdf/manipulation/kinova_grippers/kg3_gripper.transmission.xacro
-- Installing: /home/movo_base/movobase_ws/install/movo_description/share/movo_description/urdf/manipulation/kinova_grippers/kg2_gripper.transmission.xacro
-- Installing: /home/movo_base/movobase_ws/install/movo_description/share/movo_description/urdf/movo2.urdf
-- Installing: /home/movo_base/movobase_ws/install/movo_description/share/movo_description/urdf/movo_components
-- Installing: /home/movo_base/movobase_ws/install/movo_description/share/movo_description/urdf/movo_components/movo_body.urdf.xacro
-- Installing: /home/movo_base/movobase_ws/install/movo_description/share/movo_description/urdf/movo_components/movo_pan_tilt.urdf.xacro
-- Installing: /home/movo_base/movobase_ws/install/movo_description/share/movo_description/urdf/movo_components/proto2_arm_mount.urdf.xacro
-- Installing: /home/movo_base/movobase_ws/install/movo_description/share/movo_description/urdf/movo_components/movo_base.urdf.xacro
-- Installing: /home/movo_base/movobase_ws/install/movo_description/share/movo_description/urdf/movo_components/proto2_base.urdf.xacro
-- Installing: /home/movo_base/movobase_ws/install/movo_description/share/movo_description/urdf/movo_components/proto2_frame.urdf.xacro
-- Installing: /home/movo_base/movobase_ws/install/movo_description/share/movo_description/urdf/sensors
-- Installing: /home/movo_base/movobase_ws/install/movo_description/share/movo_description/urdf/sensors/sick_tim.urdf.xacro
-- Installing: /home/movo_base/movobase_ws/install/movo_description/share/movo_description/urdf/sensors/kinect_one_sensor.urdf.xacro
-- Installing: /home/movo_base/movobase_ws/install/movo_description/share/movo_description/urdf/pan_tilt_stand_alone.urdf.xacro
-- Installing: /home/movo_base/movobase_ws/install/movo_description/share/movo_description/urdf/movo.urdf.xacro
-- Installing: /home/movo_base/movobase_ws/install/movo_description/share/movo_description/meshes
-- Installing: /home/movo_base/movobase_ws/install/movo_description/share/movo_description/meshes/manipulation
-- Installing: /home/movo_base/movobase_ws/install/movo_description/share/movo_description/meshes/manipulation/robotiq
-- Installing: /home/movo_base/movobase_ws/install/movo_description/share/movo_description/meshes/manipulation/robotiq/collision
-- Installing: /home/movo_base/movobase_ws/install/movo_description/share/movo_description/meshes/manipulation/robotiq/collision/robotiq_85_finger_tip_link.stl
-- Installing: /home/movo_base/movobase_ws/install/movo_description/share/movo_description/meshes/manipulation/robotiq/collision/robotiq_85_finger_link.stl
-- Installing: /home/movo_base/movobase_ws/install/movo_description/share/movo_description/meshes/manipulation/robotiq/collision/robotiq_85_inner_knuckle_link.stl
-- Installing: /home/movo_base/movobase_ws/install/movo_description/share/movo_description/meshes/manipulation/robotiq/collision/robotiq_85_base_link.stl
-- Installing: /home/movo_base/movobase_ws/install/movo_description/share/movo_description/meshes/manipulation/robotiq/collision/kinova_robotiq_coupler.stl
-- Installing: /home/movo_base/movobase_ws/install/movo_description/share/movo_description/meshes/manipulation/robotiq/collision/robotiq_85_knuckle_link.stl
-- Installing: /home/movo_base/movobase_ws/install/movo_description/share/movo_description/meshes/manipulation/robotiq/visual
-- Installing: /home/movo_base/movobase_ws/install/movo_description/share/movo_description/meshes/manipulation/robotiq/visual/robotiq_85_finger_tip_link.dae
-- Installing: /home/movo_base/movobase_ws/install/movo_description/share/movo_description/meshes/manipulation/robotiq/visual/robotiq_85_finger_link.dae
-- Installing: /home/movo_base/movobase_ws/install/movo_description/share/movo_description/meshes/manipulation/robotiq/visual/robotiq_85_base_link.dae
-- Installing: /home/movo_base/movobase_ws/install/movo_description/share/movo_description/meshes/manipulation/robotiq/visual/robotiq_85_inner_knuckle_link.dae
-- Installing: /home/movo_base/movobase_ws/install/movo_description/share/movo_description/meshes/manipulation/robotiq/visual/robotiq_85_knuckle_link.dae
-- Installing: /home/movo_base/movobase_ws/install/movo_description/share/movo_description/meshes/manipulation/robotiq/visual/kinova_robotiq_coupler.dae
-- Installing: /home/movo_base/movobase_ws/install/movo_description/share/movo_description/meshes/manipulation/jaco
-- Installing: /home/movo_base/movobase_ws/install/movo_description/share/movo_description/meshes/manipulation/jaco/collision
-- Installing: /home/movo_base/movobase_ws/install/movo_description/share/movo_description/meshes/manipulation/jaco/collision/wrist_spherical_1.stl
-- Installing: /home/movo_base/movobase_ws/install/movo_description/share/movo_description/meshes/manipulation/jaco/collision/base.stl
-- Installing: /home/movo_base/movobase_ws/install/movo_description/share/movo_description/meshes/manipulation/jaco/collision/kinova_actuator_gearing.stl
-- Installing: /home/movo_base/movobase_ws/install/movo_description/share/movo_description/meshes/manipulation/jaco/collision/arm_half_1.stl
-- Installing: /home/movo_base/movobase_ws/install/movo_description/share/movo_description/meshes/manipulation/jaco/collision/shoulder_7dof.stl
-- Installing: /home/movo_base/movobase_ws/install/movo_description/share/movo_description/meshes/manipulation/jaco/collision/wrist_spherical_2.stl
-- Installing: /home/movo_base/movobase_ws/install/movo_description/share/movo_description/meshes/manipulation/jaco/collision/forearm.stl
-- Installing: /home/movo_base/movobase_ws/install/movo_description/share/movo_description/meshes/manipulation/jaco/collision/upper_arm.stl
-- Installing: /home/movo_base/movobase_ws/install/movo_description/share/movo_description/meshes/manipulation/jaco/collision/base_7dof.stl
-- Installing: /home/movo_base/movobase_ws/install/movo_description/share/movo_description/meshes/manipulation/jaco/collision/forearm_7dof.stl
-- Installing: /home/movo_base/movobase_ws/install/movo_description/share/movo_description/meshes/manipulation/jaco/collision/arm_half_2.stl
-- Installing: /home/movo_base/movobase_ws/install/movo_description/share/movo_description/meshes/manipulation/jaco/collision/shoulder.stl
-- Installing: /home/movo_base/movobase_ws/install/movo_description/share/movo_description/meshes/manipulation/jaco/collision/wrist_2.stl
-- Installing: /home/movo_base/movobase_ws/install/movo_description/share/movo_description/meshes/manipulation/jaco/collision/wrist_1.stl
-- Installing: /home/movo_base/movobase_ws/install/movo_description/share/movo_description/meshes/manipulation/jaco/visual
-- Installing: /home/movo_base/movobase_ws/install/movo_description/share/movo_description/meshes/manipulation/jaco/visual/forearm_7dof.dae
-- Installing: /home/movo_base/movobase_ws/install/movo_description/share/movo_description/meshes/manipulation/jaco/visual/wrist_1.dae
-- Installing: /home/movo_base/movobase_ws/install/movo_description/share/movo_description/meshes/manipulation/jaco/visual/arm_half_1.dae
-- Installing: /home/movo_base/movobase_ws/install/movo_description/share/movo_description/meshes/manipulation/jaco/visual/kinova_actuator_gearing.dae
-- Installing: /home/movo_base/movobase_ws/install/movo_description/share/movo_description/meshes/manipulation/jaco/visual/shoulder.dae
-- Installing: /home/movo_base/movobase_ws/install/movo_description/share/movo_description/meshes/manipulation/jaco/visual/wrist_spherical_1.dae
-- Installing: /home/movo_base/movobase_ws/install/movo_description/share/movo_description/meshes/manipulation/jaco/visual/forearm.dae
-- Installing: /home/movo_base/movobase_ws/install/movo_description/share/movo_description/meshes/manipulation/jaco/visual/arm_half_2.dae
-- Installing: /home/movo_base/movobase_ws/install/movo_description/share/movo_description/meshes/manipulation/jaco/visual/wrist_2.dae
-- Installing: /home/movo_base/movobase_ws/install/movo_description/share/movo_description/meshes/manipulation/jaco/visual/base_7dof.dae
-- Installing: /home/movo_base/movobase_ws/install/movo_description/share/movo_description/meshes/manipulation/jaco/visual/upper_arm.dae
-- Installing: /home/movo_base/movobase_ws/install/movo_description/share/movo_description/meshes/manipulation/jaco/visual/shoulder_7dof.dae
-- Installing: /home/movo_base/movobase_ws/install/movo_description/share/movo_description/meshes/manipulation/jaco/visual/base.dae
-- Installing: /home/movo_base/movobase_ws/install/movo_description/share/movo_description/meshes/manipulation/jaco/visual/wrist_spherical_2.dae
-- Installing: /home/movo_base/movobase_ws/install/movo_description/share/movo_description/meshes/manipulation/kinova_grippers
-- Installing: /home/movo_base/movobase_ws/install/movo_description/share/movo_description/meshes/manipulation/kinova_grippers/collision
-- Installing: /home/movo_base/movobase_ws/install/movo_description/share/movo_description/meshes/manipulation/kinova_grippers/collision/finger_knuckle.stl
-- Installing: /home/movo_base/movobase_ws/install/movo_description/share/movo_description/meshes/manipulation/kinova_grippers/collision/kg2_base_link.stl
-- Installing: /home/movo_base/movobase_ws/install/movo_description/share/movo_description/meshes/manipulation/kinova_grippers/collision/finger_tip.stl
-- Installing: /home/movo_base/movobase_ws/install/movo_description/share/movo_description/meshes/manipulation/kinova_grippers/collision/kg3_base_link.stl
-- Installing: /home/movo_base/movobase_ws/install/movo_description/share/movo_description/meshes/manipulation/kinova_grippers/visual
-- Installing: /home/movo_base/movobase_ws/install/movo_description/share/movo_description/meshes/manipulation/kinova_grippers/visual/finger_knuckle.dae
-- Installing: /home/movo_base/movobase_ws/install/movo_description/share/movo_description/meshes/manipulation/kinova_grippers/visual/kg2_base_link.dae
-- Installing: /home/movo_base/movobase_ws/install/movo_description/share/movo_description/meshes/manipulation/kinova_grippers/visual/finger_tip.dae
-- Installing: /home/movo_base/movobase_ws/install/movo_description/share/movo_description/meshes/manipulation/kinova_grippers/visual/kg3_base_link.dae
-- Installing: /home/movo_base/movobase_ws/install/movo_description/share/movo_description/meshes/pan_tilt
-- Installing: /home/movo_base/movobase_ws/install/movo_description/share/movo_description/meshes/pan_tilt/collision
-- Installing: /home/movo_base/movobase_ws/install/movo_description/share/movo_description/meshes/pan_tilt/collision/tilt_link.stl
-- Installing: /home/movo_base/movobase_ws/install/movo_description/share/movo_description/meshes/pan_tilt/collision/pan_link.stl
-- Installing: /home/movo_base/movobase_ws/install/movo_description/share/movo_description/meshes/pan_tilt/collision/pan_tilt_base.stl
-- Installing: /home/movo_base/movobase_ws/install/movo_description/share/movo_description/meshes/pan_tilt/visual
-- Installing: /home/movo_base/movobase_ws/install/movo_description/share/movo_description/meshes/pan_tilt/visual/pan_link.dae
-- Installing: /home/movo_base/movobase_ws/install/movo_description/share/movo_description/meshes/pan_tilt/visual/pan_tilt_base.dae
-- Installing: /home/movo_base/movobase_ws/install/movo_description/share/movo_description/meshes/pan_tilt/visual/tilt_link.dae
-- Installing: /home/movo_base/movobase_ws/install/movo_description/share/movo_description/meshes/movo_components
-- Installing: /home/movo_base/movobase_ws/install/movo_description/share/movo_description/meshes/movo_components/collision
-- Installing: /home/movo_base/movobase_ws/install/movo_description/share/movo_description/meshes/movo_components/collision/movo_fixed_body_collision.stl
-- Installing: /home/movo_base/movobase_ws/install/movo_description/share/movo_description/meshes/movo_components/collision/movo_upper_body_collision.stl
-- Installing: /home/movo_base/movobase_ws/install/movo_description/share/movo_description/meshes/movo_components/collision/vector_base_collision.stl
-- Installing: /home/movo_base/movobase_ws/install/movo_description/share/movo_description/meshes/movo_components/visual
-- Installing: /home/movo_base/movobase_ws/install/movo_description/share/movo_description/meshes/movo_components/visual/vector_base.dae
-- Installing: /home/movo_base/movobase_ws/install/movo_description/share/movo_description/meshes/movo_components/visual/movo_moving_payload.dae
-- Installing: /home/movo_base/movobase_ws/install/movo_description/share/movo_description/meshes/movo_components/visual/movo_fixed_payload.dae
-- Installing: /home/movo_base/movobase_ws/install/movo_description/share/movo_description/meshes/sensors
-- Installing: /home/movo_base/movobase_ws/install/movo_description/share/movo_description/meshes/sensors/collision
-- Installing: /home/movo_base/movobase_ws/install/movo_description/share/movo_description/meshes/sensors/collision/kinect_one_raw_shape_collision.STL
-- Installing: /home/movo_base/movobase_ws/install/movo_description/share/movo_description/meshes/sensors/collision/kinect_one_collision.stl
-- Installing: /home/movo_base/movobase_ws/install/movo_description/share/movo_description/meshes/sensors/visual
-- Installing: /home/movo_base/movobase_ws/install/movo_description/share/movo_description/meshes/sensors/visual/sick_tim.dae
-- Installing: /home/movo_base/movobase_ws/install/movo_description/share/movo_description/meshes/sensors/visual/kinect_one.dae
-- Installing: /home/movo_base/movobase_ws/install/movo_description/share/movo_description/meshes/movo_body
-- Installing: /home/movo_base/movobase_ws/install/movo_description/share/movo_description/meshes/movo_body/movo_mid_body.dae
-- Installing: /home/movo_base/movobase_ws/install/movo_description/share/movo_description/meshes/movo_body/movo_upper_body.dae
-- Installing: /home/movo_base/movobase_ws/install/movo_description/share/movo_description/meshes/movo_body/movo_lower_body.dae
-- Installing: /home/movo_base/movobase_ws/install/movo_description/share/movo_description/launch
-- Installing: /home/movo_base/movobase_ws/install/movo_description/share/movo_description/launch/display.launch.py
-- Installing: /home/movo_base/movobase_ws/install/movo_description/share/ament_index/resource_index/package_run_dependencies/movo_description
-- Installing: /home/movo_base/movobase_ws/install/movo_description/share/ament_index/resource_index/parent_prefix_path/movo_description
-- Installing: /home/movo_base/movobase_ws/install/movo_description/share/movo_description/environment/ament_prefix_path.sh
-- Installing: /home/movo_base/movobase_ws/install/movo_description/share/movo_description/environment/ament_prefix_path.dsv
-- Installing: /home/movo_base/movobase_ws/install/movo_description/share/movo_description/environment/path.sh
-- Installing: /home/movo_base/movobase_ws/install/movo_description/share/movo_description/environment/path.dsv
-- Installing: /home/movo_base/movobase_ws/install/movo_description/share/movo_description/local_setup.bash
-- Installing: /home/movo_base/movobase_ws/install/movo_description/share/movo_description/local_setup.sh
-- Installing: /home/movo_base/movobase_ws/install/movo_description/share/movo_description/local_setup.zsh
-- Installing: /home/movo_base/movobase_ws/install/movo_description/share/movo_description/local_setup.dsv
-- Installing: /home/movo_base/movobase_ws/install/movo_description/share/movo_description/package.dsv
-- Installing: /home/movo_base/movobase_ws/install/movo_description/share/ament_index/resource_index/packages/movo_description
-- Installing: /home/movo_base/movobase_ws/install/movo_description/share/movo_description/cmake/movo_descriptionConfig.cmake
-- Installing: /home/movo_base/movobase_ws/install/movo_description/share/movo_description/cmake/movo_descriptionConfig-version.cmake
-- Installing: /home/movo_base/movobase_ws/install/movo_description/share/movo_description/package.xml
