[0.109s] DEBUG:colcon:Command line arguments: ['/usr/bin/colcon', 'build', '--packages-select', 'sick_scan_xd']
[0.110s] DEBUG:colcon:Parsed command line arguments: Namespace(log_base=None, log_level=None, verb_name='build', build_base='build', install_base='install', merge_install=False, symlink_install=False, test_result_base=None, continue_on_error=False, executor='parallel', parallel_workers=4, event_handlers=None, ignore_user_meta=False, metas=['./colcon.meta'], base_paths=['.'], packages_ignore=None, packages_ignore_regex=None, paths=None, packages_up_to=None, packages_up_to_regex=None, packages_above=None, packages_above_and_dependencies=None, packages_above_depth=None, packages_select_by_dep=None, packages_skip_by_dep=None, packages_skip_up_to=None, packages_select_build_failed=False, packages_skip_build_finished=False, packages_select_test_failures=False, packages_skip_test_passed=False, packages_select=['sick_scan_xd'], packages_skip=None, packages_select_regex=None, packages_skip_regex=None, packages_start=None, packages_end=None, allow_overriding=[], cmake_args=None, cmake_target=None, cmake_target_skip_unavailable=False, cmake_clean_cache=False, cmake_clean_first=False, cmake_force_configure=False, ament_cmake_args=None, catkin_cmake_args=None, catkin_skip_building_tests=False, verb_parser=<colcon_defaults.argument_parser.defaults.DefaultArgumentsDecorator object at 0x7268c5b620e0>, verb_extension=<colcon_core.verb.build.BuildVerb object at 0x7268c5b1c3a0>, main=<bound method BuildVerb.main of <colcon_core.verb.build.BuildVerb object at 0x7268c5b1c3a0>>)
[0.287s] Level 1:colcon.colcon_core.package_discovery:discover_packages(colcon_meta) check parameters
[0.288s] Level 1:colcon.colcon_core.package_discovery:discover_packages(recursive) check parameters
[0.288s] Level 1:colcon.colcon_core.package_discovery:discover_packages(ignore) check parameters
[0.288s] Level 1:colcon.colcon_core.package_discovery:discover_packages(path) check parameters
[0.288s] Level 1:colcon.colcon_core.package_discovery:discover_packages(colcon_meta) discover
[0.288s] Level 1:colcon.colcon_core.package_discovery:discover_packages(recursive) discover
[0.288s] INFO:colcon.colcon_core.package_discovery:Crawling recursively for packages in '/home/movo_base/movobase_ws'
[0.288s] Level 1:colcon.colcon_core.package_identification:_identify(.) by extensions ['ignore', 'ignore_ament_install']
[0.288s] Level 1:colcon.colcon_core.package_identification:_identify(.) by extension 'ignore'
[0.288s] Level 1:colcon.colcon_core.package_identification:_identify(.) by extension 'ignore_ament_install'
[0.288s] Level 1:colcon.colcon_core.package_identification:_identify(.) by extensions ['colcon_pkg']
[0.288s] Level 1:colcon.colcon_core.package_identification:_identify(.) by extension 'colcon_pkg'
[0.288s] Level 1:colcon.colcon_core.package_identification:_identify(.) by extensions ['colcon_meta']
[0.288s] Level 1:colcon.colcon_core.package_identification:_identify(.) by extension 'colcon_meta'
[0.288s] Level 1:colcon.colcon_core.package_identification:_identify(.) by extensions ['ros']
[0.289s] Level 1:colcon.colcon_core.package_identification:_identify(.) by extension 'ros'
[0.299s] Level 1:colcon.colcon_core.package_identification:_identify(.) by extensions ['cmake', 'python']
[0.299s] Level 1:colcon.colcon_core.package_identification:_identify(.) by extension 'cmake'
[0.299s] Level 1:colcon.colcon_core.package_identification:_identify(.) by extension 'python'
[0.299s] Level 1:colcon.colcon_core.package_identification:_identify(.) by extensions ['python_setup_py']
[0.299s] Level 1:colcon.colcon_core.package_identification:_identify(.) by extension 'python_setup_py'
[0.299s] Level 1:colcon.colcon_core.package_identification:_identify(build) by extensions ['ignore', 'ignore_ament_install']
[0.300s] Level 1:colcon.colcon_core.package_identification:_identify(build) by extension 'ignore'
[0.300s] Level 1:colcon.colcon_core.package_identification:_identify(build) ignored
[0.300s] Level 1:colcon.colcon_core.package_identification:_identify(install) by extensions ['ignore', 'ignore_ament_install']
[0.300s] Level 1:colcon.colcon_core.package_identification:_identify(install) by extension 'ignore'
[0.300s] Level 1:colcon.colcon_core.package_identification:_identify(install) ignored
[0.300s] Level 1:colcon.colcon_core.package_identification:_identify(kinova-movo) by extensions ['ignore', 'ignore_ament_install']
[0.300s] Level 1:colcon.colcon_core.package_identification:_identify(kinova-movo) by extension 'ignore'
[0.301s] Level 1:colcon.colcon_core.package_identification:_identify(kinova-movo) ignored
[0.301s] Level 1:colcon.colcon_core.package_identification:_identify(log) by extensions ['ignore', 'ignore_ament_install']
[0.301s] Level 1:colcon.colcon_core.package_identification:_identify(log) by extension 'ignore'
[0.301s] Level 1:colcon.colcon_core.package_identification:_identify(log) ignored
[0.301s] Level 1:colcon.colcon_core.package_identification:_identify(src) by extensions ['ignore', 'ignore_ament_install']
[0.301s] Level 1:colcon.colcon_core.package_identification:_identify(src) by extension 'ignore'
[0.301s] Level 1:colcon.colcon_core.package_identification:_identify(src) by extension 'ignore_ament_install'
[0.301s] Level 1:colcon.colcon_core.package_identification:_identify(src) by extensions ['colcon_pkg']
[0.301s] Level 1:colcon.colcon_core.package_identification:_identify(src) by extension 'colcon_pkg'
[0.301s] Level 1:colcon.colcon_core.package_identification:_identify(src) by extensions ['colcon_meta']
[0.301s] Level 1:colcon.colcon_core.package_identification:_identify(src) by extension 'colcon_meta'
[0.302s] Level 1:colcon.colcon_core.package_identification:_identify(src) by extensions ['ros']
[0.302s] Level 1:colcon.colcon_core.package_identification:_identify(src) by extension 'ros'
[0.302s] Level 1:colcon.colcon_core.package_identification:_identify(src) by extensions ['cmake', 'python']
[0.302s] Level 1:colcon.colcon_core.package_identification:_identify(src) by extension 'cmake'
[0.302s] Level 1:colcon.colcon_core.package_identification:_identify(src) by extension 'python'
[0.302s] Level 1:colcon.colcon_core.package_identification:_identify(src) by extensions ['python_setup_py']
[0.302s] Level 1:colcon.colcon_core.package_identification:_identify(src) by extension 'python_setup_py'
[0.302s] Level 1:colcon.colcon_core.package_identification:_identify(src/backward_ros) by extensions ['ignore', 'ignore_ament_install']
[0.302s] Level 1:colcon.colcon_core.package_identification:_identify(src/backward_ros) by extension 'ignore'
[0.302s] Level 1:colcon.colcon_core.package_identification:_identify(src/backward_ros) by extension 'ignore_ament_install'
[0.302s] Level 1:colcon.colcon_core.package_identification:_identify(src/backward_ros) by extensions ['colcon_pkg']
[0.302s] Level 1:colcon.colcon_core.package_identification:_identify(src/backward_ros) by extension 'colcon_pkg'
[0.302s] Level 1:colcon.colcon_core.package_identification:_identify(src/backward_ros) by extensions ['colcon_meta']
[0.302s] Level 1:colcon.colcon_core.package_identification:_identify(src/backward_ros) by extension 'colcon_meta'
[0.303s] Level 1:colcon.colcon_core.package_identification:_identify(src/backward_ros) by extensions ['ros']
[0.303s] Level 1:colcon.colcon_core.package_identification:_identify(src/backward_ros) by extension 'ros'
[0.306s] DEBUG:colcon.colcon_core.package_identification:Package 'src/backward_ros' with type 'ros.cmake' and name 'backward_ros'
[0.306s] Level 1:colcon.colcon_core.package_identification:_identify(src/build) by extensions ['ignore', 'ignore_ament_install']
[0.306s] Level 1:colcon.colcon_core.package_identification:_identify(src/build) by extension 'ignore'
[0.306s] Level 1:colcon.colcon_core.package_identification:_identify(src/build) ignored
[0.307s] Level 1:colcon.colcon_core.package_identification:_identify(src/install) by extensions ['ignore', 'ignore_ament_install']
[0.307s] Level 1:colcon.colcon_core.package_identification:_identify(src/install) by extension 'ignore'
[0.307s] Level 1:colcon.colcon_core.package_identification:_identify(src/install) ignored
[0.307s] Level 1:colcon.colcon_core.package_identification:_identify(src/joy_to_twist) by extensions ['ignore', 'ignore_ament_install']
[0.307s] Level 1:colcon.colcon_core.package_identification:_identify(src/joy_to_twist) by extension 'ignore'
[0.307s] Level 1:colcon.colcon_core.package_identification:_identify(src/joy_to_twist) by extension 'ignore_ament_install'
[0.307s] Level 1:colcon.colcon_core.package_identification:_identify(src/joy_to_twist) by extensions ['colcon_pkg']
[0.307s] Level 1:colcon.colcon_core.package_identification:_identify(src/joy_to_twist) by extension 'colcon_pkg'
[0.307s] Level 1:colcon.colcon_core.package_identification:_identify(src/joy_to_twist) by extensions ['colcon_meta']
[0.307s] Level 1:colcon.colcon_core.package_identification:_identify(src/joy_to_twist) by extension 'colcon_meta'
[0.307s] Level 1:colcon.colcon_core.package_identification:_identify(src/joy_to_twist) by extensions ['ros']
[0.307s] Level 1:colcon.colcon_core.package_identification:_identify(src/joy_to_twist) by extension 'ros'
[0.308s] DEBUG:colcon.colcon_core.package_identification:Package 'src/joy_to_twist' with type 'ros.ament_python' and name 'joy_to_twist'
[0.308s] Level 1:colcon.colcon_core.package_identification:_identify(src/log) by extensions ['ignore', 'ignore_ament_install']
[0.309s] Level 1:colcon.colcon_core.package_identification:_identify(src/log) by extension 'ignore'
[0.309s] Level 1:colcon.colcon_core.package_identification:_identify(src/log) ignored
[0.309s] Level 1:colcon.colcon_core.package_identification:_identify(src/movo_base_motor_control) by extensions ['ignore', 'ignore_ament_install']
[0.309s] Level 1:colcon.colcon_core.package_identification:_identify(src/movo_base_motor_control) by extension 'ignore'
[0.309s] Level 1:colcon.colcon_core.package_identification:_identify(src/movo_base_motor_control) by extension 'ignore_ament_install'
[0.309s] Level 1:colcon.colcon_core.package_identification:_identify(src/movo_base_motor_control) by extensions ['colcon_pkg']
[0.309s] Level 1:colcon.colcon_core.package_identification:_identify(src/movo_base_motor_control) by extension 'colcon_pkg'
[0.309s] Level 1:colcon.colcon_core.package_identification:_identify(src/movo_base_motor_control) by extensions ['colcon_meta']
[0.309s] Level 1:colcon.colcon_core.package_identification:_identify(src/movo_base_motor_control) by extension 'colcon_meta'
[0.309s] Level 1:colcon.colcon_core.package_identification:_identify(src/movo_base_motor_control) by extensions ['ros']
[0.309s] Level 1:colcon.colcon_core.package_identification:_identify(src/movo_base_motor_control) by extension 'ros'
[0.310s] DEBUG:colcon.colcon_core.package_identification:Package 'src/movo_base_motor_control' with type 'ros.ament_python' and name 'movo_base_motor_control'
[0.311s] Level 1:colcon.colcon_core.package_identification:_identify(src/movo_description) by extensions ['ignore', 'ignore_ament_install']
[0.311s] Level 1:colcon.colcon_core.package_identification:_identify(src/movo_description) by extension 'ignore'
[0.311s] Level 1:colcon.colcon_core.package_identification:_identify(src/movo_description) by extension 'ignore_ament_install'
[0.311s] Level 1:colcon.colcon_core.package_identification:_identify(src/movo_description) by extensions ['colcon_pkg']
[0.311s] Level 1:colcon.colcon_core.package_identification:_identify(src/movo_description) by extension 'colcon_pkg'
[0.311s] Level 1:colcon.colcon_core.package_identification:_identify(src/movo_description) by extensions ['colcon_meta']
[0.311s] Level 1:colcon.colcon_core.package_identification:_identify(src/movo_description) by extension 'colcon_meta'
[0.311s] Level 1:colcon.colcon_core.package_identification:_identify(src/movo_description) by extensions ['ros']
[0.311s] Level 1:colcon.colcon_core.package_identification:_identify(src/movo_description) by extension 'ros'
[0.312s] DEBUG:colcon.colcon_core.package_identification:Package 'src/movo_description' with type 'ros.ament_cmake' and name 'movo_description'
[0.312s] Level 1:colcon.colcon_core.package_identification:_identify(src/movo_nav) by extensions ['ignore', 'ignore_ament_install']
[0.312s] Level 1:colcon.colcon_core.package_identification:_identify(src/movo_nav) by extension 'ignore'
[0.312s] Level 1:colcon.colcon_core.package_identification:_identify(src/movo_nav) by extension 'ignore_ament_install'
[0.312s] Level 1:colcon.colcon_core.package_identification:_identify(src/movo_nav) by extensions ['colcon_pkg']
[0.313s] Level 1:colcon.colcon_core.package_identification:_identify(src/movo_nav) by extension 'colcon_pkg'
[0.313s] Level 1:colcon.colcon_core.package_identification:_identify(src/movo_nav) by extensions ['colcon_meta']
[0.313s] Level 1:colcon.colcon_core.package_identification:_identify(src/movo_nav) by extension 'colcon_meta'
[0.313s] Level 1:colcon.colcon_core.package_identification:_identify(src/movo_nav) by extensions ['ros']
[0.313s] Level 1:colcon.colcon_core.package_identification:_identify(src/movo_nav) by extension 'ros'
[0.314s] DEBUG:colcon.colcon_core.package_identification:Package 'src/movo_nav' with type 'ros.ament_python' and name 'movo_nav'
[0.314s] Level 1:colcon.colcon_core.package_identification:_identify(src/omni_wheel_controller_sample) by extensions ['ignore', 'ignore_ament_install']
[0.314s] Level 1:colcon.colcon_core.package_identification:_identify(src/omni_wheel_controller_sample) by extension 'ignore'
[0.314s] Level 1:colcon.colcon_core.package_identification:_identify(src/omni_wheel_controller_sample) by extension 'ignore_ament_install'
[0.314s] Level 1:colcon.colcon_core.package_identification:_identify(src/omni_wheel_controller_sample) by extensions ['colcon_pkg']
[0.314s] Level 1:colcon.colcon_core.package_identification:_identify(src/omni_wheel_controller_sample) by extension 'colcon_pkg'
[0.314s] Level 1:colcon.colcon_core.package_identification:_identify(src/omni_wheel_controller_sample) by extensions ['colcon_meta']
[0.314s] Level 1:colcon.colcon_core.package_identification:_identify(src/omni_wheel_controller_sample) by extension 'colcon_meta'
[0.314s] Level 1:colcon.colcon_core.package_identification:_identify(src/omni_wheel_controller_sample) by extensions ['ros']
[0.314s] Level 1:colcon.colcon_core.package_identification:_identify(src/omni_wheel_controller_sample) by extension 'ros'
[0.315s] Level 1:colcon.colcon_core.package_identification:_identify(src/omni_wheel_controller_sample) by extensions ['cmake', 'python']
[0.315s] Level 1:colcon.colcon_core.package_identification:_identify(src/omni_wheel_controller_sample) by extension 'cmake'
[0.315s] Level 1:colcon.colcon_core.package_identification:_identify(src/omni_wheel_controller_sample) by extension 'python'
[0.315s] Level 1:colcon.colcon_core.package_identification:_identify(src/omni_wheel_controller_sample) by extensions ['python_setup_py']
[0.315s] Level 1:colcon.colcon_core.package_identification:_identify(src/omni_wheel_controller_sample) by extension 'python_setup_py'
[0.315s] Level 1:colcon.colcon_core.package_identification:_identify(src/omni_wheel_controller_sample/gz_ros2_control) by extensions ['ignore', 'ignore_ament_install']
[0.315s] Level 1:colcon.colcon_core.package_identification:_identify(src/omni_wheel_controller_sample/gz_ros2_control) by extension 'ignore'
[0.315s] Level 1:colcon.colcon_core.package_identification:_identify(src/omni_wheel_controller_sample/gz_ros2_control) by extension 'ignore_ament_install'
[0.315s] Level 1:colcon.colcon_core.package_identification:_identify(src/omni_wheel_controller_sample/gz_ros2_control) by extensions ['colcon_pkg']
[0.315s] Level 1:colcon.colcon_core.package_identification:_identify(src/omni_wheel_controller_sample/gz_ros2_control) by extension 'colcon_pkg'
[0.315s] Level 1:colcon.colcon_core.package_identification:_identify(src/omni_wheel_controller_sample/gz_ros2_control) by extensions ['colcon_meta']
[0.315s] Level 1:colcon.colcon_core.package_identification:_identify(src/omni_wheel_controller_sample/gz_ros2_control) by extension 'colcon_meta'
[0.316s] Level 1:colcon.colcon_core.package_identification:_identify(src/omni_wheel_controller_sample/gz_ros2_control) by extensions ['ros']
[0.316s] Level 1:colcon.colcon_core.package_identification:_identify(src/omni_wheel_controller_sample/gz_ros2_control) by extension 'ros'
[0.316s] Level 1:colcon.colcon_core.package_identification:_identify(src/omni_wheel_controller_sample/gz_ros2_control) by extensions ['cmake', 'python']
[0.316s] Level 1:colcon.colcon_core.package_identification:_identify(src/omni_wheel_controller_sample/gz_ros2_control) by extension 'cmake'
[0.316s] Level 1:colcon.colcon_core.package_identification:_identify(src/omni_wheel_controller_sample/gz_ros2_control) by extension 'python'
[0.316s] Level 1:colcon.colcon_core.package_identification:_identify(src/omni_wheel_controller_sample/gz_ros2_control) by extensions ['python_setup_py']
[0.316s] Level 1:colcon.colcon_core.package_identification:_identify(src/omni_wheel_controller_sample/gz_ros2_control) by extension 'python_setup_py'
[0.316s] Level 1:colcon.colcon_core.package_identification:_identify(src/omni_wheel_controller_sample/gz_ros2_control/Dockerfile) by extensions ['ignore', 'ignore_ament_install']
[0.316s] Level 1:colcon.colcon_core.package_identification:_identify(src/omni_wheel_controller_sample/gz_ros2_control/Dockerfile) by extension 'ignore'
[0.316s] Level 1:colcon.colcon_core.package_identification:_identify(src/omni_wheel_controller_sample/gz_ros2_control/Dockerfile) by extension 'ignore_ament_install'
[0.316s] Level 1:colcon.colcon_core.package_identification:_identify(src/omni_wheel_controller_sample/gz_ros2_control/Dockerfile) by extensions ['colcon_pkg']
[0.316s] Level 1:colcon.colcon_core.package_identification:_identify(src/omni_wheel_controller_sample/gz_ros2_control/Dockerfile) by extension 'colcon_pkg'
[0.317s] Level 1:colcon.colcon_core.package_identification:_identify(src/omni_wheel_controller_sample/gz_ros2_control/Dockerfile) by extensions ['colcon_meta']
[0.317s] Level 1:colcon.colcon_core.package_identification:_identify(src/omni_wheel_controller_sample/gz_ros2_control/Dockerfile) by extension 'colcon_meta'
[0.317s] Level 1:colcon.colcon_core.package_identification:_identify(src/omni_wheel_controller_sample/gz_ros2_control/Dockerfile) by extensions ['ros']
[0.317s] Level 1:colcon.colcon_core.package_identification:_identify(src/omni_wheel_controller_sample/gz_ros2_control/Dockerfile) by extension 'ros'
[0.317s] Level 1:colcon.colcon_core.package_identification:_identify(src/omni_wheel_controller_sample/gz_ros2_control/Dockerfile) by extensions ['cmake', 'python']
[0.317s] Level 1:colcon.colcon_core.package_identification:_identify(src/omni_wheel_controller_sample/gz_ros2_control/Dockerfile) by extension 'cmake'
[0.317s] Level 1:colcon.colcon_core.package_identification:_identify(src/omni_wheel_controller_sample/gz_ros2_control/Dockerfile) by extension 'python'
[0.317s] Level 1:colcon.colcon_core.package_identification:_identify(src/omni_wheel_controller_sample/gz_ros2_control/Dockerfile) by extensions ['python_setup_py']
[0.317s] Level 1:colcon.colcon_core.package_identification:_identify(src/omni_wheel_controller_sample/gz_ros2_control/Dockerfile) by extension 'python_setup_py'
[0.317s] Level 1:colcon.colcon_core.package_identification:_identify(src/omni_wheel_controller_sample/gz_ros2_control/doc) by extensions ['ignore', 'ignore_ament_install']
[0.317s] Level 1:colcon.colcon_core.package_identification:_identify(src/omni_wheel_controller_sample/gz_ros2_control/doc) by extension 'ignore'
[0.317s] Level 1:colcon.colcon_core.package_identification:_identify(src/omni_wheel_controller_sample/gz_ros2_control/doc) by extension 'ignore_ament_install'
[0.317s] Level 1:colcon.colcon_core.package_identification:_identify(src/omni_wheel_controller_sample/gz_ros2_control/doc) by extensions ['colcon_pkg']
[0.317s] Level 1:colcon.colcon_core.package_identification:_identify(src/omni_wheel_controller_sample/gz_ros2_control/doc) by extension 'colcon_pkg'
[0.318s] Level 1:colcon.colcon_core.package_identification:_identify(src/omni_wheel_controller_sample/gz_ros2_control/doc) by extensions ['colcon_meta']
[0.318s] Level 1:colcon.colcon_core.package_identification:_identify(src/omni_wheel_controller_sample/gz_ros2_control/doc) by extension 'colcon_meta'
[0.318s] Level 1:colcon.colcon_core.package_identification:_identify(src/omni_wheel_controller_sample/gz_ros2_control/doc) by extensions ['ros']
[0.318s] Level 1:colcon.colcon_core.package_identification:_identify(src/omni_wheel_controller_sample/gz_ros2_control/doc) by extension 'ros'
[0.318s] Level 1:colcon.colcon_core.package_identification:_identify(src/omni_wheel_controller_sample/gz_ros2_control/doc) by extensions ['cmake', 'python']
[0.318s] Level 1:colcon.colcon_core.package_identification:_identify(src/omni_wheel_controller_sample/gz_ros2_control/doc) by extension 'cmake'
[0.318s] Level 1:colcon.colcon_core.package_identification:_identify(src/omni_wheel_controller_sample/gz_ros2_control/doc) by extension 'python'
[0.318s] Level 1:colcon.colcon_core.package_identification:_identify(src/omni_wheel_controller_sample/gz_ros2_control/doc) by extensions ['python_setup_py']
[0.318s] Level 1:colcon.colcon_core.package_identification:_identify(src/omni_wheel_controller_sample/gz_ros2_control/doc) by extension 'python_setup_py'
[0.318s] Level 1:colcon.colcon_core.package_identification:_identify(src/omni_wheel_controller_sample/gz_ros2_control/doc/img) by extensions ['ignore', 'ignore_ament_install']
[0.318s] Level 1:colcon.colcon_core.package_identification:_identify(src/omni_wheel_controller_sample/gz_ros2_control/doc/img) by extension 'ignore'
[0.318s] Level 1:colcon.colcon_core.package_identification:_identify(src/omni_wheel_controller_sample/gz_ros2_control/doc/img) by extension 'ignore_ament_install'
[0.319s] Level 1:colcon.colcon_core.package_identification:_identify(src/omni_wheel_controller_sample/gz_ros2_control/doc/img) by extensions ['colcon_pkg']
[0.319s] Level 1:colcon.colcon_core.package_identification:_identify(src/omni_wheel_controller_sample/gz_ros2_control/doc/img) by extension 'colcon_pkg'
[0.319s] Level 1:colcon.colcon_core.package_identification:_identify(src/omni_wheel_controller_sample/gz_ros2_control/doc/img) by extensions ['colcon_meta']
[0.319s] Level 1:colcon.colcon_core.package_identification:_identify(src/omni_wheel_controller_sample/gz_ros2_control/doc/img) by extension 'colcon_meta'
[0.319s] Level 1:colcon.colcon_core.package_identification:_identify(src/omni_wheel_controller_sample/gz_ros2_control/doc/img) by extensions ['ros']
[0.319s] Level 1:colcon.colcon_core.package_identification:_identify(src/omni_wheel_controller_sample/gz_ros2_control/doc/img) by extension 'ros'
[0.319s] Level 1:colcon.colcon_core.package_identification:_identify(src/omni_wheel_controller_sample/gz_ros2_control/doc/img) by extensions ['cmake', 'python']
[0.319s] Level 1:colcon.colcon_core.package_identification:_identify(src/omni_wheel_controller_sample/gz_ros2_control/doc/img) by extension 'cmake'
[0.319s] Level 1:colcon.colcon_core.package_identification:_identify(src/omni_wheel_controller_sample/gz_ros2_control/doc/img) by extension 'python'
[0.319s] Level 1:colcon.colcon_core.package_identification:_identify(src/omni_wheel_controller_sample/gz_ros2_control/doc/img) by extensions ['python_setup_py']
[0.319s] Level 1:colcon.colcon_core.package_identification:_identify(src/omni_wheel_controller_sample/gz_ros2_control/doc/img) by extension 'python_setup_py'
[0.319s] Level 1:colcon.colcon_core.package_identification:_identify(src/omni_wheel_controller_sample/gz_ros2_control/gz_ros2_control_tests) by extensions ['ignore', 'ignore_ament_install']
[0.319s] Level 1:colcon.colcon_core.package_identification:_identify(src/omni_wheel_controller_sample/gz_ros2_control/gz_ros2_control_tests) by extension 'ignore'
[0.320s] Level 1:colcon.colcon_core.package_identification:_identify(src/omni_wheel_controller_sample/gz_ros2_control/gz_ros2_control_tests) by extension 'ignore_ament_install'
[0.320s] Level 1:colcon.colcon_core.package_identification:_identify(src/omni_wheel_controller_sample/gz_ros2_control/gz_ros2_control_tests) by extensions ['colcon_pkg']
[0.320s] Level 1:colcon.colcon_core.package_identification:_identify(src/omni_wheel_controller_sample/gz_ros2_control/gz_ros2_control_tests) by extension 'colcon_pkg'
[0.320s] Level 1:colcon.colcon_core.package_identification:_identify(src/omni_wheel_controller_sample/gz_ros2_control/gz_ros2_control_tests) by extensions ['colcon_meta']
[0.320s] Level 1:colcon.colcon_core.package_identification:_identify(src/omni_wheel_controller_sample/gz_ros2_control/gz_ros2_control_tests) by extension 'colcon_meta'
[0.320s] Level 1:colcon.colcon_core.package_identification:_identify(src/omni_wheel_controller_sample/gz_ros2_control/gz_ros2_control_tests) by extensions ['ros']
[0.320s] Level 1:colcon.colcon_core.package_identification:_identify(src/omni_wheel_controller_sample/gz_ros2_control/gz_ros2_control_tests) by extension 'ros'
[0.325s] DEBUG:colcon.colcon_core.package_identification:Package 'src/omni_wheel_controller_sample/gz_ros2_control/gz_ros2_control_tests' with type 'ros.ament_cmake' and name 'gz_ros2_control_tests'
[0.325s] Level 1:colcon.colcon_core.package_identification:_identify(src/omni_wheel_controller_sample/gz_ros2_control/ign_ros2_control) by extensions ['ignore', 'ignore_ament_install']
[0.325s] Level 1:colcon.colcon_core.package_identification:_identify(src/omni_wheel_controller_sample/gz_ros2_control/ign_ros2_control) by extension 'ignore'
[0.325s] Level 1:colcon.colcon_core.package_identification:_identify(src/omni_wheel_controller_sample/gz_ros2_control/ign_ros2_control) by extension 'ignore_ament_install'
[0.325s] Level 1:colcon.colcon_core.package_identification:_identify(src/omni_wheel_controller_sample/gz_ros2_control/ign_ros2_control) by extensions ['colcon_pkg']
[0.325s] Level 1:colcon.colcon_core.package_identification:_identify(src/omni_wheel_controller_sample/gz_ros2_control/ign_ros2_control) by extension 'colcon_pkg'
[0.325s] Level 1:colcon.colcon_core.package_identification:_identify(src/omni_wheel_controller_sample/gz_ros2_control/ign_ros2_control) by extensions ['colcon_meta']
[0.325s] Level 1:colcon.colcon_core.package_identification:_identify(src/omni_wheel_controller_sample/gz_ros2_control/ign_ros2_control) by extension 'colcon_meta'
[0.325s] Level 1:colcon.colcon_core.package_identification:_identify(src/omni_wheel_controller_sample/gz_ros2_control/ign_ros2_control) by extensions ['ros']
[0.325s] Level 1:colcon.colcon_core.package_identification:_identify(src/omni_wheel_controller_sample/gz_ros2_control/ign_ros2_control) by extension 'ros'
[0.339s] DEBUG:colcon.colcon_core.package_identification:Package 'src/omni_wheel_controller_sample/gz_ros2_control/ign_ros2_control' with type 'ros.ament_cmake' and name 'ign_ros2_control'
[0.339s] Level 1:colcon.colcon_core.package_identification:_identify(src/omni_wheel_controller_sample/gz_ros2_control/ign_ros2_control_demos) by extensions ['ignore', 'ignore_ament_install']
[0.340s] Level 1:colcon.colcon_core.package_identification:_identify(src/omni_wheel_controller_sample/gz_ros2_control/ign_ros2_control_demos) by extension 'ignore'
[0.341s] Level 1:colcon.colcon_core.package_identification:_identify(src/omni_wheel_controller_sample/gz_ros2_control/ign_ros2_control_demos) by extension 'ignore_ament_install'
[0.341s] Level 1:colcon.colcon_core.package_identification:_identify(src/omni_wheel_controller_sample/gz_ros2_control/ign_ros2_control_demos) by extensions ['colcon_pkg']
[0.342s] Level 1:colcon.colcon_core.package_identification:_identify(src/omni_wheel_controller_sample/gz_ros2_control/ign_ros2_control_demos) by extension 'colcon_pkg'
[0.342s] Level 1:colcon.colcon_core.package_identification:_identify(src/omni_wheel_controller_sample/gz_ros2_control/ign_ros2_control_demos) by extensions ['colcon_meta']
[0.342s] Level 1:colcon.colcon_core.package_identification:_identify(src/omni_wheel_controller_sample/gz_ros2_control/ign_ros2_control_demos) by extension 'colcon_meta'
[0.342s] Level 1:colcon.colcon_core.package_identification:_identify(src/omni_wheel_controller_sample/gz_ros2_control/ign_ros2_control_demos) by extensions ['ros']
[0.342s] Level 1:colcon.colcon_core.package_identification:_identify(src/omni_wheel_controller_sample/gz_ros2_control/ign_ros2_control_demos) by extension 'ros'
[0.344s] DEBUG:colcon.colcon_core.package_identification:Package 'src/omni_wheel_controller_sample/gz_ros2_control/ign_ros2_control_demos' with type 'ros.ament_cmake' and name 'ign_ros2_control_demos'
[0.344s] Level 1:colcon.colcon_core.package_identification:_identify(src/omni_wheel_controller_sample/omni_wheel_controller) by extensions ['ignore', 'ignore_ament_install']
[0.344s] Level 1:colcon.colcon_core.package_identification:_identify(src/omni_wheel_controller_sample/omni_wheel_controller) by extension 'ignore'
[0.344s] Level 1:colcon.colcon_core.package_identification:_identify(src/omni_wheel_controller_sample/omni_wheel_controller) by extension 'ignore_ament_install'
[0.344s] Level 1:colcon.colcon_core.package_identification:_identify(src/omni_wheel_controller_sample/omni_wheel_controller) by extensions ['colcon_pkg']
[0.344s] Level 1:colcon.colcon_core.package_identification:_identify(src/omni_wheel_controller_sample/omni_wheel_controller) by extension 'colcon_pkg'
[0.344s] Level 1:colcon.colcon_core.package_identification:_identify(src/omni_wheel_controller_sample/omni_wheel_controller) by extensions ['colcon_meta']
[0.344s] Level 1:colcon.colcon_core.package_identification:_identify(src/omni_wheel_controller_sample/omni_wheel_controller) by extension 'colcon_meta'
[0.345s] Level 1:colcon.colcon_core.package_identification:_identify(src/omni_wheel_controller_sample/omni_wheel_controller) by extensions ['ros']
[0.345s] Level 1:colcon.colcon_core.package_identification:_identify(src/omni_wheel_controller_sample/omni_wheel_controller) by extension 'ros'
[0.346s] DEBUG:colcon.colcon_core.package_identification:Package 'src/omni_wheel_controller_sample/omni_wheel_controller' with type 'ros.ament_cmake' and name 'omni_wheel_controller'
[0.346s] Level 1:colcon.colcon_core.package_identification:_identify(src/omni_wheel_controller_sample/sample_robot_description) by extensions ['ignore', 'ignore_ament_install']
[0.346s] Level 1:colcon.colcon_core.package_identification:_identify(src/omni_wheel_controller_sample/sample_robot_description) by extension 'ignore'
[0.346s] Level 1:colcon.colcon_core.package_identification:_identify(src/omni_wheel_controller_sample/sample_robot_description) by extension 'ignore_ament_install'
[0.347s] Level 1:colcon.colcon_core.package_identification:_identify(src/omni_wheel_controller_sample/sample_robot_description) by extensions ['colcon_pkg']
[0.347s] Level 1:colcon.colcon_core.package_identification:_identify(src/omni_wheel_controller_sample/sample_robot_description) by extension 'colcon_pkg'
[0.347s] Level 1:colcon.colcon_core.package_identification:_identify(src/omni_wheel_controller_sample/sample_robot_description) by extensions ['colcon_meta']
[0.347s] Level 1:colcon.colcon_core.package_identification:_identify(src/omni_wheel_controller_sample/sample_robot_description) by extension 'colcon_meta'
[0.347s] Level 1:colcon.colcon_core.package_identification:_identify(src/omni_wheel_controller_sample/sample_robot_description) by extensions ['ros']
[0.347s] Level 1:colcon.colcon_core.package_identification:_identify(src/omni_wheel_controller_sample/sample_robot_description) by extension 'ros'
[0.348s] DEBUG:colcon.colcon_core.package_identification:Package 'src/omni_wheel_controller_sample/sample_robot_description' with type 'ros.ament_cmake' and name 'sample_robot_description'
[0.348s] Level 1:colcon.colcon_core.package_identification:_identify(src/omni_wheel_controller_sample/sample_robot_sim) by extensions ['ignore', 'ignore_ament_install']
[0.348s] Level 1:colcon.colcon_core.package_identification:_identify(src/omni_wheel_controller_sample/sample_robot_sim) by extension 'ignore'
[0.348s] Level 1:colcon.colcon_core.package_identification:_identify(src/omni_wheel_controller_sample/sample_robot_sim) by extension 'ignore_ament_install'
[0.348s] Level 1:colcon.colcon_core.package_identification:_identify(src/omni_wheel_controller_sample/sample_robot_sim) by extensions ['colcon_pkg']
[0.348s] Level 1:colcon.colcon_core.package_identification:_identify(src/omni_wheel_controller_sample/sample_robot_sim) by extension 'colcon_pkg'
[0.348s] Level 1:colcon.colcon_core.package_identification:_identify(src/omni_wheel_controller_sample/sample_robot_sim) by extensions ['colcon_meta']
[0.348s] Level 1:colcon.colcon_core.package_identification:_identify(src/omni_wheel_controller_sample/sample_robot_sim) by extension 'colcon_meta'
[0.348s] Level 1:colcon.colcon_core.package_identification:_identify(src/omni_wheel_controller_sample/sample_robot_sim) by extensions ['ros']
[0.348s] Level 1:colcon.colcon_core.package_identification:_identify(src/omni_wheel_controller_sample/sample_robot_sim) by extension 'ros'
[0.349s] DEBUG:colcon.colcon_core.package_identification:Package 'src/omni_wheel_controller_sample/sample_robot_sim' with type 'ros.ament_cmake' and name 'sample_robot_sim'
[0.349s] Level 1:colcon.colcon_core.package_identification:_identify(src/omni_wheel_controller_sample/velocity_pub) by extensions ['ignore', 'ignore_ament_install']
[0.349s] Level 1:colcon.colcon_core.package_identification:_identify(src/omni_wheel_controller_sample/velocity_pub) by extension 'ignore'
[0.349s] Level 1:colcon.colcon_core.package_identification:_identify(src/omni_wheel_controller_sample/velocity_pub) by extension 'ignore_ament_install'
[0.350s] Level 1:colcon.colcon_core.package_identification:_identify(src/omni_wheel_controller_sample/velocity_pub) by extensions ['colcon_pkg']
[0.350s] Level 1:colcon.colcon_core.package_identification:_identify(src/omni_wheel_controller_sample/velocity_pub) by extension 'colcon_pkg'
[0.350s] Level 1:colcon.colcon_core.package_identification:_identify(src/omni_wheel_controller_sample/velocity_pub) by extensions ['colcon_meta']
[0.350s] Level 1:colcon.colcon_core.package_identification:_identify(src/omni_wheel_controller_sample/velocity_pub) by extension 'colcon_meta'
[0.350s] Level 1:colcon.colcon_core.package_identification:_identify(src/omni_wheel_controller_sample/velocity_pub) by extensions ['ros']
[0.350s] Level 1:colcon.colcon_core.package_identification:_identify(src/omni_wheel_controller_sample/velocity_pub) by extension 'ros'
[0.350s] DEBUG:colcon.colcon_core.package_identification:Package 'src/omni_wheel_controller_sample/velocity_pub' with type 'ros.ament_cmake' and name 'velocity_pub'
[0.351s] Level 1:colcon.colcon_core.package_identification:_identify(src/realsense-ros) by extensions ['ignore', 'ignore_ament_install']
[0.351s] Level 1:colcon.colcon_core.package_identification:_identify(src/realsense-ros) by extension 'ignore'
[0.351s] Level 1:colcon.colcon_core.package_identification:_identify(src/realsense-ros) by extension 'ignore_ament_install'
[0.351s] Level 1:colcon.colcon_core.package_identification:_identify(src/realsense-ros) by extensions ['colcon_pkg']
[0.351s] Level 1:colcon.colcon_core.package_identification:_identify(src/realsense-ros) by extension 'colcon_pkg'
[0.351s] Level 1:colcon.colcon_core.package_identification:_identify(src/realsense-ros) by extensions ['colcon_meta']
[0.351s] Level 1:colcon.colcon_core.package_identification:_identify(src/realsense-ros) by extension 'colcon_meta'
[0.351s] Level 1:colcon.colcon_core.package_identification:_identify(src/realsense-ros) by extensions ['ros']
[0.351s] Level 1:colcon.colcon_core.package_identification:_identify(src/realsense-ros) by extension 'ros'
[0.351s] Level 1:colcon.colcon_core.package_identification:_identify(src/realsense-ros) by extensions ['cmake', 'python']
[0.351s] Level 1:colcon.colcon_core.package_identification:_identify(src/realsense-ros) by extension 'cmake'
[0.351s] Level 1:colcon.colcon_core.package_identification:_identify(src/realsense-ros) by extension 'python'
[0.352s] Level 1:colcon.colcon_core.package_identification:_identify(src/realsense-ros) by extensions ['python_setup_py']
[0.352s] Level 1:colcon.colcon_core.package_identification:_identify(src/realsense-ros) by extension 'python_setup_py'
[0.352s] Level 1:colcon.colcon_core.package_identification:_identify(src/realsense-ros/realsense2_camera) by extensions ['ignore', 'ignore_ament_install']
[0.352s] Level 1:colcon.colcon_core.package_identification:_identify(src/realsense-ros/realsense2_camera) by extension 'ignore'
[0.352s] Level 1:colcon.colcon_core.package_identification:_identify(src/realsense-ros/realsense2_camera) by extension 'ignore_ament_install'
[0.352s] Level 1:colcon.colcon_core.package_identification:_identify(src/realsense-ros/realsense2_camera) by extensions ['colcon_pkg']
[0.352s] Level 1:colcon.colcon_core.package_identification:_identify(src/realsense-ros/realsense2_camera) by extension 'colcon_pkg'
[0.352s] Level 1:colcon.colcon_core.package_identification:_identify(src/realsense-ros/realsense2_camera) by extensions ['colcon_meta']
[0.352s] Level 1:colcon.colcon_core.package_identification:_identify(src/realsense-ros/realsense2_camera) by extension 'colcon_meta'
[0.352s] Level 1:colcon.colcon_core.package_identification:_identify(src/realsense-ros/realsense2_camera) by extensions ['ros']
[0.352s] Level 1:colcon.colcon_core.package_identification:_identify(src/realsense-ros/realsense2_camera) by extension 'ros'
[0.356s] DEBUG:colcon.colcon_core.package_identification:Package 'src/realsense-ros/realsense2_camera' with type 'ros.ament_cmake' and name 'realsense2_camera'
[0.356s] Level 1:colcon.colcon_core.package_identification:_identify(src/realsense-ros/realsense2_camera_msgs) by extensions ['ignore', 'ignore_ament_install']
[0.357s] Level 1:colcon.colcon_core.package_identification:_identify(src/realsense-ros/realsense2_camera_msgs) by extension 'ignore'
[0.357s] Level 1:colcon.colcon_core.package_identification:_identify(src/realsense-ros/realsense2_camera_msgs) by extension 'ignore_ament_install'
[0.357s] Level 1:colcon.colcon_core.package_identification:_identify(src/realsense-ros/realsense2_camera_msgs) by extensions ['colcon_pkg']
[0.357s] Level 1:colcon.colcon_core.package_identification:_identify(src/realsense-ros/realsense2_camera_msgs) by extension 'colcon_pkg'
[0.357s] Level 1:colcon.colcon_core.package_identification:_identify(src/realsense-ros/realsense2_camera_msgs) by extensions ['colcon_meta']
[0.357s] Level 1:colcon.colcon_core.package_identification:_identify(src/realsense-ros/realsense2_camera_msgs) by extension 'colcon_meta'
[0.357s] Level 1:colcon.colcon_core.package_identification:_identify(src/realsense-ros/realsense2_camera_msgs) by extensions ['ros']
[0.357s] Level 1:colcon.colcon_core.package_identification:_identify(src/realsense-ros/realsense2_camera_msgs) by extension 'ros'
[0.358s] DEBUG:colcon.colcon_core.package_identification:Package 'src/realsense-ros/realsense2_camera_msgs' with type 'ros.ament_cmake' and name 'realsense2_camera_msgs'
[0.358s] Level 1:colcon.colcon_core.package_identification:_identify(src/realsense-ros/realsense2_description) by extensions ['ignore', 'ignore_ament_install']
[0.358s] Level 1:colcon.colcon_core.package_identification:_identify(src/realsense-ros/realsense2_description) by extension 'ignore'
[0.358s] Level 1:colcon.colcon_core.package_identification:_identify(src/realsense-ros/realsense2_description) by extension 'ignore_ament_install'
[0.358s] Level 1:colcon.colcon_core.package_identification:_identify(src/realsense-ros/realsense2_description) by extensions ['colcon_pkg']
[0.358s] Level 1:colcon.colcon_core.package_identification:_identify(src/realsense-ros/realsense2_description) by extension 'colcon_pkg'
[0.359s] Level 1:colcon.colcon_core.package_identification:_identify(src/realsense-ros/realsense2_description) by extensions ['colcon_meta']
[0.359s] Level 1:colcon.colcon_core.package_identification:_identify(src/realsense-ros/realsense2_description) by extension 'colcon_meta'
[0.359s] Level 1:colcon.colcon_core.package_identification:_identify(src/realsense-ros/realsense2_description) by extensions ['ros']
[0.359s] Level 1:colcon.colcon_core.package_identification:_identify(src/realsense-ros/realsense2_description) by extension 'ros'
[0.359s] DEBUG:colcon.colcon_core.package_identification:Package 'src/realsense-ros/realsense2_description' with type 'ros.ament_cmake' and name 'realsense2_description'
[0.360s] Level 1:colcon.colcon_core.package_identification:_identify(src/realsense-ros/scripts) by extensions ['ignore', 'ignore_ament_install']
[0.360s] Level 1:colcon.colcon_core.package_identification:_identify(src/realsense-ros/scripts) by extension 'ignore'
[0.360s] Level 1:colcon.colcon_core.package_identification:_identify(src/realsense-ros/scripts) by extension 'ignore_ament_install'
[0.360s] Level 1:colcon.colcon_core.package_identification:_identify(src/realsense-ros/scripts) by extensions ['colcon_pkg']
[0.360s] Level 1:colcon.colcon_core.package_identification:_identify(src/realsense-ros/scripts) by extension 'colcon_pkg'
[0.360s] Level 1:colcon.colcon_core.package_identification:_identify(src/realsense-ros/scripts) by extensions ['colcon_meta']
[0.360s] Level 1:colcon.colcon_core.package_identification:_identify(src/realsense-ros/scripts) by extension 'colcon_meta'
[0.360s] Level 1:colcon.colcon_core.package_identification:_identify(src/realsense-ros/scripts) by extensions ['ros']
[0.360s] Level 1:colcon.colcon_core.package_identification:_identify(src/realsense-ros/scripts) by extension 'ros'
[0.361s] Level 1:colcon.colcon_core.package_identification:_identify(src/realsense-ros/scripts) by extensions ['cmake', 'python']
[0.361s] Level 1:colcon.colcon_core.package_identification:_identify(src/realsense-ros/scripts) by extension 'cmake'
[0.361s] Level 1:colcon.colcon_core.package_identification:_identify(src/realsense-ros/scripts) by extension 'python'
[0.361s] Level 1:colcon.colcon_core.package_identification:_identify(src/realsense-ros/scripts) by extensions ['python_setup_py']
[0.361s] Level 1:colcon.colcon_core.package_identification:_identify(src/realsense-ros/scripts) by extension 'python_setup_py'
[0.361s] Level 1:colcon.colcon_core.package_identification:_identify(src/sick_scan_xd) by extensions ['ignore', 'ignore_ament_install']
[0.361s] Level 1:colcon.colcon_core.package_identification:_identify(src/sick_scan_xd) by extension 'ignore'
[0.361s] Level 1:colcon.colcon_core.package_identification:_identify(src/sick_scan_xd) by extension 'ignore_ament_install'
[0.361s] Level 1:colcon.colcon_core.package_identification:_identify(src/sick_scan_xd) by extensions ['colcon_pkg']
[0.361s] Level 1:colcon.colcon_core.package_identification:_identify(src/sick_scan_xd) by extension 'colcon_pkg'
[0.361s] Level 1:colcon.colcon_core.package_identification:_identify(src/sick_scan_xd) by extensions ['colcon_meta']
[0.361s] Level 1:colcon.colcon_core.package_identification:_identify(src/sick_scan_xd) by extension 'colcon_meta'
[0.362s] Level 1:colcon.colcon_core.package_identification:_identify(src/sick_scan_xd) by extensions ['ros']
[0.362s] Level 1:colcon.colcon_core.package_identification:_identify(src/sick_scan_xd) by extension 'ros'
[0.370s] DEBUG:colcon.colcon_core.package_identification:Package 'src/sick_scan_xd' with type 'ros.ament_cmake' and name 'sick_scan_xd'
[0.370s] Level 1:colcon.colcon_core.package_identification:_identify(src/tm_imu) by extensions ['ignore', 'ignore_ament_install']
[0.370s] Level 1:colcon.colcon_core.package_identification:_identify(src/tm_imu) by extension 'ignore'
[0.370s] Level 1:colcon.colcon_core.package_identification:_identify(src/tm_imu) by extension 'ignore_ament_install'
[0.370s] Level 1:colcon.colcon_core.package_identification:_identify(src/tm_imu) by extensions ['colcon_pkg']
[0.370s] Level 1:colcon.colcon_core.package_identification:_identify(src/tm_imu) by extension 'colcon_pkg'
[0.370s] Level 1:colcon.colcon_core.package_identification:_identify(src/tm_imu) by extensions ['colcon_meta']
[0.370s] Level 1:colcon.colcon_core.package_identification:_identify(src/tm_imu) by extension 'colcon_meta'
[0.371s] Level 1:colcon.colcon_core.package_identification:_identify(src/tm_imu) by extensions ['ros']
[0.371s] Level 1:colcon.colcon_core.package_identification:_identify(src/tm_imu) by extension 'ros'
[0.372s] DEBUG:colcon.colcon_core.package_identification:Package 'src/tm_imu' with type 'ros.ament_cmake' and name 'tm_imu'
[0.372s] Level 1:colcon.colcon_core.package_discovery:discover_packages(recursive) using defaults
[0.372s] Level 1:colcon.colcon_core.package_discovery:discover_packages(ignore) discover
[0.372s] Level 1:colcon.colcon_core.package_discovery:discover_packages(ignore) using defaults
[0.372s] Level 1:colcon.colcon_core.package_discovery:discover_packages(path) discover
[0.372s] Level 1:colcon.colcon_core.package_discovery:discover_packages(path) using defaults
[0.394s] INFO:colcon.colcon_core.package_selection:Skipping not selected package 'backward_ros' in 'src/backward_ros'
[0.394s] INFO:colcon.colcon_core.package_selection:Skipping not selected package 'ign_ros2_control' in 'src/omni_wheel_controller_sample/gz_ros2_control/ign_ros2_control'
[0.394s] INFO:colcon.colcon_core.package_selection:Skipping not selected package 'joy_to_twist' in 'src/joy_to_twist'
[0.394s] INFO:colcon.colcon_core.package_selection:Skipping not selected package 'movo_base_motor_control' in 'src/movo_base_motor_control'
[0.394s] INFO:colcon.colcon_core.package_selection:Skipping not selected package 'movo_description' in 'src/movo_description'
[0.394s] INFO:colcon.colcon_core.package_selection:Skipping not selected package 'realsense2_camera_msgs' in 'src/realsense-ros/realsense2_camera_msgs'
[0.395s] INFO:colcon.colcon_core.package_selection:Skipping not selected package 'sample_robot_description' in 'src/omni_wheel_controller_sample/sample_robot_description'
[0.395s] INFO:colcon.colcon_core.package_selection:Skipping not selected package 'sample_robot_sim' in 'src/omni_wheel_controller_sample/sample_robot_sim'
[0.395s] INFO:colcon.colcon_core.package_selection:Skipping not selected package 'tm_imu' in 'src/tm_imu'
[0.395s] INFO:colcon.colcon_core.package_selection:Skipping not selected package 'velocity_pub' in 'src/omni_wheel_controller_sample/velocity_pub'
[0.395s] INFO:colcon.colcon_core.package_selection:Skipping not selected package 'gz_ros2_control_tests' in 'src/omni_wheel_controller_sample/gz_ros2_control/gz_ros2_control_tests'
[0.395s] INFO:colcon.colcon_core.package_selection:Skipping not selected package 'ign_ros2_control_demos' in 'src/omni_wheel_controller_sample/gz_ros2_control/ign_ros2_control_demos'
[0.395s] INFO:colcon.colcon_core.package_selection:Skipping not selected package 'omni_wheel_controller' in 'src/omni_wheel_controller_sample/omni_wheel_controller'
[0.395s] INFO:colcon.colcon_core.package_selection:Skipping not selected package 'realsense2_camera' in 'src/realsense-ros/realsense2_camera'
[0.395s] INFO:colcon.colcon_core.package_selection:Skipping not selected package 'realsense2_description' in 'src/realsense-ros/realsense2_description'
[0.395s] INFO:colcon.colcon_core.package_selection:Skipping not selected package 'movo_nav' in 'src/movo_nav'
[0.395s] Level 1:colcon.colcon_core.package_discovery:discover_packages(prefix_path) check parameters
[0.395s] Level 1:colcon.colcon_core.package_discovery:discover_packages(prefix_path) discover
[0.399s] DEBUG:colcon.colcon_installed_package_information.package_discovery:Found 17 installed packages in /home/movo_base/movobase_ws/install
[0.400s] DEBUG:colcon.colcon_installed_package_information.package_discovery:Found 15 installed packages in /home/movo_base/movobase_ws/src/install
[0.402s] DEBUG:colcon.colcon_installed_package_information.package_discovery:Found 376 installed packages in /opt/ros/humble
[0.405s] Level 1:colcon.colcon_core.package_discovery:discover_packages(prefix_path) using defaults
[0.453s] Level 5:colcon.colcon_core.verb:set package 'sick_scan_xd' build argument 'cmake_args' from command line to 'None'
[0.453s] Level 5:colcon.colcon_core.verb:set package 'sick_scan_xd' build argument 'cmake_target' from command line to 'None'
[0.453s] Level 5:colcon.colcon_core.verb:set package 'sick_scan_xd' build argument 'cmake_target_skip_unavailable' from command line to 'False'
[0.453s] Level 5:colcon.colcon_core.verb:set package 'sick_scan_xd' build argument 'cmake_clean_cache' from command line to 'False'
[0.453s] Level 5:colcon.colcon_core.verb:set package 'sick_scan_xd' build argument 'cmake_clean_first' from command line to 'False'
[0.453s] Level 5:colcon.colcon_core.verb:set package 'sick_scan_xd' build argument 'cmake_force_configure' from command line to 'False'
[0.453s] Level 5:colcon.colcon_core.verb:set package 'sick_scan_xd' build argument 'ament_cmake_args' from command line to 'None'
[0.453s] Level 5:colcon.colcon_core.verb:set package 'sick_scan_xd' build argument 'catkin_cmake_args' from command line to 'None'
[0.453s] Level 5:colcon.colcon_core.verb:set package 'sick_scan_xd' build argument 'catkin_skip_building_tests' from command line to 'False'
[0.453s] DEBUG:colcon.colcon_core.verb:Building package 'sick_scan_xd' with the following arguments: {'ament_cmake_args': None, 'build_base': '/home/movo_base/movobase_ws/build/sick_scan_xd', 'catkin_cmake_args': None, 'catkin_skip_building_tests': False, 'cmake_args': None, 'cmake_clean_cache': False, 'cmake_clean_first': False, 'cmake_force_configure': False, 'cmake_target': None, 'cmake_target_skip_unavailable': False, 'install_base': '/home/movo_base/movobase_ws/install/sick_scan_xd', 'merge_install': False, 'path': '/home/movo_base/movobase_ws/src/sick_scan_xd', 'symlink_install': False, 'test_result_base': None}
[0.453s] INFO:colcon.colcon_core.executor:Executing jobs using 'parallel' executor
[0.455s] DEBUG:colcon.colcon_parallel_executor.executor.parallel:run_until_complete
[0.455s] INFO:colcon.colcon_ros.task.ament_cmake.build:Building ROS package in '/home/movo_base/movobase_ws/src/sick_scan_xd' with build type 'ament_cmake'
[0.455s] INFO:colcon.colcon_cmake.task.cmake.build:Building CMake package in '/home/movo_base/movobase_ws/src/sick_scan_xd'
[0.458s] INFO:colcon.colcon_core.plugin_system:Skipping extension 'colcon_core.shell.bat': Not used on non-Windows systems
[0.458s] INFO:colcon.colcon_core.shell:Skip shell extension 'powershell' for command environment: Not usable outside of PowerShell
[0.458s] DEBUG:colcon.colcon_core.shell:Skip shell extension 'dsv' for command environment
[0.473s] DEBUG:colcon.colcon_core.event_handler.log_command:Invoking command in '/home/movo_base/movobase_ws/build/sick_scan_xd': CMAKE_PREFIX_PATH=${CMAKE_PREFIX_PATH}:/home/movo_base/movobase_ws/install/movo_nav:/home/movo_base/movobase_ws/install/movo_base_motor_control:/home/movo_base/movobase_ws/install/joy_to_twist:/home/movo_base/movobase_ws/src/install/movo_base_motor_control:/home/movo_base/movobase_ws/src/install/joy_to_twist:/opt/ros/humble /usr/bin/cmake --build /home/movo_base/movobase_ws/build/sick_scan_xd -- -j4 -l4
[1.493s] DEBUG:colcon.colcon_core.event_handler.log_command:Invoked command in '/home/movo_base/movobase_ws/build/sick_scan_xd' returned '0': CMAKE_PREFIX_PATH=${CMAKE_PREFIX_PATH}:/home/movo_base/movobase_ws/install/movo_nav:/home/movo_base/movobase_ws/install/movo_base_motor_control:/home/movo_base/movobase_ws/install/joy_to_twist:/home/movo_base/movobase_ws/src/install/movo_base_motor_control:/home/movo_base/movobase_ws/src/install/joy_to_twist:/opt/ros/humble /usr/bin/cmake --build /home/movo_base/movobase_ws/build/sick_scan_xd -- -j4 -l4
[1.505s] DEBUG:colcon.colcon_core.event_handler.log_command:Invoking command in '/home/movo_base/movobase_ws/build/sick_scan_xd': CMAKE_PREFIX_PATH=${CMAKE_PREFIX_PATH}:/home/movo_base/movobase_ws/install/movo_nav:/home/movo_base/movobase_ws/install/movo_base_motor_control:/home/movo_base/movobase_ws/install/joy_to_twist:/home/movo_base/movobase_ws/src/install/movo_base_motor_control:/home/movo_base/movobase_ws/src/install/joy_to_twist:/opt/ros/humble /usr/bin/cmake --install /home/movo_base/movobase_ws/build/sick_scan_xd
[1.655s] Level 1:colcon.colcon_core.environment:create_environment_scripts_only(sick_scan_xd)
[1.656s] DEBUG:colcon.colcon_core.event_handler.log_command:Invoked command in '/home/movo_base/movobase_ws/build/sick_scan_xd' returned '0': CMAKE_PREFIX_PATH=${CMAKE_PREFIX_PATH}:/home/movo_base/movobase_ws/install/movo_nav:/home/movo_base/movobase_ws/install/movo_base_motor_control:/home/movo_base/movobase_ws/install/joy_to_twist:/home/movo_base/movobase_ws/src/install/movo_base_motor_control:/home/movo_base/movobase_ws/src/install/joy_to_twist:/opt/ros/humble /usr/bin/cmake --install /home/movo_base/movobase_ws/build/sick_scan_xd
[1.659s] Level 1:colcon.colcon_core.environment:checking '/home/movo_base/movobase_ws/install/sick_scan_xd' for CMake module files
[1.660s] Level 1:colcon.colcon_core.environment:checking '/home/movo_base/movobase_ws/install/sick_scan_xd' for CMake config files
[1.660s] Level 1:colcon.colcon_core.shell:create_environment_hook('sick_scan_xd', 'cmake_prefix_path')
[1.661s] INFO:colcon.colcon_core.shell:Creating environment hook '/home/movo_base/movobase_ws/install/sick_scan_xd/share/sick_scan_xd/hook/cmake_prefix_path.ps1'
[1.662s] INFO:colcon.colcon_core.shell:Creating environment descriptor '/home/movo_base/movobase_ws/install/sick_scan_xd/share/sick_scan_xd/hook/cmake_prefix_path.dsv'
[1.662s] INFO:colcon.colcon_core.shell:Creating environment hook '/home/movo_base/movobase_ws/install/sick_scan_xd/share/sick_scan_xd/hook/cmake_prefix_path.sh'
[1.663s] Level 1:colcon.colcon_core.environment:checking '/home/movo_base/movobase_ws/install/sick_scan_xd/lib'
[1.664s] Level 1:colcon.colcon_core.shell:create_environment_hook('sick_scan_xd', 'ld_library_path_lib')
[1.664s] INFO:colcon.colcon_core.shell:Creating environment hook '/home/movo_base/movobase_ws/install/sick_scan_xd/share/sick_scan_xd/hook/ld_library_path_lib.ps1'
[1.665s] INFO:colcon.colcon_core.shell:Creating environment descriptor '/home/movo_base/movobase_ws/install/sick_scan_xd/share/sick_scan_xd/hook/ld_library_path_lib.dsv'
[1.665s] INFO:colcon.colcon_core.shell:Creating environment hook '/home/movo_base/movobase_ws/install/sick_scan_xd/share/sick_scan_xd/hook/ld_library_path_lib.sh'
[1.665s] Level 1:colcon.colcon_core.environment:checking '/home/movo_base/movobase_ws/install/sick_scan_xd/bin'
[1.666s] Level 1:colcon.colcon_core.environment:checking '/home/movo_base/movobase_ws/install/sick_scan_xd/lib/pkgconfig/sick_scan_xd.pc'
[1.666s] Level 1:colcon.colcon_core.environment:checking '/home/movo_base/movobase_ws/install/sick_scan_xd/lib/python3.10/site-packages'
[1.666s] Level 1:colcon.colcon_core.environment:checking '/home/movo_base/movobase_ws/install/sick_scan_xd/bin'
[1.667s] INFO:colcon.colcon_core.shell:Creating package script '/home/movo_base/movobase_ws/install/sick_scan_xd/share/sick_scan_xd/package.ps1'
[1.668s] INFO:colcon.colcon_core.shell:Creating package descriptor '/home/movo_base/movobase_ws/install/sick_scan_xd/share/sick_scan_xd/package.dsv'
[1.669s] INFO:colcon.colcon_core.shell:Creating package script '/home/movo_base/movobase_ws/install/sick_scan_xd/share/sick_scan_xd/package.sh'
[1.670s] INFO:colcon.colcon_core.shell:Creating package script '/home/movo_base/movobase_ws/install/sick_scan_xd/share/sick_scan_xd/package.bash'
[1.671s] INFO:colcon.colcon_core.shell:Creating package script '/home/movo_base/movobase_ws/install/sick_scan_xd/share/sick_scan_xd/package.zsh'
[1.673s] Level 1:colcon.colcon_core.environment:create_file_with_runtime_dependencies(/home/movo_base/movobase_ws/install/sick_scan_xd/share/colcon-core/packages/sick_scan_xd)
[1.674s] Level 1:colcon.colcon_core.environment:create_environment_scripts_only(sick_scan_xd)
[1.674s] Level 1:colcon.colcon_core.environment:checking '/home/movo_base/movobase_ws/install/sick_scan_xd' for CMake module files
[1.675s] Level 1:colcon.colcon_core.environment:checking '/home/movo_base/movobase_ws/install/sick_scan_xd' for CMake config files
[1.676s] Level 1:colcon.colcon_core.shell:create_environment_hook('sick_scan_xd', 'cmake_prefix_path')
[1.676s] INFO:colcon.colcon_core.shell:Creating environment hook '/home/movo_base/movobase_ws/install/sick_scan_xd/share/sick_scan_xd/hook/cmake_prefix_path.ps1'
[1.677s] INFO:colcon.colcon_core.shell:Creating environment descriptor '/home/movo_base/movobase_ws/install/sick_scan_xd/share/sick_scan_xd/hook/cmake_prefix_path.dsv'
[1.677s] INFO:colcon.colcon_core.shell:Creating environment hook '/home/movo_base/movobase_ws/install/sick_scan_xd/share/sick_scan_xd/hook/cmake_prefix_path.sh'
[1.678s] Level 1:colcon.colcon_core.environment:checking '/home/movo_base/movobase_ws/install/sick_scan_xd/lib'
[1.678s] Level 1:colcon.colcon_core.shell:create_environment_hook('sick_scan_xd', 'ld_library_path_lib')
[1.679s] INFO:colcon.colcon_core.shell:Creating environment hook '/home/movo_base/movobase_ws/install/sick_scan_xd/share/sick_scan_xd/hook/ld_library_path_lib.ps1'
[1.679s] INFO:colcon.colcon_core.shell:Creating environment descriptor '/home/movo_base/movobase_ws/install/sick_scan_xd/share/sick_scan_xd/hook/ld_library_path_lib.dsv'
[1.680s] INFO:colcon.colcon_core.shell:Creating environment hook '/home/movo_base/movobase_ws/install/sick_scan_xd/share/sick_scan_xd/hook/ld_library_path_lib.sh'
[1.680s] Level 1:colcon.colcon_core.environment:checking '/home/movo_base/movobase_ws/install/sick_scan_xd/bin'
[1.680s] Level 1:colcon.colcon_core.environment:checking '/home/movo_base/movobase_ws/install/sick_scan_xd/lib/pkgconfig/sick_scan_xd.pc'
[1.681s] Level 1:colcon.colcon_core.environment:checking '/home/movo_base/movobase_ws/install/sick_scan_xd/lib/python3.10/site-packages'
[1.681s] Level 1:colcon.colcon_core.environment:checking '/home/movo_base/movobase_ws/install/sick_scan_xd/bin'
[1.682s] INFO:colcon.colcon_core.shell:Creating package script '/home/movo_base/movobase_ws/install/sick_scan_xd/share/sick_scan_xd/package.ps1'
[1.682s] INFO:colcon.colcon_core.shell:Creating package descriptor '/home/movo_base/movobase_ws/install/sick_scan_xd/share/sick_scan_xd/package.dsv'
[1.684s] INFO:colcon.colcon_core.shell:Creating package script '/home/movo_base/movobase_ws/install/sick_scan_xd/share/sick_scan_xd/package.sh'
[1.684s] INFO:colcon.colcon_core.shell:Creating package script '/home/movo_base/movobase_ws/install/sick_scan_xd/share/sick_scan_xd/package.bash'
[1.685s] INFO:colcon.colcon_core.shell:Creating package script '/home/movo_base/movobase_ws/install/sick_scan_xd/share/sick_scan_xd/package.zsh'
[1.685s] Level 1:colcon.colcon_core.environment:create_file_with_runtime_dependencies(/home/movo_base/movobase_ws/install/sick_scan_xd/share/colcon-core/packages/sick_scan_xd)
[1.686s] DEBUG:colcon.colcon_parallel_executor.executor.parallel:closing loop
[1.686s] DEBUG:colcon.colcon_parallel_executor.executor.parallel:loop closed
[1.686s] DEBUG:colcon.colcon_parallel_executor.executor.parallel:run_until_complete finished with '0'
[1.686s] DEBUG:colcon.colcon_core.event_reactor:joining thread
[1.695s] INFO:colcon.colcon_core.plugin_system:Skipping extension 'colcon_notification.desktop_notification.terminal_notifier': Not used on non-Darwin systems
[1.695s] INFO:colcon.colcon_core.plugin_system:Skipping extension 'colcon_notification.desktop_notification.win32': Not used on non-Windows systems
[1.695s] INFO:colcon.colcon_notification.desktop_notification:Sending desktop notification using 'notify2'
[1.711s] DEBUG:colcon.colcon_core.event_reactor:joined thread
[1.712s] INFO:colcon.colcon_core.shell:Creating prefix script '/home/movo_base/movobase_ws/install/local_setup.ps1'
[1.714s] INFO:colcon.colcon_core.shell:Creating prefix util module '/home/movo_base/movobase_ws/install/_local_setup_util_ps1.py'
[1.716s] INFO:colcon.colcon_core.shell:Creating prefix chain script '/home/movo_base/movobase_ws/install/setup.ps1'
[1.722s] INFO:colcon.colcon_core.shell:Creating prefix script '/home/movo_base/movobase_ws/install/local_setup.sh'
[1.723s] INFO:colcon.colcon_core.shell:Creating prefix util module '/home/movo_base/movobase_ws/install/_local_setup_util_sh.py'
[1.724s] INFO:colcon.colcon_core.shell:Creating prefix chain script '/home/movo_base/movobase_ws/install/setup.sh'
[1.728s] INFO:colcon.colcon_core.shell:Creating prefix script '/home/movo_base/movobase_ws/install/local_setup.bash'
[1.729s] INFO:colcon.colcon_core.shell:Creating prefix chain script '/home/movo_base/movobase_ws/install/setup.bash'
[1.733s] INFO:colcon.colcon_core.shell:Creating prefix script '/home/movo_base/movobase_ws/install/local_setup.zsh'
[1.734s] INFO:colcon.colcon_core.shell:Creating prefix chain script '/home/movo_base/movobase_ws/install/setup.zsh'
