running egg_info
creating ../../build/joy_to_twist/joy_to_twist.egg-info
writing ../../build/joy_to_twist/joy_to_twist.egg-info/PKG-INFO
writing dependency_links to ../../build/joy_to_twist/joy_to_twist.egg-info/dependency_links.txt
writing entry points to ../../build/joy_to_twist/joy_to_twist.egg-info/entry_points.txt
writing requirements to ../../build/joy_to_twist/joy_to_twist.egg-info/requires.txt
writing top-level names to ../../build/joy_to_twist/joy_to_twist.egg-info/top_level.txt
writing manifest file '../../build/joy_to_twist/joy_to_twist.egg-info/SOURCES.txt'
reading manifest file '../../build/joy_to_twist/joy_to_twist.egg-info/SOURCES.txt'
writing manifest file '../../build/joy_to_twist/joy_to_twist.egg-info/SOURCES.txt'
running build
running build_py
creating /home/movo_base/movobase_ws/build/joy_to_twist/build
creating /home/movo_base/movobase_ws/build/joy_to_twist/build/lib
creating /home/movo_base/movobase_ws/build/joy_to_twist/build/lib/joy_to_twist
copying joy_to_twist/__init__.py -> /home/movo_base/movobase_ws/build/joy_to_twist/build/lib/joy_to_twist
copying joy_to_twist/joy_to_twist_node.py -> /home/movo_base/movobase_ws/build/joy_to_twist/build/lib/joy_to_twist
running install
running install_lib
creating /home/movo_base/movobase_ws/install/joy_to_twist/lib/python3.10/site-packages/joy_to_twist
copying /home/movo_base/movobase_ws/build/joy_to_twist/build/lib/joy_to_twist/__init__.py -> /home/movo_base/movobase_ws/install/joy_to_twist/lib/python3.10/site-packages/joy_to_twist
copying /home/movo_base/movobase_ws/build/joy_to_twist/build/lib/joy_to_twist/joy_to_twist_node.py -> /home/movo_base/movobase_ws/install/joy_to_twist/lib/python3.10/site-packages/joy_to_twist
byte-compiling /home/movo_base/movobase_ws/install/joy_to_twist/lib/python3.10/site-packages/joy_to_twist/__init__.py to __init__.cpython-310.pyc
byte-compiling /home/movo_base/movobase_ws/install/joy_to_twist/lib/python3.10/site-packages/joy_to_twist/joy_to_twist_node.py to joy_to_twist_node.cpython-310.pyc
running install_data
creating /home/movo_base/movobase_ws/install/joy_to_twist/share/ament_index
creating /home/movo_base/movobase_ws/install/joy_to_twist/share/ament_index/resource_index
creating /home/movo_base/movobase_ws/install/joy_to_twist/share/ament_index/resource_index/packages
copying resource/joy_to_twist -> /home/movo_base/movobase_ws/install/joy_to_twist/share/ament_index/resource_index/packages
copying package.xml -> /home/movo_base/movobase_ws/install/joy_to_twist/share/joy_to_twist
running install_egg_info
Copying ../../build/joy_to_twist/joy_to_twist.egg-info to /home/movo_base/movobase_ws/install/joy_to_twist/lib/python3.10/site-packages/joy_to_twist-0.0.1-py3.10.egg-info
running install_scripts
Installing joy_to_twist_node script to /home/movo_base/movobase_ws/install/joy_to_twist/lib/joy_to_twist
writing list of installed files to '/home/movo_base/movobase_ws/build/joy_to_twist/install.log'
