[0.038s] Invoking command in '/home/movo_base/movobase_ws/build/sample_robot_sim': CMAKE_PREFIX_PATH=${CMAKE_PREFIX_PATH}:/home/movo_base/movobase_ws/install/movo_nav:/home/movo_base/movobase_ws/install/movo_base_motor_control:/home/movo_base/movobase_ws/install/joy_to_twist:/home/movo_base/movobase_ws/src/install/movo_base_motor_control:/home/movo_base/movobase_ws/src/install/joy_to_twist:/opt/ros/humble /usr/bin/cmake /home/movo_base/movobase_ws/src/omni_wheel_controller_sample/sample_robot_sim -DCMAKE_INSTALL_PREFIX=/home/movo_base/movobase_ws/install/sample_robot_sim
[0.366s] -- The C compiler identification is GNU 12.3.0
[0.521s] -- The CXX compiler identification is GNU 12.3.0
[0.577s] -- Detecting C compiler ABI info
[0.897s] -- Detecting C compiler ABI info - done
[0.928s] -- Check for working C compiler: /usr/bin/cc - skipped
[0.928s] -- Detecting C compile features
[0.930s] -- Detecting C compile features - done
[0.939s] -- Detecting CXX compiler ABI info
[1.276s] -- Detecting CXX compiler ABI info - done
[1.293s] -- Check for working CXX compiler: /usr/bin/c++ - skipped
[1.294s] -- Detecting CXX compile features
[1.295s] -- Detecting CXX compile features - done
[1.303s] -- Found ament_cmake: 1.3.11 (/opt/ros/humble/share/ament_cmake/cmake)
[2.156s] -- Found Python3: /usr/bin/python3 (found version "3.10.12") found components: Interpreter 
[2.444s] -- Found xacro: 2.0.8 (/opt/ros/humble/share/xacro/cmake)
[2.461s] -- Found ament_lint_auto: 0.12.11 (/opt/ros/humble/share/ament_lint_auto/cmake)
[3.077s] -- Added test 'copyright' to check source files copyright and LICENSE
[3.081s] -- Added test 'flake8' to check Python code syntax and style conventions
[3.085s] -- Added test 'lint_cmake' to check CMake code style
[3.091s] -- Added test 'pep257' to check Python code against some of the docstring style conventions in PEP 257
[3.095s] -- Added test 'xmllint' to check XML markup files
[3.109s] -- Configuring done
[3.130s] -- Generating done
[3.135s] -- Build files have been written to: /home/movo_base/movobase_ws/build/sample_robot_sim
[3.162s] Invoked command in '/home/movo_base/movobase_ws/build/sample_robot_sim' returned '0': CMAKE_PREFIX_PATH=${CMAKE_PREFIX_PATH}:/home/movo_base/movobase_ws/install/movo_nav:/home/movo_base/movobase_ws/install/movo_base_motor_control:/home/movo_base/movobase_ws/install/joy_to_twist:/home/movo_base/movobase_ws/src/install/movo_base_motor_control:/home/movo_base/movobase_ws/src/install/joy_to_twist:/opt/ros/humble /usr/bin/cmake /home/movo_base/movobase_ws/src/omni_wheel_controller_sample/sample_robot_sim -DCMAKE_INSTALL_PREFIX=/home/movo_base/movobase_ws/install/sample_robot_sim
[3.163s] Invoking command in '/home/movo_base/movobase_ws/build/sample_robot_sim': CMAKE_PREFIX_PATH=${CMAKE_PREFIX_PATH}:/home/movo_base/movobase_ws/install/movo_nav:/home/movo_base/movobase_ws/install/movo_base_motor_control:/home/movo_base/movobase_ws/install/joy_to_twist:/home/movo_base/movobase_ws/src/install/movo_base_motor_control:/home/movo_base/movobase_ws/src/install/joy_to_twist:/opt/ros/humble /usr/bin/cmake --build /home/movo_base/movobase_ws/build/sample_robot_sim -- -j4 -l4
[3.355s] Invoked command in '/home/movo_base/movobase_ws/build/sample_robot_sim' returned '0': CMAKE_PREFIX_PATH=${CMAKE_PREFIX_PATH}:/home/movo_base/movobase_ws/install/movo_nav:/home/movo_base/movobase_ws/install/movo_base_motor_control:/home/movo_base/movobase_ws/install/joy_to_twist:/home/movo_base/movobase_ws/src/install/movo_base_motor_control:/home/movo_base/movobase_ws/src/install/joy_to_twist:/opt/ros/humble /usr/bin/cmake --build /home/movo_base/movobase_ws/build/sample_robot_sim -- -j4 -l4
[3.360s] Invoking command in '/home/movo_base/movobase_ws/build/sample_robot_sim': CMAKE_PREFIX_PATH=${CMAKE_PREFIX_PATH}:/home/movo_base/movobase_ws/install/movo_nav:/home/movo_base/movobase_ws/install/movo_base_motor_control:/home/movo_base/movobase_ws/install/joy_to_twist:/home/movo_base/movobase_ws/src/install/movo_base_motor_control:/home/movo_base/movobase_ws/src/install/joy_to_twist:/opt/ros/humble /usr/bin/cmake --install /home/movo_base/movobase_ws/build/sample_robot_sim
[3.447s] -- Install configuration: ""
[3.448s] -- Installing: /home/movo_base/movobase_ws/install/sample_robot_sim/share/sample_robot_sim/launch
[3.450s] -- Installing: /home/movo_base/movobase_ws/install/sample_robot_sim/share/sample_robot_sim/launch/sample_robot_spawn.launch.py
[3.450s] -- Installing: /home/movo_base/movobase_ws/install/sample_robot_sim/share/ament_index/resource_index/package_run_dependencies/sample_robot_sim
[3.450s] -- Installing: /home/movo_base/movobase_ws/install/sample_robot_sim/share/ament_index/resource_index/parent_prefix_path/sample_robot_sim
[3.450s] -- Installing: /home/movo_base/movobase_ws/install/sample_robot_sim/share/sample_robot_sim/environment/ament_prefix_path.sh
[3.457s] -- Installing: /home/movo_base/movobase_ws/install/sample_robot_sim/share/sample_robot_sim/environment/ament_prefix_path.dsv
[3.457s] -- Installing: /home/movo_base/movobase_ws/install/sample_robot_sim/share/sample_robot_sim/environment/path.sh
[3.458s] -- Installing: /home/movo_base/movobase_ws/install/sample_robot_sim/share/sample_robot_sim/environment/path.dsv
[3.458s] -- Installing: /home/movo_base/movobase_ws/install/sample_robot_sim/share/sample_robot_sim/local_setup.bash
[3.458s] -- Installing: /home/movo_base/movobase_ws/install/sample_robot_sim/share/sample_robot_sim/local_setup.sh
[3.458s] -- Installing: /home/movo_base/movobase_ws/install/sample_robot_sim/share/sample_robot_sim/local_setup.zsh
[3.458s] -- Installing: /home/movo_base/movobase_ws/install/sample_robot_sim/share/sample_robot_sim/local_setup.dsv
[3.458s] -- Installing: /home/movo_base/movobase_ws/install/sample_robot_sim/share/sample_robot_sim/package.dsv
[3.459s] -- Installing: /home/movo_base/movobase_ws/install/sample_robot_sim/share/ament_index/resource_index/packages/sample_robot_sim
[3.459s] -- Installing: /home/movo_base/movobase_ws/install/sample_robot_sim/share/sample_robot_sim/cmake/sample_robot_simConfig.cmake
[3.459s] -- Installing: /home/movo_base/movobase_ws/install/sample_robot_sim/share/sample_robot_sim/cmake/sample_robot_simConfig-version.cmake
[3.461s] -- Installing: /home/movo_base/movobase_ws/install/sample_robot_sim/share/sample_robot_sim/package.xml
[3.490s] Invoked command in '/home/movo_base/movobase_ws/build/sample_robot_sim' returned '0': CMAKE_PREFIX_PATH=${CMAKE_PREFIX_PATH}:/home/movo_base/movobase_ws/install/movo_nav:/home/movo_base/movobase_ws/install/movo_base_motor_control:/home/movo_base/movobase_ws/install/joy_to_twist:/home/movo_base/movobase_ws/src/install/movo_base_motor_control:/home/movo_base/movobase_ws/src/install/joy_to_twist:/opt/ros/humble /usr/bin/cmake --install /home/movo_base/movobase_ws/build/sample_robot_sim
