running develop
running egg_info
writing movo_nav.egg-info/PKG-INFO
writing dependency_links to movo_nav.egg-info/dependency_links.txt
writing entry points to movo_nav.egg-info/entry_points.txt
writing requirements to movo_nav.egg-info/requires.txt
writing top-level names to movo_nav.egg-info/top_level.txt
reading manifest file 'movo_nav.egg-info/SOURCES.txt'
writing manifest file 'movo_nav.egg-info/SOURCES.txt'
running build_ext
Creating /home/movo_base/movobase_ws/install/movo_nav/lib/python3.10/site-packages/movo-nav.egg-link (link to .)
Installing dual_scan_merger script to /home/movo_base/movobase_ws/install/movo_nav/lib/movo_nav

Installed /home/movo_base/movobase_ws/build/movo_nav
running symlink_data
symbolically linking /home/movo_base/movobase_ws/build/movo_nav/resource/movo_nav -> /home/movo_base/movobase_ws/install/movo_nav/share/ament_index/resource_index/packages
symbolically linking /home/movo_base/movobase_ws/build/movo_nav/package.xml -> /home/movo_base/movobase_ws/install/movo_nav/share/movo_nav
symbolically linking /home/movo_base/movobase_ws/build/movo_nav/launch/realseanse_2d_slam_launch.py -> /home/movo_base/movobase_ws/install/movo_nav/share/movo_nav/launch
symbolically linking /home/movo_base/movobase_ws/build/movo_nav/launch/full_2d_lidar_slam_launch.py -> /home/movo_base/movobase_ws/install/movo_nav/share/movo_nav/launch
symbolically linking /home/movo_base/movobase_ws/build/movo_nav/launch/single_2d_lidar_slam_with_urdf_launch.py -> /home/movo_base/movobase_ws/install/movo_nav/share/movo_nav/launch
symbolically linking /home/movo_base/movobase_ws/build/movo_nav/launch/front_lidar_slam_launch.py -> /home/movo_base/movobase_ws/install/movo_nav/share/movo_nav/launch
symbolically linking /home/movo_base/movobase_ws/build/movo_nav/launch/lidar_slam_launch.py -> /home/movo_base/movobase_ws/install/movo_nav/share/movo_nav/launch
symbolically linking /home/movo_base/movobase_ws/build/movo_nav/urdf/sensor_d435i.xacro -> /home/movo_base/movobase_ws/install/movo_nav/share/movo_nav/urdf
symbolically linking /home/movo_base/movobase_ws/build/movo_nav/config/slam_toolbox_params.yaml -> /home/movo_base/movobase_ws/install/movo_nav/share/movo_nav/config
symbolically linking /home/movo_base/movobase_ws/build/movo_nav/config/mapper_params_online_sync.yaml -> /home/movo_base/movobase_ws/install/movo_nav/share/movo_nav/config
symbolically linking /home/movo_base/movobase_ws/build/movo_nav/config/dual_lidar_slam_param.yaml -> /home/movo_base/movobase_ws/install/movo_nav/share/movo_nav/config
