-- The CXX compiler identification is GNU 12.3.0
-- Detecting CXX compiler ABI info
-- Detecting CXX compiler ABI info - done
-- Check for working CXX compiler: /usr/bin/c++ - skipped
-- Detecting CXX compile features
-- Detecting CXX compile features - done
-- Found ament_cmake: 1.3.11 (/opt/ros/humble/share/ament_cmake/cmake)
-- Found Python3: /usr/bin/python3 (found version "3.10.12") found components: Interpreter 
-- Found controller_interface: 2.47.0 (/opt/ros/humble/share/controller_interface/cmake)
-- Found rosidl_generator_c: 3.1.6 (/opt/ros/humble/share/rosidl_generator_c/cmake)
-- Found rosidl_adapter: 3.1.6 (/opt/ros/humble/share/rosidl_adapter/cmake)
-- Found rosidl_generator_cpp: 3.1.6 (/opt/ros/humble/share/rosidl_generator_cpp/cmake)
-- Using all available rosidl_typesupport_c: rosidl_typesupport_fastrtps_c;rosidl_typesupport_introspection_c
-- Using all available rosidl_typesupport_cpp: rosidl_typesupport_fastrtps_cpp;rosidl_typesupport_introspection_cpp
-- Found rmw_implementation_cmake: 6.1.2 (/opt/ros/humble/share/rmw_implementation_cmake/cmake)
-- Found rmw_fastrtps_cpp: 6.2.7 (/opt/ros/humble/share/rmw_fastrtps_cpp/cmake)
-- Found TinyXML2 via Config file: TinyXML2_DIR-NOTFOUND
-- Found OpenSSL: /usr/lib/x86_64-linux-gnu/libcrypto.so (found version "3.0.2")  
-- Found TinyXML2 via Config file: TinyXML2_DIR-NOTFOUND
-- Found FastRTPS: /opt/ros/humble/include  
-- Found TinyXML2 via Config file: TinyXML2_DIR-NOTFOUND
-- Found TinyXML2 via Config file: TinyXML2_DIR-NOTFOUND
-- Using RMW implementation 'rmw_fastrtps_cpp' as default
-- Looking for C++ include pthread.h
-- Looking for C++ include pthread.h - found
-- Performing Test CMAKE_HAVE_LIBC_PTHREAD
-- Performing Test CMAKE_HAVE_LIBC_PTHREAD - Success
-- Found Threads: TRUE  
-- Found generate_parameter_library: 0.4.0 (/opt/ros/humble/share/generate_parameter_library/cmake)
-- Found parameter_traits: 0.4.0 (/opt/ros/humble/share/parameter_traits/cmake)
-- Found nav_msgs: 4.2.4 (/opt/ros/humble/share/nav_msgs/cmake)
-- Found realtime_tools: 2.10.0 (/opt/ros/humble/share/realtime_tools/cmake)
-- Found tf2: 0.25.12 (/opt/ros/humble/share/tf2/cmake)
-- Found tf2_msgs: 0.25.11 (/opt/ros/humble/share/tf2_msgs/cmake)
-- Configuring done
-- Generating done
-- Build files have been written to: /home/movo_base/movobase_ws/build/omni_wheel_controller
[ 16%] [34m[1mRunning `/opt/ros/humble/bin/generate_parameter_library_cpp /home/movo_base/movobase_ws/build/omni_wheel_controller/include/omni_wheel_controller/omni_wheel_controller_parameters.hpp /home/movo_base/movobase_ws/src/omni_wheel_controller_sample/omni_wheel_controller/src/omni_wheel_controller_parameter.yaml `[0m
[ 33%] [34m[1mCreating deprecated header file /home/movo_base/movobase_ws/build/omni_wheel_controller/include/omni_wheel_controller_parameters.hpp[0m
[ 33%] Built target omni_wheel_controller_parameters
[ 50%] [32mBuilding CXX object CMakeFiles/omni_wheel_controller.dir/src/omni_wheel_controller.cpp.o[0m
[ 66%] [32mBuilding CXX object CMakeFiles/omni_wheel_controller.dir/src/speed_limiter.cpp.o[0m
[ 83%] [32mBuilding CXX object CMakeFiles/omni_wheel_controller.dir/src/odometry.cpp.o[0m
[100%] [32m[1mLinking CXX shared library libomni_wheel_controller.so[0m
[100%] Built target omni_wheel_controller
-- Install configuration: ""
-- Installing: /home/movo_base/movobase_ws/install/omni_wheel_controller/include/omni_wheel_controller
-- Installing: /home/movo_base/movobase_ws/install/omni_wheel_controller/include/omni_wheel_controller/omni_wheel_controller_parameters.hpp
-- Installing: /home/movo_base/movobase_ws/install/omni_wheel_controller/share/omni_wheel_controller/omni_wheel_plugin.xml
-- Up-to-date: /home/movo_base/movobase_ws/install/omni_wheel_controller/include/omni_wheel_controller
-- Installing: /home/movo_base/movobase_ws/install/omni_wheel_controller/include/omni_wheel_controller/omni_wheel_controller
-- Installing: /home/movo_base/movobase_ws/install/omni_wheel_controller/include/omni_wheel_controller/omni_wheel_controller/speed_limiter.hpp
-- Installing: /home/movo_base/movobase_ws/install/omni_wheel_controller/include/omni_wheel_controller/omni_wheel_controller/omni_wheel_controller.hpp
-- Installing: /home/movo_base/movobase_ws/install/omni_wheel_controller/include/omni_wheel_controller/omni_wheel_controller/visibility_control.h
-- Installing: /home/movo_base/movobase_ws/install/omni_wheel_controller/include/omni_wheel_controller/omni_wheel_controller/odometry.hpp
-- Installing: /home/movo_base/movobase_ws/install/omni_wheel_controller/lib/libomni_wheel_controller.so
-- Set runtime path of "/home/movo_base/movobase_ws/install/omni_wheel_controller/lib/libomni_wheel_controller.so" to ""
-- Installing: /home/movo_base/movobase_ws/install/omni_wheel_controller/share/omni_wheel_controller/environment/library_path.sh
-- Installing: /home/movo_base/movobase_ws/install/omni_wheel_controller/share/omni_wheel_controller/environment/library_path.dsv
-- Installing: /home/movo_base/movobase_ws/install/omni_wheel_controller/share/ament_index/resource_index/package_run_dependencies/omni_wheel_controller
-- Installing: /home/movo_base/movobase_ws/install/omni_wheel_controller/share/ament_index/resource_index/parent_prefix_path/omni_wheel_controller
-- Installing: /home/movo_base/movobase_ws/install/omni_wheel_controller/share/omni_wheel_controller/environment/ament_prefix_path.sh
-- Installing: /home/movo_base/movobase_ws/install/omni_wheel_controller/share/omni_wheel_controller/environment/ament_prefix_path.dsv
-- Installing: /home/movo_base/movobase_ws/install/omni_wheel_controller/share/omni_wheel_controller/environment/path.sh
-- Installing: /home/movo_base/movobase_ws/install/omni_wheel_controller/share/omni_wheel_controller/environment/path.dsv
-- Installing: /home/movo_base/movobase_ws/install/omni_wheel_controller/share/omni_wheel_controller/local_setup.bash
-- Installing: /home/movo_base/movobase_ws/install/omni_wheel_controller/share/omni_wheel_controller/local_setup.sh
-- Installing: /home/movo_base/movobase_ws/install/omni_wheel_controller/share/omni_wheel_controller/local_setup.zsh
-- Installing: /home/movo_base/movobase_ws/install/omni_wheel_controller/share/omni_wheel_controller/local_setup.dsv
-- Installing: /home/movo_base/movobase_ws/install/omni_wheel_controller/share/omni_wheel_controller/package.dsv
-- Installing: /home/movo_base/movobase_ws/install/omni_wheel_controller/share/ament_index/resource_index/packages/omni_wheel_controller
-- Installing: /home/movo_base/movobase_ws/install/omni_wheel_controller/share/ament_index/resource_index/controller_interface__pluginlib__plugin/omni_wheel_controller
-- Installing: /home/movo_base/movobase_ws/install/omni_wheel_controller/share/omni_wheel_controller/cmake/export_omni_wheel_controllerExport.cmake
-- Installing: /home/movo_base/movobase_ws/install/omni_wheel_controller/share/omni_wheel_controller/cmake/export_omni_wheel_controllerExport-noconfig.cmake
-- Installing: /home/movo_base/movobase_ws/install/omni_wheel_controller/share/omni_wheel_controller/cmake/ament_cmake_export_dependencies-extras.cmake
-- Installing: /home/movo_base/movobase_ws/install/omni_wheel_controller/share/omni_wheel_controller/cmake/ament_cmake_export_targets-extras.cmake
-- Installing: /home/movo_base/movobase_ws/install/omni_wheel_controller/share/omni_wheel_controller/cmake/omni_wheel_controllerConfig.cmake
-- Installing: /home/movo_base/movobase_ws/install/omni_wheel_controller/share/omni_wheel_controller/cmake/omni_wheel_controllerConfig-version.cmake
-- Installing: /home/movo_base/movobase_ws/install/omni_wheel_controller/share/omni_wheel_controller/package.xml
