[0.084s] Invoking command in '/home/movo_base/movobase_ws/build/omni_wheel_controller': CMAKE_PREFIX_PATH=/home/movo_base/movobase_ws/install/backward_ros:/home/movo_base/movobase_ws/install/velocity_pub:/home/movo_base/movobase_ws/install/tm_imu:/home/movo_base/movobase_ws/install/sick_scan_xd:/home/movo_base/movobase_ws/install/sample_robot_sim:/home/movo_base/movobase_ws/install/sample_robot_description:/home/movo_base/movobase_ws/install/realsense2_description:/home/movo_base/movobase_ws/install/realsense2_camera:/home/movo_base/movobase_ws/install/realsense2_camera_msgs:/home/movo_base/movobase_ws/install/omni_wheel_controller:/home/movo_base/movobase_ws/install/movo_description:/home/movo_base/movobase_ws/install/ign_ros2_control_demos:/home/movo_base/movobase_ws/install/gz_ros2_control_tests:/home/movo_base/movobase_ws/install/ign_ros2_control:/home/movo_base/movobase_ws/src/install/velocity_pub:/home/movo_base/movobase_ws/src/install/sick_scan_xd:/home/movo_base/movobase_ws/src/install/sample_robot_sim:/home/movo_base/movobase_ws/src/install/sample_robot_description:/home/movo_base/movobase_ws/src/install/realsense2_description:/home/movo_base/movobase_ws/src/install/realsense2_camera:/home/movo_base/movobase_ws/src/install/realsense2_camera_msgs:/home/movo_base/movobase_ws/src/install/omni_wheel_controller:/home/movo_base/movobase_ws/src/install/movo_description:/home/movo_base/movobase_ws/src/install/ign_ros2_control_demos:/home/movo_base/movobase_ws/src/install/gz_ros2_control_tests:/home/movo_base/movobase_ws/src/install/ign_ros2_control:/home/movo_base/movobase_ws/src/install/backward_ros:/home/movo_base/movobase_ws/install/movo_nav:/home/movo_base/movobase_ws/install/movo_base_motor_control:/home/movo_base/movobase_ws/install/joy_to_twist:/home/movo_base/movobase_ws/src/install/movo_base_motor_control:/home/movo_base/movobase_ws/src/install/joy_to_twist:/opt/ros/humble LD_LIBRARY_PATH=/home/movo_base/movobase_ws/install/backward_ros/lib:/home/movo_base/movobase_ws/install/sick_scan_xd/lib:/home/movo_base/movobase_ws/install/realsense2_camera/lib:/home/movo_base/movobase_ws/install/realsense2_camera_msgs/lib:/home/movo_base/movobase_ws/install/omni_wheel_controller/lib:/home/movo_base/movobase_ws/install/ign_ros2_control/lib:/home/movo_base/movobase_ws/src/install/sick_scan_xd/lib:/home/movo_base/movobase_ws/src/install/realsense2_camera/lib:/home/movo_base/movobase_ws/src/install/realsense2_camera_msgs/lib:/home/movo_base/movobase_ws/src/install/omni_wheel_controller/lib:/home/movo_base/movobase_ws/src/install/ign_ros2_control/lib:/home/movo_base/movobase_ws/src/install/backward_ros/lib:/opt/ros/humble/opt/rviz_ogre_vendor/lib:/opt/ros/humble/lib/x86_64-linux-gnu:/opt/ros/humble/lib /usr/bin/cmake /home/movo_base/movobase_ws/src/omni_wheel_controller_sample/omni_wheel_controller -DCMAKE_INSTALL_PREFIX=/home/movo_base/movobase_ws/install/omni_wheel_controller
[0.349s] -- The CXX compiler identification is GNU 12.3.0
[0.364s] -- Detecting CXX compiler ABI info
[0.552s] -- Detecting CXX compiler ABI info - done
[0.604s] -- Check for working CXX compiler: /usr/bin/c++ - skipped
[0.604s] -- Detecting CXX compile features
[0.605s] -- Detecting CXX compile features - done
[0.619s] -- Found ament_cmake: 1.3.11 (/opt/ros/humble/share/ament_cmake/cmake)
[1.182s] -- Found Python3: /usr/bin/python3 (found version "3.10.12") found components: Interpreter 
[1.763s] -- Found controller_interface: 2.47.0 (/opt/ros/humble/share/controller_interface/cmake)
[2.091s] -- Found rosidl_generator_c: 3.1.6 (/opt/ros/humble/share/rosidl_generator_c/cmake)
[2.154s] -- Found rosidl_adapter: 3.1.6 (/opt/ros/humble/share/rosidl_adapter/cmake)
[2.212s] -- Found rosidl_generator_cpp: 3.1.6 (/opt/ros/humble/share/rosidl_generator_cpp/cmake)
[2.298s] -- Using all available rosidl_typesupport_c: rosidl_typesupport_fastrtps_c;rosidl_typesupport_introspection_c
[2.406s] -- Using all available rosidl_typesupport_cpp: rosidl_typesupport_fastrtps_cpp;rosidl_typesupport_introspection_cpp
[3.125s] -- Found rmw_implementation_cmake: 6.1.2 (/opt/ros/humble/share/rmw_implementation_cmake/cmake)
[3.136s] -- Found rmw_fastrtps_cpp: 6.2.7 (/opt/ros/humble/share/rmw_fastrtps_cpp/cmake)
[3.228s] -- Found TinyXML2 via Config file: TinyXML2_DIR-NOTFOUND
[3.427s] -- Found OpenSSL: /usr/lib/x86_64-linux-gnu/libcrypto.so (found version "3.0.2")  
[3.438s] -- Found TinyXML2 via Config file: TinyXML2_DIR-NOTFOUND
[3.497s] -- Found FastRTPS: /opt/ros/humble/include  
[3.510s] -- Found TinyXML2 via Config file: TinyXML2_DIR-NOTFOUND
[3.531s] -- Found TinyXML2 via Config file: TinyXML2_DIR-NOTFOUND
[3.569s] -- Using RMW implementation 'rmw_fastrtps_cpp' as default
[3.652s] -- Looking for C++ include pthread.h
[4.108s] -- Looking for C++ include pthread.h - found
[4.108s] -- Performing Test CMAKE_HAVE_LIBC_PTHREAD
[4.674s] -- Performing Test CMAKE_HAVE_LIBC_PTHREAD - Success
[4.675s] -- Found Threads: TRUE  
[4.975s] -- Found generate_parameter_library: 0.4.0 (/opt/ros/humble/share/generate_parameter_library/cmake)
[4.992s] -- Found parameter_traits: 0.4.0 (/opt/ros/humble/share/parameter_traits/cmake)
[5.123s] -- Found nav_msgs: 4.2.4 (/opt/ros/humble/share/nav_msgs/cmake)
[5.203s] -- Found realtime_tools: 2.10.0 (/opt/ros/humble/share/realtime_tools/cmake)
[5.305s] -- Found tf2: 0.25.12 (/opt/ros/humble/share/tf2/cmake)
[5.332s] -- Found tf2_msgs: 0.25.11 (/opt/ros/humble/share/tf2_msgs/cmake)
[5.723s] -- Configuring done
[5.891s] -- Generating done
[5.911s] -- Build files have been written to: /home/movo_base/movobase_ws/build/omni_wheel_controller
[5.951s] Invoked command in '/home/movo_base/movobase_ws/build/omni_wheel_controller' returned '0': CMAKE_PREFIX_PATH=/home/movo_base/movobase_ws/install/backward_ros:/home/movo_base/movobase_ws/install/velocity_pub:/home/movo_base/movobase_ws/install/tm_imu:/home/movo_base/movobase_ws/install/sick_scan_xd:/home/movo_base/movobase_ws/install/sample_robot_sim:/home/movo_base/movobase_ws/install/sample_robot_description:/home/movo_base/movobase_ws/install/realsense2_description:/home/movo_base/movobase_ws/install/realsense2_camera:/home/movo_base/movobase_ws/install/realsense2_camera_msgs:/home/movo_base/movobase_ws/install/omni_wheel_controller:/home/movo_base/movobase_ws/install/movo_description:/home/movo_base/movobase_ws/install/ign_ros2_control_demos:/home/movo_base/movobase_ws/install/gz_ros2_control_tests:/home/movo_base/movobase_ws/install/ign_ros2_control:/home/movo_base/movobase_ws/src/install/velocity_pub:/home/movo_base/movobase_ws/src/install/sick_scan_xd:/home/movo_base/movobase_ws/src/install/sample_robot_sim:/home/movo_base/movobase_ws/src/install/sample_robot_description:/home/movo_base/movobase_ws/src/install/realsense2_description:/home/movo_base/movobase_ws/src/install/realsense2_camera:/home/movo_base/movobase_ws/src/install/realsense2_camera_msgs:/home/movo_base/movobase_ws/src/install/omni_wheel_controller:/home/movo_base/movobase_ws/src/install/movo_description:/home/movo_base/movobase_ws/src/install/ign_ros2_control_demos:/home/movo_base/movobase_ws/src/install/gz_ros2_control_tests:/home/movo_base/movobase_ws/src/install/ign_ros2_control:/home/movo_base/movobase_ws/src/install/backward_ros:/home/movo_base/movobase_ws/install/movo_nav:/home/movo_base/movobase_ws/install/movo_base_motor_control:/home/movo_base/movobase_ws/install/joy_to_twist:/home/movo_base/movobase_ws/src/install/movo_base_motor_control:/home/movo_base/movobase_ws/src/install/joy_to_twist:/opt/ros/humble LD_LIBRARY_PATH=/home/movo_base/movobase_ws/install/backward_ros/lib:/home/movo_base/movobase_ws/install/sick_scan_xd/lib:/home/movo_base/movobase_ws/install/realsense2_camera/lib:/home/movo_base/movobase_ws/install/realsense2_camera_msgs/lib:/home/movo_base/movobase_ws/install/omni_wheel_controller/lib:/home/movo_base/movobase_ws/install/ign_ros2_control/lib:/home/movo_base/movobase_ws/src/install/sick_scan_xd/lib:/home/movo_base/movobase_ws/src/install/realsense2_camera/lib:/home/movo_base/movobase_ws/src/install/realsense2_camera_msgs/lib:/home/movo_base/movobase_ws/src/install/omni_wheel_controller/lib:/home/movo_base/movobase_ws/src/install/ign_ros2_control/lib:/home/movo_base/movobase_ws/src/install/backward_ros/lib:/opt/ros/humble/opt/rviz_ogre_vendor/lib:/opt/ros/humble/lib/x86_64-linux-gnu:/opt/ros/humble/lib /usr/bin/cmake /home/movo_base/movobase_ws/src/omni_wheel_controller_sample/omni_wheel_controller -DCMAKE_INSTALL_PREFIX=/home/movo_base/movobase_ws/install/omni_wheel_controller
[5.954s] Invoking command in '/home/movo_base/movobase_ws/build/omni_wheel_controller': CMAKE_PREFIX_PATH=/home/movo_base/movobase_ws/install/backward_ros:/home/movo_base/movobase_ws/install/velocity_pub:/home/movo_base/movobase_ws/install/tm_imu:/home/movo_base/movobase_ws/install/sick_scan_xd:/home/movo_base/movobase_ws/install/sample_robot_sim:/home/movo_base/movobase_ws/install/sample_robot_description:/home/movo_base/movobase_ws/install/realsense2_description:/home/movo_base/movobase_ws/install/realsense2_camera:/home/movo_base/movobase_ws/install/realsense2_camera_msgs:/home/movo_base/movobase_ws/install/omni_wheel_controller:/home/movo_base/movobase_ws/install/movo_description:/home/movo_base/movobase_ws/install/ign_ros2_control_demos:/home/movo_base/movobase_ws/install/gz_ros2_control_tests:/home/movo_base/movobase_ws/install/ign_ros2_control:/home/movo_base/movobase_ws/src/install/velocity_pub:/home/movo_base/movobase_ws/src/install/sick_scan_xd:/home/movo_base/movobase_ws/src/install/sample_robot_sim:/home/movo_base/movobase_ws/src/install/sample_robot_description:/home/movo_base/movobase_ws/src/install/realsense2_description:/home/movo_base/movobase_ws/src/install/realsense2_camera:/home/movo_base/movobase_ws/src/install/realsense2_camera_msgs:/home/movo_base/movobase_ws/src/install/omni_wheel_controller:/home/movo_base/movobase_ws/src/install/movo_description:/home/movo_base/movobase_ws/src/install/ign_ros2_control_demos:/home/movo_base/movobase_ws/src/install/gz_ros2_control_tests:/home/movo_base/movobase_ws/src/install/ign_ros2_control:/home/movo_base/movobase_ws/src/install/backward_ros:/home/movo_base/movobase_ws/install/movo_nav:/home/movo_base/movobase_ws/install/movo_base_motor_control:/home/movo_base/movobase_ws/install/joy_to_twist:/home/movo_base/movobase_ws/src/install/movo_base_motor_control:/home/movo_base/movobase_ws/src/install/joy_to_twist:/opt/ros/humble LD_LIBRARY_PATH=/home/movo_base/movobase_ws/install/backward_ros/lib:/home/movo_base/movobase_ws/install/sick_scan_xd/lib:/home/movo_base/movobase_ws/install/realsense2_camera/lib:/home/movo_base/movobase_ws/install/realsense2_camera_msgs/lib:/home/movo_base/movobase_ws/install/omni_wheel_controller/lib:/home/movo_base/movobase_ws/install/ign_ros2_control/lib:/home/movo_base/movobase_ws/src/install/sick_scan_xd/lib:/home/movo_base/movobase_ws/src/install/realsense2_camera/lib:/home/movo_base/movobase_ws/src/install/realsense2_camera_msgs/lib:/home/movo_base/movobase_ws/src/install/omni_wheel_controller/lib:/home/movo_base/movobase_ws/src/install/ign_ros2_control/lib:/home/movo_base/movobase_ws/src/install/backward_ros/lib:/opt/ros/humble/opt/rviz_ogre_vendor/lib:/opt/ros/humble/lib/x86_64-linux-gnu:/opt/ros/humble/lib /usr/bin/cmake --build /home/movo_base/movobase_ws/build/omni_wheel_controller -- -j4 -l4
[6.134s] [ 16%] [34m[1mRunning `/opt/ros/humble/bin/generate_parameter_library_cpp /home/movo_base/movobase_ws/build/omni_wheel_controller/include/omni_wheel_controller/omni_wheel_controller_parameters.hpp /home/movo_base/movobase_ws/src/omni_wheel_controller_sample/omni_wheel_controller/src/omni_wheel_controller_parameter.yaml `[0m
[8.142s] [ 33%] [34m[1mCreating deprecated header file /home/movo_base/movobase_ws/build/omni_wheel_controller/include/omni_wheel_controller_parameters.hpp[0m
[8.292s] [ 33%] Built target omni_wheel_controller_parameters
[8.376s] [ 50%] [32mBuilding CXX object CMakeFiles/omni_wheel_controller.dir/src/omni_wheel_controller.cpp.o[0m
[16.321s] In file included from [01m[K/home/movo_base/movobase_ws/src/omni_wheel_controller_sample/omni_wheel_controller/include/omni_wheel_controller/omni_wheel_controller.hpp:40[m[K,
[16.321s]                  from [01m[K/home/movo_base/movobase_ws/src/omni_wheel_controller_sample/omni_wheel_controller/src/omni_wheel_controller.cpp:25[m[K:
[16.321s] [01m[K/opt/ros/humble/include/realtime_tools/realtime_tools/realtime_box.h:22:97:[m[K [01;36m[Knote: [m[K‘[01m[K#pragma message: This header include is deprecated. Please update your code to use 'realtime_box.hpp' header.[m[K’
[16.321s]    22 |   "This header include is deprecated. Please update your code to use 'realtime_box.hpp' header."[01;36m[K)[m[K  //NOLINT
[16.321s]       |                                                                                                 [01;36m[K^[m[K
[16.321s] In file included from [01m[K/home/movo_base/movobase_ws/src/omni_wheel_controller_sample/omni_wheel_controller/include/omni_wheel_controller/omni_wheel_controller.hpp:41[m[K:
[16.322s] [01m[K/opt/ros/humble/include/realtime_tools/realtime_tools/realtime_buffer.h:22:100:[m[K [01;36m[Knote: [m[K‘[01m[K#pragma message: This header include is deprecated. Please update your code to use 'realtime_buffer.hpp' header.[m[K’
[16.322s]    22 |   "This header include is deprecated. Please update your code to use 'realtime_buffer.hpp' header."[01;36m[K)[m[K  //NOLINT
[16.322s]       |                                                                                                    [01;36m[K^[m[K
[16.322s] In file included from [01m[K/home/movo_base/movobase_ws/src/omni_wheel_controller_sample/omni_wheel_controller/include/omni_wheel_controller/omni_wheel_controller.hpp:42[m[K:
[16.322s] [01m[K/opt/ros/humble/include/realtime_tools/realtime_tools/realtime_publisher.h:22:103:[m[K [01;36m[Knote: [m[K‘[01m[K#pragma message: This header include is deprecated. Please update your code to use 'realtime_publisher.hpp' header.[m[K’
[16.322s]    22 |   "This header include is deprecated. Please update your code to use 'realtime_publisher.hpp' header."[01;36m[K)[m[K  //NOLINT
[16.322s]       |                                                                                                       [01;36m[K^[m[K
[16.342s] In file included from [01m[K/home/movo_base/movobase_ws/src/omni_wheel_controller_sample/omni_wheel_controller/include/omni_wheel_controller/omni_wheel_controller.hpp:46[m[K:
[16.342s] [01m[K/home/movo_base/movobase_ws/build/omni_wheel_controller/include/omni_wheel_controller_parameters.hpp:1:166:[m[K [01;36m[Knote: [m[K‘[01m[K#pragma message: #include "omni_wheel_controller_parameters.hpp" is deprecated. Use #include <omni_wheel_controller/omni_wheel_controller_parameters.hpp> instead.[m[K’
[16.342s]     1 | oller_parameters.hpp\" is deprecated. Use #include <omni_wheel_controller/omni_wheel_controller_parameters.hpp> instead."[01;36m[K)[m[K
[16.342s]       |                                                                                                                          [01;36m[K^[m[K
[16.342s] 
[48.655s] [ 66%] [32mBuilding CXX object CMakeFiles/omni_wheel_controller.dir/src/speed_limiter.cpp.o[0m
[49.746s] [ 83%] [32mBuilding CXX object CMakeFiles/omni_wheel_controller.dir/src/odometry.cpp.o[0m
[70.984s] [100%] [32m[1mLinking CXX shared library libomni_wheel_controller.so[0m
[73.885s] [100%] Built target omni_wheel_controller
[73.938s] Invoked command in '/home/movo_base/movobase_ws/build/omni_wheel_controller' returned '0': CMAKE_PREFIX_PATH=/home/movo_base/movobase_ws/install/backward_ros:/home/movo_base/movobase_ws/install/velocity_pub:/home/movo_base/movobase_ws/install/tm_imu:/home/movo_base/movobase_ws/install/sick_scan_xd:/home/movo_base/movobase_ws/install/sample_robot_sim:/home/movo_base/movobase_ws/install/sample_robot_description:/home/movo_base/movobase_ws/install/realsense2_description:/home/movo_base/movobase_ws/install/realsense2_camera:/home/movo_base/movobase_ws/install/realsense2_camera_msgs:/home/movo_base/movobase_ws/install/omni_wheel_controller:/home/movo_base/movobase_ws/install/movo_description:/home/movo_base/movobase_ws/install/ign_ros2_control_demos:/home/movo_base/movobase_ws/install/gz_ros2_control_tests:/home/movo_base/movobase_ws/install/ign_ros2_control:/home/movo_base/movobase_ws/src/install/velocity_pub:/home/movo_base/movobase_ws/src/install/sick_scan_xd:/home/movo_base/movobase_ws/src/install/sample_robot_sim:/home/movo_base/movobase_ws/src/install/sample_robot_description:/home/movo_base/movobase_ws/src/install/realsense2_description:/home/movo_base/movobase_ws/src/install/realsense2_camera:/home/movo_base/movobase_ws/src/install/realsense2_camera_msgs:/home/movo_base/movobase_ws/src/install/omni_wheel_controller:/home/movo_base/movobase_ws/src/install/movo_description:/home/movo_base/movobase_ws/src/install/ign_ros2_control_demos:/home/movo_base/movobase_ws/src/install/gz_ros2_control_tests:/home/movo_base/movobase_ws/src/install/ign_ros2_control:/home/movo_base/movobase_ws/src/install/backward_ros:/home/movo_base/movobase_ws/install/movo_nav:/home/movo_base/movobase_ws/install/movo_base_motor_control:/home/movo_base/movobase_ws/install/joy_to_twist:/home/movo_base/movobase_ws/src/install/movo_base_motor_control:/home/movo_base/movobase_ws/src/install/joy_to_twist:/opt/ros/humble LD_LIBRARY_PATH=/home/movo_base/movobase_ws/install/backward_ros/lib:/home/movo_base/movobase_ws/install/sick_scan_xd/lib:/home/movo_base/movobase_ws/install/realsense2_camera/lib:/home/movo_base/movobase_ws/install/realsense2_camera_msgs/lib:/home/movo_base/movobase_ws/install/omni_wheel_controller/lib:/home/movo_base/movobase_ws/install/ign_ros2_control/lib:/home/movo_base/movobase_ws/src/install/sick_scan_xd/lib:/home/movo_base/movobase_ws/src/install/realsense2_camera/lib:/home/movo_base/movobase_ws/src/install/realsense2_camera_msgs/lib:/home/movo_base/movobase_ws/src/install/omni_wheel_controller/lib:/home/movo_base/movobase_ws/src/install/ign_ros2_control/lib:/home/movo_base/movobase_ws/src/install/backward_ros/lib:/opt/ros/humble/opt/rviz_ogre_vendor/lib:/opt/ros/humble/lib/x86_64-linux-gnu:/opt/ros/humble/lib /usr/bin/cmake --build /home/movo_base/movobase_ws/build/omni_wheel_controller -- -j4 -l4
[73.939s] Invoking command in '/home/movo_base/movobase_ws/build/omni_wheel_controller': CMAKE_PREFIX_PATH=/home/movo_base/movobase_ws/install/backward_ros:/home/movo_base/movobase_ws/install/velocity_pub:/home/movo_base/movobase_ws/install/tm_imu:/home/movo_base/movobase_ws/install/sick_scan_xd:/home/movo_base/movobase_ws/install/sample_robot_sim:/home/movo_base/movobase_ws/install/sample_robot_description:/home/movo_base/movobase_ws/install/realsense2_description:/home/movo_base/movobase_ws/install/realsense2_camera:/home/movo_base/movobase_ws/install/realsense2_camera_msgs:/home/movo_base/movobase_ws/install/omni_wheel_controller:/home/movo_base/movobase_ws/install/movo_description:/home/movo_base/movobase_ws/install/ign_ros2_control_demos:/home/movo_base/movobase_ws/install/gz_ros2_control_tests:/home/movo_base/movobase_ws/install/ign_ros2_control:/home/movo_base/movobase_ws/src/install/velocity_pub:/home/movo_base/movobase_ws/src/install/sick_scan_xd:/home/movo_base/movobase_ws/src/install/sample_robot_sim:/home/movo_base/movobase_ws/src/install/sample_robot_description:/home/movo_base/movobase_ws/src/install/realsense2_description:/home/movo_base/movobase_ws/src/install/realsense2_camera:/home/movo_base/movobase_ws/src/install/realsense2_camera_msgs:/home/movo_base/movobase_ws/src/install/omni_wheel_controller:/home/movo_base/movobase_ws/src/install/movo_description:/home/movo_base/movobase_ws/src/install/ign_ros2_control_demos:/home/movo_base/movobase_ws/src/install/gz_ros2_control_tests:/home/movo_base/movobase_ws/src/install/ign_ros2_control:/home/movo_base/movobase_ws/src/install/backward_ros:/home/movo_base/movobase_ws/install/movo_nav:/home/movo_base/movobase_ws/install/movo_base_motor_control:/home/movo_base/movobase_ws/install/joy_to_twist:/home/movo_base/movobase_ws/src/install/movo_base_motor_control:/home/movo_base/movobase_ws/src/install/joy_to_twist:/opt/ros/humble LD_LIBRARY_PATH=/home/movo_base/movobase_ws/install/backward_ros/lib:/home/movo_base/movobase_ws/install/sick_scan_xd/lib:/home/movo_base/movobase_ws/install/realsense2_camera/lib:/home/movo_base/movobase_ws/install/realsense2_camera_msgs/lib:/home/movo_base/movobase_ws/install/omni_wheel_controller/lib:/home/movo_base/movobase_ws/install/ign_ros2_control/lib:/home/movo_base/movobase_ws/src/install/sick_scan_xd/lib:/home/movo_base/movobase_ws/src/install/realsense2_camera/lib:/home/movo_base/movobase_ws/src/install/realsense2_camera_msgs/lib:/home/movo_base/movobase_ws/src/install/omni_wheel_controller/lib:/home/movo_base/movobase_ws/src/install/ign_ros2_control/lib:/home/movo_base/movobase_ws/src/install/backward_ros/lib:/opt/ros/humble/opt/rviz_ogre_vendor/lib:/opt/ros/humble/lib/x86_64-linux-gnu:/opt/ros/humble/lib /usr/bin/cmake --install /home/movo_base/movobase_ws/build/omni_wheel_controller
[73.980s] -- Install configuration: ""
[73.981s] -- Installing: /home/movo_base/movobase_ws/install/omni_wheel_controller/include/omni_wheel_controller
[73.981s] -- Installing: /home/movo_base/movobase_ws/install/omni_wheel_controller/include/omni_wheel_controller/omni_wheel_controller_parameters.hpp
[73.983s] -- Installing: /home/movo_base/movobase_ws/install/omni_wheel_controller/share/omni_wheel_controller/omni_wheel_plugin.xml
[73.987s] -- Up-to-date: /home/movo_base/movobase_ws/install/omni_wheel_controller/include/omni_wheel_controller
[73.987s] -- Installing: /home/movo_base/movobase_ws/install/omni_wheel_controller/include/omni_wheel_controller/omni_wheel_controller
[73.987s] -- Installing: /home/movo_base/movobase_ws/install/omni_wheel_controller/include/omni_wheel_controller/omni_wheel_controller/speed_limiter.hpp
[73.987s] -- Installing: /home/movo_base/movobase_ws/install/omni_wheel_controller/include/omni_wheel_controller/omni_wheel_controller/omni_wheel_controller.hpp
[73.987s] -- Installing: /home/movo_base/movobase_ws/install/omni_wheel_controller/include/omni_wheel_controller/omni_wheel_controller/visibility_control.h
[73.987s] -- Installing: /home/movo_base/movobase_ws/install/omni_wheel_controller/include/omni_wheel_controller/omni_wheel_controller/odometry.hpp
[73.987s] -- Installing: /home/movo_base/movobase_ws/install/omni_wheel_controller/lib/libomni_wheel_controller.so
[74.043s] -- Set runtime path of "/home/movo_base/movobase_ws/install/omni_wheel_controller/lib/libomni_wheel_controller.so" to ""
[74.043s] -- Installing: /home/movo_base/movobase_ws/install/omni_wheel_controller/share/omni_wheel_controller/environment/library_path.sh
[74.043s] -- Installing: /home/movo_base/movobase_ws/install/omni_wheel_controller/share/omni_wheel_controller/environment/library_path.dsv
[74.048s] -- Installing: /home/movo_base/movobase_ws/install/omni_wheel_controller/share/ament_index/resource_index/package_run_dependencies/omni_wheel_controller
[74.048s] -- Installing: /home/movo_base/movobase_ws/install/omni_wheel_controller/share/ament_index/resource_index/parent_prefix_path/omni_wheel_controller
[74.048s] -- Installing: /home/movo_base/movobase_ws/install/omni_wheel_controller/share/omni_wheel_controller/environment/ament_prefix_path.sh
[74.050s] -- Installing: /home/movo_base/movobase_ws/install/omni_wheel_controller/share/omni_wheel_controller/environment/ament_prefix_path.dsv
[74.050s] -- Installing: /home/movo_base/movobase_ws/install/omni_wheel_controller/share/omni_wheel_controller/environment/path.sh
[74.050s] -- Installing: /home/movo_base/movobase_ws/install/omni_wheel_controller/share/omni_wheel_controller/environment/path.dsv
[74.050s] -- Installing: /home/movo_base/movobase_ws/install/omni_wheel_controller/share/omni_wheel_controller/local_setup.bash
[74.050s] -- Installing: /home/movo_base/movobase_ws/install/omni_wheel_controller/share/omni_wheel_controller/local_setup.sh
[74.053s] -- Installing: /home/movo_base/movobase_ws/install/omni_wheel_controller/share/omni_wheel_controller/local_setup.zsh
[74.053s] -- Installing: /home/movo_base/movobase_ws/install/omni_wheel_controller/share/omni_wheel_controller/local_setup.dsv
[74.053s] -- Installing: /home/movo_base/movobase_ws/install/omni_wheel_controller/share/omni_wheel_controller/package.dsv
[74.053s] -- Installing: /home/movo_base/movobase_ws/install/omni_wheel_controller/share/ament_index/resource_index/packages/omni_wheel_controller
[74.053s] -- Installing: /home/movo_base/movobase_ws/install/omni_wheel_controller/share/ament_index/resource_index/controller_interface__pluginlib__plugin/omni_wheel_controller
[74.053s] -- Installing: /home/movo_base/movobase_ws/install/omni_wheel_controller/share/omni_wheel_controller/cmake/export_omni_wheel_controllerExport.cmake
[74.053s] -- Installing: /home/movo_base/movobase_ws/install/omni_wheel_controller/share/omni_wheel_controller/cmake/export_omni_wheel_controllerExport-noconfig.cmake
[74.053s] -- Installing: /home/movo_base/movobase_ws/install/omni_wheel_controller/share/omni_wheel_controller/cmake/ament_cmake_export_dependencies-extras.cmake
[74.057s] -- Installing: /home/movo_base/movobase_ws/install/omni_wheel_controller/share/omni_wheel_controller/cmake/ament_cmake_export_targets-extras.cmake
[74.057s] -- Installing: /home/movo_base/movobase_ws/install/omni_wheel_controller/share/omni_wheel_controller/cmake/omni_wheel_controllerConfig.cmake
[74.057s] -- Installing: /home/movo_base/movobase_ws/install/omni_wheel_controller/share/omni_wheel_controller/cmake/omni_wheel_controllerConfig-version.cmake
[74.057s] -- Installing: /home/movo_base/movobase_ws/install/omni_wheel_controller/share/omni_wheel_controller/package.xml
[74.063s] Invoked command in '/home/movo_base/movobase_ws/build/omni_wheel_controller' returned '0': CMAKE_PREFIX_PATH=/home/movo_base/movobase_ws/install/backward_ros:/home/movo_base/movobase_ws/install/velocity_pub:/home/movo_base/movobase_ws/install/tm_imu:/home/movo_base/movobase_ws/install/sick_scan_xd:/home/movo_base/movobase_ws/install/sample_robot_sim:/home/movo_base/movobase_ws/install/sample_robot_description:/home/movo_base/movobase_ws/install/realsense2_description:/home/movo_base/movobase_ws/install/realsense2_camera:/home/movo_base/movobase_ws/install/realsense2_camera_msgs:/home/movo_base/movobase_ws/install/omni_wheel_controller:/home/movo_base/movobase_ws/install/movo_description:/home/movo_base/movobase_ws/install/ign_ros2_control_demos:/home/movo_base/movobase_ws/install/gz_ros2_control_tests:/home/movo_base/movobase_ws/install/ign_ros2_control:/home/movo_base/movobase_ws/src/install/velocity_pub:/home/movo_base/movobase_ws/src/install/sick_scan_xd:/home/movo_base/movobase_ws/src/install/sample_robot_sim:/home/movo_base/movobase_ws/src/install/sample_robot_description:/home/movo_base/movobase_ws/src/install/realsense2_description:/home/movo_base/movobase_ws/src/install/realsense2_camera:/home/movo_base/movobase_ws/src/install/realsense2_camera_msgs:/home/movo_base/movobase_ws/src/install/omni_wheel_controller:/home/movo_base/movobase_ws/src/install/movo_description:/home/movo_base/movobase_ws/src/install/ign_ros2_control_demos:/home/movo_base/movobase_ws/src/install/gz_ros2_control_tests:/home/movo_base/movobase_ws/src/install/ign_ros2_control:/home/movo_base/movobase_ws/src/install/backward_ros:/home/movo_base/movobase_ws/install/movo_nav:/home/movo_base/movobase_ws/install/movo_base_motor_control:/home/movo_base/movobase_ws/install/joy_to_twist:/home/movo_base/movobase_ws/src/install/movo_base_motor_control:/home/movo_base/movobase_ws/src/install/joy_to_twist:/opt/ros/humble LD_LIBRARY_PATH=/home/movo_base/movobase_ws/install/backward_ros/lib:/home/movo_base/movobase_ws/install/sick_scan_xd/lib:/home/movo_base/movobase_ws/install/realsense2_camera/lib:/home/movo_base/movobase_ws/install/realsense2_camera_msgs/lib:/home/movo_base/movobase_ws/install/omni_wheel_controller/lib:/home/movo_base/movobase_ws/install/ign_ros2_control/lib:/home/movo_base/movobase_ws/src/install/sick_scan_xd/lib:/home/movo_base/movobase_ws/src/install/realsense2_camera/lib:/home/movo_base/movobase_ws/src/install/realsense2_camera_msgs/lib:/home/movo_base/movobase_ws/src/install/omni_wheel_controller/lib:/home/movo_base/movobase_ws/src/install/ign_ros2_control/lib:/home/movo_base/movobase_ws/src/install/backward_ros/lib:/opt/ros/humble/opt/rviz_ogre_vendor/lib:/opt/ros/humble/lib/x86_64-linux-gnu:/opt/ros/humble/lib /usr/bin/cmake --install /home/movo_base/movobase_ws/build/omni_wheel_controller
