[0.055s] Invoking command in '/home/movo_base/movobase_ws/build/ign_ros2_control_demos': CMAKE_PREFIX_PATH=/home/movo_base/movobase_ws/install/ign_ros2_control:/home/movo_base/movobase_ws/install/velocity_pub:/home/movo_base/movobase_ws/install/tm_imu:/home/movo_base/movobase_ws/install/sick_scan_xd:/home/movo_base/movobase_ws/install/sample_robot_sim:/home/movo_base/movobase_ws/install/sample_robot_description:/home/movo_base/movobase_ws/install/realsense2_description:/home/movo_base/movobase_ws/install/realsense2_camera:/home/movo_base/movobase_ws/install/realsense2_camera_msgs:/home/movo_base/movobase_ws/install/omni_wheel_controller:/home/movo_base/movobase_ws/install/movo_description:/home/movo_base/movobase_ws/install/ign_ros2_control_demos:/home/movo_base/movobase_ws/install/gz_ros2_control_tests:/home/movo_base/movobase_ws/install/backward_ros:/home/movo_base/movobase_ws/src/install/velocity_pub:/home/movo_base/movobase_ws/src/install/sick_scan_xd:/home/movo_base/movobase_ws/src/install/sample_robot_sim:/home/movo_base/movobase_ws/src/install/sample_robot_description:/home/movo_base/movobase_ws/src/install/realsense2_description:/home/movo_base/movobase_ws/src/install/realsense2_camera:/home/movo_base/movobase_ws/src/install/realsense2_camera_msgs:/home/movo_base/movobase_ws/src/install/omni_wheel_controller:/home/movo_base/movobase_ws/src/install/movo_description:/home/movo_base/movobase_ws/src/install/ign_ros2_control_demos:/home/movo_base/movobase_ws/src/install/gz_ros2_control_tests:/home/movo_base/movobase_ws/src/install/ign_ros2_control:/home/movo_base/movobase_ws/src/install/backward_ros:/home/movo_base/movobase_ws/install/movo_nav:/home/movo_base/movobase_ws/install/movo_base_motor_control:/home/movo_base/movobase_ws/install/joy_to_twist:/home/movo_base/movobase_ws/src/install/movo_base_motor_control:/home/movo_base/movobase_ws/src/install/joy_to_twist:/opt/ros/humble LD_LIBRARY_PATH=/home/movo_base/movobase_ws/install/ign_ros2_control/lib:/home/movo_base/movobase_ws/install/sick_scan_xd/lib:/home/movo_base/movobase_ws/install/realsense2_camera/lib:/home/movo_base/movobase_ws/install/realsense2_camera_msgs/lib:/home/movo_base/movobase_ws/install/omni_wheel_controller/lib:/home/movo_base/movobase_ws/install/backward_ros/lib:/home/movo_base/movobase_ws/src/install/sick_scan_xd/lib:/home/movo_base/movobase_ws/src/install/realsense2_camera/lib:/home/movo_base/movobase_ws/src/install/realsense2_camera_msgs/lib:/home/movo_base/movobase_ws/src/install/omni_wheel_controller/lib:/home/movo_base/movobase_ws/src/install/ign_ros2_control/lib:/home/movo_base/movobase_ws/src/install/backward_ros/lib:/opt/ros/humble/opt/rviz_ogre_vendor/lib:/opt/ros/humble/lib/x86_64-linux-gnu:/opt/ros/humble/lib /usr/bin/cmake /home/movo_base/movobase_ws/src/omni_wheel_controller_sample/gz_ros2_control/ign_ros2_control_demos -DCMAKE_INSTALL_PREFIX=/home/movo_base/movobase_ws/install/ign_ros2_control_demos
[0.341s] -- The C compiler identification is GNU 12.3.0
[0.541s] -- The CXX compiler identification is GNU 12.3.0
[0.569s] -- Detecting C compiler ABI info
[0.812s] -- Detecting C compiler ABI info - done
[0.848s] -- Check for working C compiler: /usr/bin/cc - skipped
[0.849s] -- Detecting C compile features
[0.849s] -- Detecting C compile features - done
[0.857s] -- Detecting CXX compiler ABI info
[1.257s] -- Detecting CXX compiler ABI info - done
[1.305s] -- Check for working CXX compiler: /usr/bin/c++ - skipped
[1.305s] -- Detecting CXX compile features
[1.305s] -- Detecting CXX compile features - done
[1.326s] -- Found ament_cmake: 1.3.11 (/opt/ros/humble/share/ament_cmake/cmake)
[1.962s] -- Found Python3: /usr/bin/python3 (found version "3.10.12") found components: Interpreter 
[2.366s] -- Found control_msgs: 4.7.0 (/opt/ros/humble/share/control_msgs/cmake)
[2.571s] -- Found rosidl_generator_c: 3.1.6 (/opt/ros/humble/share/rosidl_generator_c/cmake)
[2.591s] -- Found rosidl_adapter: 3.1.6 (/opt/ros/humble/share/rosidl_adapter/cmake)
[2.613s] -- Found rosidl_generator_cpp: 3.1.6 (/opt/ros/humble/share/rosidl_generator_cpp/cmake)
[2.650s] -- Using all available rosidl_typesupport_c: rosidl_typesupport_fastrtps_c;rosidl_typesupport_introspection_c
[2.690s] -- Using all available rosidl_typesupport_cpp: rosidl_typesupport_fastrtps_cpp;rosidl_typesupport_introspection_cpp
[2.964s] -- Found rclcpp: 16.0.11 (/opt/ros/humble/share/rclcpp/cmake)
[3.198s] -- Found rmw_implementation_cmake: 6.1.2 (/opt/ros/humble/share/rmw_implementation_cmake/cmake)
[3.231s] -- Found rmw_fastrtps_cpp: 6.2.7 (/opt/ros/humble/share/rmw_fastrtps_cpp/cmake)
[3.625s] -- Found OpenSSL: /usr/lib/x86_64-linux-gnu/libcrypto.so (found version "3.0.2")  
[3.690s] -- Found FastRTPS: /opt/ros/humble/include  
[3.843s] -- Using RMW implementation 'rmw_fastrtps_cpp' as default
[3.901s] -- Looking for pthread.h
[4.219s] -- Looking for pthread.h - found
[4.221s] -- Performing Test CMAKE_HAVE_LIBC_PTHREAD
[4.490s] -- Performing Test CMAKE_HAVE_LIBC_PTHREAD - Success
[4.498s] -- Found Threads: TRUE  
[4.702s] -- Found rclcpp_action: 16.0.11 (/opt/ros/humble/share/rclcpp_action/cmake)
[4.840s] -- Found ament_cmake_gtest: 1.3.11 (/opt/ros/humble/share/ament_cmake_gtest/cmake)
[4.858s] -- Found ament_lint_auto: 0.12.11 (/opt/ros/humble/share/ament_lint_auto/cmake)
[5.276s] -- Added test 'copyright' to check source files copyright and LICENSE
[5.285s] -- Added test 'cppcheck' to perform static code analysis on C / C++ code
[5.294s] -- Configured cppcheck include dirs: 
[5.295s] -- Configured cppcheck exclude dirs and/or files: 
[5.309s] -- Added test 'cpplint' to check C / C++ code against the Google style
[5.309s] -- Configured cpplint exclude dirs and/or files: 
[5.309s] -- Added test 'flake8' to check Python code syntax and style conventions
[5.312s] -- Added test 'lint_cmake' to check CMake code style
[5.318s] -- Added test 'pep257' to check Python code against some of the docstring style conventions in PEP 257
[5.338s] -- Added test 'uncrustify' to check C / C++ code style
[5.339s] -- Configured uncrustify additional arguments: 
[5.346s] -- Added test 'xmllint' to check XML markup files
[5.361s] -- Configuring done
[5.449s] -- Generating done
[5.473s] -- Build files have been written to: /home/movo_base/movobase_ws/build/ign_ros2_control_demos
[5.496s] Invoked command in '/home/movo_base/movobase_ws/build/ign_ros2_control_demos' returned '0': CMAKE_PREFIX_PATH=/home/movo_base/movobase_ws/install/ign_ros2_control:/home/movo_base/movobase_ws/install/velocity_pub:/home/movo_base/movobase_ws/install/tm_imu:/home/movo_base/movobase_ws/install/sick_scan_xd:/home/movo_base/movobase_ws/install/sample_robot_sim:/home/movo_base/movobase_ws/install/sample_robot_description:/home/movo_base/movobase_ws/install/realsense2_description:/home/movo_base/movobase_ws/install/realsense2_camera:/home/movo_base/movobase_ws/install/realsense2_camera_msgs:/home/movo_base/movobase_ws/install/omni_wheel_controller:/home/movo_base/movobase_ws/install/movo_description:/home/movo_base/movobase_ws/install/ign_ros2_control_demos:/home/movo_base/movobase_ws/install/gz_ros2_control_tests:/home/movo_base/movobase_ws/install/backward_ros:/home/movo_base/movobase_ws/src/install/velocity_pub:/home/movo_base/movobase_ws/src/install/sick_scan_xd:/home/movo_base/movobase_ws/src/install/sample_robot_sim:/home/movo_base/movobase_ws/src/install/sample_robot_description:/home/movo_base/movobase_ws/src/install/realsense2_description:/home/movo_base/movobase_ws/src/install/realsense2_camera:/home/movo_base/movobase_ws/src/install/realsense2_camera_msgs:/home/movo_base/movobase_ws/src/install/omni_wheel_controller:/home/movo_base/movobase_ws/src/install/movo_description:/home/movo_base/movobase_ws/src/install/ign_ros2_control_demos:/home/movo_base/movobase_ws/src/install/gz_ros2_control_tests:/home/movo_base/movobase_ws/src/install/ign_ros2_control:/home/movo_base/movobase_ws/src/install/backward_ros:/home/movo_base/movobase_ws/install/movo_nav:/home/movo_base/movobase_ws/install/movo_base_motor_control:/home/movo_base/movobase_ws/install/joy_to_twist:/home/movo_base/movobase_ws/src/install/movo_base_motor_control:/home/movo_base/movobase_ws/src/install/joy_to_twist:/opt/ros/humble LD_LIBRARY_PATH=/home/movo_base/movobase_ws/install/ign_ros2_control/lib:/home/movo_base/movobase_ws/install/sick_scan_xd/lib:/home/movo_base/movobase_ws/install/realsense2_camera/lib:/home/movo_base/movobase_ws/install/realsense2_camera_msgs/lib:/home/movo_base/movobase_ws/install/omni_wheel_controller/lib:/home/movo_base/movobase_ws/install/backward_ros/lib:/home/movo_base/movobase_ws/src/install/sick_scan_xd/lib:/home/movo_base/movobase_ws/src/install/realsense2_camera/lib:/home/movo_base/movobase_ws/src/install/realsense2_camera_msgs/lib:/home/movo_base/movobase_ws/src/install/omni_wheel_controller/lib:/home/movo_base/movobase_ws/src/install/ign_ros2_control/lib:/home/movo_base/movobase_ws/src/install/backward_ros/lib:/opt/ros/humble/opt/rviz_ogre_vendor/lib:/opt/ros/humble/lib/x86_64-linux-gnu:/opt/ros/humble/lib /usr/bin/cmake /home/movo_base/movobase_ws/src/omni_wheel_controller_sample/gz_ros2_control/ign_ros2_control_demos -DCMAKE_INSTALL_PREFIX=/home/movo_base/movobase_ws/install/ign_ros2_control_demos
[5.507s] Invoking command in '/home/movo_base/movobase_ws/build/ign_ros2_control_demos': CMAKE_PREFIX_PATH=/home/movo_base/movobase_ws/install/ign_ros2_control:/home/movo_base/movobase_ws/install/velocity_pub:/home/movo_base/movobase_ws/install/tm_imu:/home/movo_base/movobase_ws/install/sick_scan_xd:/home/movo_base/movobase_ws/install/sample_robot_sim:/home/movo_base/movobase_ws/install/sample_robot_description:/home/movo_base/movobase_ws/install/realsense2_description:/home/movo_base/movobase_ws/install/realsense2_camera:/home/movo_base/movobase_ws/install/realsense2_camera_msgs:/home/movo_base/movobase_ws/install/omni_wheel_controller:/home/movo_base/movobase_ws/install/movo_description:/home/movo_base/movobase_ws/install/ign_ros2_control_demos:/home/movo_base/movobase_ws/install/gz_ros2_control_tests:/home/movo_base/movobase_ws/install/backward_ros:/home/movo_base/movobase_ws/src/install/velocity_pub:/home/movo_base/movobase_ws/src/install/sick_scan_xd:/home/movo_base/movobase_ws/src/install/sample_robot_sim:/home/movo_base/movobase_ws/src/install/sample_robot_description:/home/movo_base/movobase_ws/src/install/realsense2_description:/home/movo_base/movobase_ws/src/install/realsense2_camera:/home/movo_base/movobase_ws/src/install/realsense2_camera_msgs:/home/movo_base/movobase_ws/src/install/omni_wheel_controller:/home/movo_base/movobase_ws/src/install/movo_description:/home/movo_base/movobase_ws/src/install/ign_ros2_control_demos:/home/movo_base/movobase_ws/src/install/gz_ros2_control_tests:/home/movo_base/movobase_ws/src/install/ign_ros2_control:/home/movo_base/movobase_ws/src/install/backward_ros:/home/movo_base/movobase_ws/install/movo_nav:/home/movo_base/movobase_ws/install/movo_base_motor_control:/home/movo_base/movobase_ws/install/joy_to_twist:/home/movo_base/movobase_ws/src/install/movo_base_motor_control:/home/movo_base/movobase_ws/src/install/joy_to_twist:/opt/ros/humble LD_LIBRARY_PATH=/home/movo_base/movobase_ws/install/ign_ros2_control/lib:/home/movo_base/movobase_ws/install/sick_scan_xd/lib:/home/movo_base/movobase_ws/install/realsense2_camera/lib:/home/movo_base/movobase_ws/install/realsense2_camera_msgs/lib:/home/movo_base/movobase_ws/install/omni_wheel_controller/lib:/home/movo_base/movobase_ws/install/backward_ros/lib:/home/movo_base/movobase_ws/src/install/sick_scan_xd/lib:/home/movo_base/movobase_ws/src/install/realsense2_camera/lib:/home/movo_base/movobase_ws/src/install/realsense2_camera_msgs/lib:/home/movo_base/movobase_ws/src/install/omni_wheel_controller/lib:/home/movo_base/movobase_ws/src/install/ign_ros2_control/lib:/home/movo_base/movobase_ws/src/install/backward_ros/lib:/opt/ros/humble/opt/rviz_ogre_vendor/lib:/opt/ros/humble/lib/x86_64-linux-gnu:/opt/ros/humble/lib /usr/bin/cmake --build /home/movo_base/movobase_ws/build/ign_ros2_control_demos -- -j4 -l4
[5.704s] [  8%] [32mBuilding CXX object CMakeFiles/example_position.dir/examples/example_position.cpp.o[0m
[18.969s] [ 16%] [32m[1mLinking CXX executable example_position[0m
[19.502s] [ 16%] Built target example_position
[19.575s] [ 25%] [32mBuilding CXX object CMakeFiles/example_diff_drive.dir/examples/example_diff_drive.cpp.o[0m
[31.589s] [ 33%] [32m[1mLinking CXX executable example_diff_drive[0m
[32.092s] [ 33%] Built target example_diff_drive
[32.211s] [ 41%] [32mBuilding CXX object CMakeFiles/example_tricycle_drive.dir/examples/example_tricycle_drive.cpp.o[0m
[43.602s] [ 50%] [32m[1mLinking CXX executable example_tricycle_drive[0m
[44.098s] [ 50%] Built target example_tricycle_drive
[44.158s] [ 58%] [32mBuilding CXX object CMakeFiles/example_gripper.dir/examples/example_gripper.cpp.o[0m
[53.982s] [ 66%] [32m[1mLinking CXX executable example_gripper[0m
[54.393s] [ 66%] Built target example_gripper
[54.496s] [ 75%] [32mBuilding CXX object CMakeFiles/example_effort.dir/examples/example_effort.cpp.o[0m
[66.225s] [ 83%] [32m[1mLinking CXX executable example_effort[0m
[67.072s] [ 83%] Built target example_effort
[67.166s] [ 91%] [32mBuilding CXX object CMakeFiles/example_velocity.dir/examples/example_velocity.cpp.o[0m
[78.703s] [100%] [32m[1mLinking CXX executable example_velocity[0m
[79.115s] [100%] Built target example_velocity
[79.175s] Invoked command in '/home/movo_base/movobase_ws/build/ign_ros2_control_demos' returned '0': CMAKE_PREFIX_PATH=/home/movo_base/movobase_ws/install/ign_ros2_control:/home/movo_base/movobase_ws/install/velocity_pub:/home/movo_base/movobase_ws/install/tm_imu:/home/movo_base/movobase_ws/install/sick_scan_xd:/home/movo_base/movobase_ws/install/sample_robot_sim:/home/movo_base/movobase_ws/install/sample_robot_description:/home/movo_base/movobase_ws/install/realsense2_description:/home/movo_base/movobase_ws/install/realsense2_camera:/home/movo_base/movobase_ws/install/realsense2_camera_msgs:/home/movo_base/movobase_ws/install/omni_wheel_controller:/home/movo_base/movobase_ws/install/movo_description:/home/movo_base/movobase_ws/install/ign_ros2_control_demos:/home/movo_base/movobase_ws/install/gz_ros2_control_tests:/home/movo_base/movobase_ws/install/backward_ros:/home/movo_base/movobase_ws/src/install/velocity_pub:/home/movo_base/movobase_ws/src/install/sick_scan_xd:/home/movo_base/movobase_ws/src/install/sample_robot_sim:/home/movo_base/movobase_ws/src/install/sample_robot_description:/home/movo_base/movobase_ws/src/install/realsense2_description:/home/movo_base/movobase_ws/src/install/realsense2_camera:/home/movo_base/movobase_ws/src/install/realsense2_camera_msgs:/home/movo_base/movobase_ws/src/install/omni_wheel_controller:/home/movo_base/movobase_ws/src/install/movo_description:/home/movo_base/movobase_ws/src/install/ign_ros2_control_demos:/home/movo_base/movobase_ws/src/install/gz_ros2_control_tests:/home/movo_base/movobase_ws/src/install/ign_ros2_control:/home/movo_base/movobase_ws/src/install/backward_ros:/home/movo_base/movobase_ws/install/movo_nav:/home/movo_base/movobase_ws/install/movo_base_motor_control:/home/movo_base/movobase_ws/install/joy_to_twist:/home/movo_base/movobase_ws/src/install/movo_base_motor_control:/home/movo_base/movobase_ws/src/install/joy_to_twist:/opt/ros/humble LD_LIBRARY_PATH=/home/movo_base/movobase_ws/install/ign_ros2_control/lib:/home/movo_base/movobase_ws/install/sick_scan_xd/lib:/home/movo_base/movobase_ws/install/realsense2_camera/lib:/home/movo_base/movobase_ws/install/realsense2_camera_msgs/lib:/home/movo_base/movobase_ws/install/omni_wheel_controller/lib:/home/movo_base/movobase_ws/install/backward_ros/lib:/home/movo_base/movobase_ws/src/install/sick_scan_xd/lib:/home/movo_base/movobase_ws/src/install/realsense2_camera/lib:/home/movo_base/movobase_ws/src/install/realsense2_camera_msgs/lib:/home/movo_base/movobase_ws/src/install/omni_wheel_controller/lib:/home/movo_base/movobase_ws/src/install/ign_ros2_control/lib:/home/movo_base/movobase_ws/src/install/backward_ros/lib:/opt/ros/humble/opt/rviz_ogre_vendor/lib:/opt/ros/humble/lib/x86_64-linux-gnu:/opt/ros/humble/lib /usr/bin/cmake --build /home/movo_base/movobase_ws/build/ign_ros2_control_demos -- -j4 -l4
[79.178s] Invoking command in '/home/movo_base/movobase_ws/build/ign_ros2_control_demos': CMAKE_PREFIX_PATH=/home/movo_base/movobase_ws/install/ign_ros2_control:/home/movo_base/movobase_ws/install/velocity_pub:/home/movo_base/movobase_ws/install/tm_imu:/home/movo_base/movobase_ws/install/sick_scan_xd:/home/movo_base/movobase_ws/install/sample_robot_sim:/home/movo_base/movobase_ws/install/sample_robot_description:/home/movo_base/movobase_ws/install/realsense2_description:/home/movo_base/movobase_ws/install/realsense2_camera:/home/movo_base/movobase_ws/install/realsense2_camera_msgs:/home/movo_base/movobase_ws/install/omni_wheel_controller:/home/movo_base/movobase_ws/install/movo_description:/home/movo_base/movobase_ws/install/ign_ros2_control_demos:/home/movo_base/movobase_ws/install/gz_ros2_control_tests:/home/movo_base/movobase_ws/install/backward_ros:/home/movo_base/movobase_ws/src/install/velocity_pub:/home/movo_base/movobase_ws/src/install/sick_scan_xd:/home/movo_base/movobase_ws/src/install/sample_robot_sim:/home/movo_base/movobase_ws/src/install/sample_robot_description:/home/movo_base/movobase_ws/src/install/realsense2_description:/home/movo_base/movobase_ws/src/install/realsense2_camera:/home/movo_base/movobase_ws/src/install/realsense2_camera_msgs:/home/movo_base/movobase_ws/src/install/omni_wheel_controller:/home/movo_base/movobase_ws/src/install/movo_description:/home/movo_base/movobase_ws/src/install/ign_ros2_control_demos:/home/movo_base/movobase_ws/src/install/gz_ros2_control_tests:/home/movo_base/movobase_ws/src/install/ign_ros2_control:/home/movo_base/movobase_ws/src/install/backward_ros:/home/movo_base/movobase_ws/install/movo_nav:/home/movo_base/movobase_ws/install/movo_base_motor_control:/home/movo_base/movobase_ws/install/joy_to_twist:/home/movo_base/movobase_ws/src/install/movo_base_motor_control:/home/movo_base/movobase_ws/src/install/joy_to_twist:/opt/ros/humble LD_LIBRARY_PATH=/home/movo_base/movobase_ws/install/ign_ros2_control/lib:/home/movo_base/movobase_ws/install/sick_scan_xd/lib:/home/movo_base/movobase_ws/install/realsense2_camera/lib:/home/movo_base/movobase_ws/install/realsense2_camera_msgs/lib:/home/movo_base/movobase_ws/install/omni_wheel_controller/lib:/home/movo_base/movobase_ws/install/backward_ros/lib:/home/movo_base/movobase_ws/src/install/sick_scan_xd/lib:/home/movo_base/movobase_ws/src/install/realsense2_camera/lib:/home/movo_base/movobase_ws/src/install/realsense2_camera_msgs/lib:/home/movo_base/movobase_ws/src/install/omni_wheel_controller/lib:/home/movo_base/movobase_ws/src/install/ign_ros2_control/lib:/home/movo_base/movobase_ws/src/install/backward_ros/lib:/opt/ros/humble/opt/rviz_ogre_vendor/lib:/opt/ros/humble/lib/x86_64-linux-gnu:/opt/ros/humble/lib /usr/bin/cmake --install /home/movo_base/movobase_ws/build/ign_ros2_control_demos
[79.218s] -- Install configuration: ""
[79.218s] -- Installing: /home/movo_base/movobase_ws/install/ign_ros2_control_demos/share/ign_ros2_control_demos//launch
[79.219s] -- Installing: /home/movo_base/movobase_ws/install/ign_ros2_control_demos/share/ign_ros2_control_demos//launch/cart_example_position.launch.py
[79.221s] -- Installing: /home/movo_base/movobase_ws/install/ign_ros2_control_demos/share/ign_ros2_control_demos//launch/cart_example_effort.launch.py
[79.221s] -- Installing: /home/movo_base/movobase_ws/install/ign_ros2_control_demos/share/ign_ros2_control_demos//launch/cart_example_velocity.launch.py
[79.221s] -- Installing: /home/movo_base/movobase_ws/install/ign_ros2_control_demos/share/ign_ros2_control_demos//launch/diff_drive_example.launch.py
[79.222s] -- Installing: /home/movo_base/movobase_ws/install/ign_ros2_control_demos/share/ign_ros2_control_demos//launch/tricycle_drive_example.launch.py
[79.222s] -- Installing: /home/movo_base/movobase_ws/install/ign_ros2_control_demos/share/ign_ros2_control_demos//launch/gripper_mimic_joint_example.launch.py
[79.222s] -- Installing: /home/movo_base/movobase_ws/install/ign_ros2_control_demos/share/ign_ros2_control_demos//config
[79.222s] -- Installing: /home/movo_base/movobase_ws/install/ign_ros2_control_demos/share/ign_ros2_control_demos//config/cart_controller_position.yaml
[79.231s] -- Installing: /home/movo_base/movobase_ws/install/ign_ros2_control_demos/share/ign_ros2_control_demos//config/cart_controller_velocity.yaml
[79.231s] -- Installing: /home/movo_base/movobase_ws/install/ign_ros2_control_demos/share/ign_ros2_control_demos//config/tricycle_drive_controller.yaml
[79.231s] -- Installing: /home/movo_base/movobase_ws/install/ign_ros2_control_demos/share/ign_ros2_control_demos//config/diff_drive_controller_velocity.yaml
[79.231s] -- Installing: /home/movo_base/movobase_ws/install/ign_ros2_control_demos/share/ign_ros2_control_demos//config/cart_controller_effort.yaml
[79.237s] -- Installing: /home/movo_base/movobase_ws/install/ign_ros2_control_demos/share/ign_ros2_control_demos//config/gripper_controller.yaml
[79.237s] -- Installing: /home/movo_base/movobase_ws/install/ign_ros2_control_demos/share/ign_ros2_control_demos//urdf
[79.237s] -- Installing: /home/movo_base/movobase_ws/install/ign_ros2_control_demos/share/ign_ros2_control_demos//urdf/test_gripper_mimic_joint.xacro.urdf
[79.237s] -- Installing: /home/movo_base/movobase_ws/install/ign_ros2_control_demos/share/ign_ros2_control_demos//urdf/test_cart_effort.xacro.urdf
[79.237s] -- Installing: /home/movo_base/movobase_ws/install/ign_ros2_control_demos/share/ign_ros2_control_demos//urdf/test_cart_position.xacro.urdf
[79.237s] -- Installing: /home/movo_base/movobase_ws/install/ign_ros2_control_demos/share/ign_ros2_control_demos//urdf/test_tricycle_drive.xacro.urdf
[79.238s] -- Installing: /home/movo_base/movobase_ws/install/ign_ros2_control_demos/share/ign_ros2_control_demos//urdf/test_cart_velocity.xacro.urdf
[79.240s] -- Installing: /home/movo_base/movobase_ws/install/ign_ros2_control_demos/share/ign_ros2_control_demos//urdf/test_diff_drive.xacro.urdf
[79.240s] -- Installing: /home/movo_base/movobase_ws/install/ign_ros2_control_demos/lib/ign_ros2_control_demos/example_position
[79.248s] -- Set runtime path of "/home/movo_base/movobase_ws/install/ign_ros2_control_demos/lib/ign_ros2_control_demos/example_position" to ""
[79.248s] -- Installing: /home/movo_base/movobase_ws/install/ign_ros2_control_demos/lib/ign_ros2_control_demos/example_velocity
[79.250s] -- Set runtime path of "/home/movo_base/movobase_ws/install/ign_ros2_control_demos/lib/ign_ros2_control_demos/example_velocity" to ""
[79.250s] -- Installing: /home/movo_base/movobase_ws/install/ign_ros2_control_demos/lib/ign_ros2_control_demos/example_effort
[79.252s] -- Set runtime path of "/home/movo_base/movobase_ws/install/ign_ros2_control_demos/lib/ign_ros2_control_demos/example_effort" to ""
[79.252s] -- Installing: /home/movo_base/movobase_ws/install/ign_ros2_control_demos/lib/ign_ros2_control_demos/example_diff_drive
[79.257s] -- Set runtime path of "/home/movo_base/movobase_ws/install/ign_ros2_control_demos/lib/ign_ros2_control_demos/example_diff_drive" to ""
[79.262s] -- Installing: /home/movo_base/movobase_ws/install/ign_ros2_control_demos/lib/ign_ros2_control_demos/example_tricycle_drive
[79.263s] -- Set runtime path of "/home/movo_base/movobase_ws/install/ign_ros2_control_demos/lib/ign_ros2_control_demos/example_tricycle_drive" to ""
[79.263s] -- Installing: /home/movo_base/movobase_ws/install/ign_ros2_control_demos/lib/ign_ros2_control_demos/example_gripper
[79.266s] -- Set runtime path of "/home/movo_base/movobase_ws/install/ign_ros2_control_demos/lib/ign_ros2_control_demos/example_gripper" to ""
[79.266s] -- Installing: /home/movo_base/movobase_ws/install/ign_ros2_control_demos/share/ament_index/resource_index/package_run_dependencies/ign_ros2_control_demos
[79.267s] -- Installing: /home/movo_base/movobase_ws/install/ign_ros2_control_demos/share/ament_index/resource_index/parent_prefix_path/ign_ros2_control_demos
[79.268s] -- Installing: /home/movo_base/movobase_ws/install/ign_ros2_control_demos/share/ign_ros2_control_demos/environment/ament_prefix_path.sh
[79.268s] -- Installing: /home/movo_base/movobase_ws/install/ign_ros2_control_demos/share/ign_ros2_control_demos/environment/ament_prefix_path.dsv
[79.268s] -- Installing: /home/movo_base/movobase_ws/install/ign_ros2_control_demos/share/ign_ros2_control_demos/environment/path.sh
[79.269s] -- Installing: /home/movo_base/movobase_ws/install/ign_ros2_control_demos/share/ign_ros2_control_demos/environment/path.dsv
[79.270s] -- Installing: /home/movo_base/movobase_ws/install/ign_ros2_control_demos/share/ign_ros2_control_demos/local_setup.bash
[79.270s] -- Installing: /home/movo_base/movobase_ws/install/ign_ros2_control_demos/share/ign_ros2_control_demos/local_setup.sh
[79.271s] -- Installing: /home/movo_base/movobase_ws/install/ign_ros2_control_demos/share/ign_ros2_control_demos/local_setup.zsh
[79.271s] -- Installing: /home/movo_base/movobase_ws/install/ign_ros2_control_demos/share/ign_ros2_control_demos/local_setup.dsv
[79.272s] -- Installing: /home/movo_base/movobase_ws/install/ign_ros2_control_demos/share/ign_ros2_control_demos/package.dsv
[79.278s] -- Installing: /home/movo_base/movobase_ws/install/ign_ros2_control_demos/share/ament_index/resource_index/packages/ign_ros2_control_demos
[79.278s] -- Installing: /home/movo_base/movobase_ws/install/ign_ros2_control_demos/share/ign_ros2_control_demos/cmake/ign_ros2_control_demosConfig.cmake
[79.278s] -- Installing: /home/movo_base/movobase_ws/install/ign_ros2_control_demos/share/ign_ros2_control_demos/cmake/ign_ros2_control_demosConfig-version.cmake
[79.278s] -- Installing: /home/movo_base/movobase_ws/install/ign_ros2_control_demos/share/ign_ros2_control_demos/package.xml
[79.290s] Invoked command in '/home/movo_base/movobase_ws/build/ign_ros2_control_demos' returned '0': CMAKE_PREFIX_PATH=/home/movo_base/movobase_ws/install/ign_ros2_control:/home/movo_base/movobase_ws/install/velocity_pub:/home/movo_base/movobase_ws/install/tm_imu:/home/movo_base/movobase_ws/install/sick_scan_xd:/home/movo_base/movobase_ws/install/sample_robot_sim:/home/movo_base/movobase_ws/install/sample_robot_description:/home/movo_base/movobase_ws/install/realsense2_description:/home/movo_base/movobase_ws/install/realsense2_camera:/home/movo_base/movobase_ws/install/realsense2_camera_msgs:/home/movo_base/movobase_ws/install/omni_wheel_controller:/home/movo_base/movobase_ws/install/movo_description:/home/movo_base/movobase_ws/install/ign_ros2_control_demos:/home/movo_base/movobase_ws/install/gz_ros2_control_tests:/home/movo_base/movobase_ws/install/backward_ros:/home/movo_base/movobase_ws/src/install/velocity_pub:/home/movo_base/movobase_ws/src/install/sick_scan_xd:/home/movo_base/movobase_ws/src/install/sample_robot_sim:/home/movo_base/movobase_ws/src/install/sample_robot_description:/home/movo_base/movobase_ws/src/install/realsense2_description:/home/movo_base/movobase_ws/src/install/realsense2_camera:/home/movo_base/movobase_ws/src/install/realsense2_camera_msgs:/home/movo_base/movobase_ws/src/install/omni_wheel_controller:/home/movo_base/movobase_ws/src/install/movo_description:/home/movo_base/movobase_ws/src/install/ign_ros2_control_demos:/home/movo_base/movobase_ws/src/install/gz_ros2_control_tests:/home/movo_base/movobase_ws/src/install/ign_ros2_control:/home/movo_base/movobase_ws/src/install/backward_ros:/home/movo_base/movobase_ws/install/movo_nav:/home/movo_base/movobase_ws/install/movo_base_motor_control:/home/movo_base/movobase_ws/install/joy_to_twist:/home/movo_base/movobase_ws/src/install/movo_base_motor_control:/home/movo_base/movobase_ws/src/install/joy_to_twist:/opt/ros/humble LD_LIBRARY_PATH=/home/movo_base/movobase_ws/install/ign_ros2_control/lib:/home/movo_base/movobase_ws/install/sick_scan_xd/lib:/home/movo_base/movobase_ws/install/realsense2_camera/lib:/home/movo_base/movobase_ws/install/realsense2_camera_msgs/lib:/home/movo_base/movobase_ws/install/omni_wheel_controller/lib:/home/movo_base/movobase_ws/install/backward_ros/lib:/home/movo_base/movobase_ws/src/install/sick_scan_xd/lib:/home/movo_base/movobase_ws/src/install/realsense2_camera/lib:/home/movo_base/movobase_ws/src/install/realsense2_camera_msgs/lib:/home/movo_base/movobase_ws/src/install/omni_wheel_controller/lib:/home/movo_base/movobase_ws/src/install/ign_ros2_control/lib:/home/movo_base/movobase_ws/src/install/backward_ros/lib:/opt/ros/humble/opt/rviz_ogre_vendor/lib:/opt/ros/humble/lib/x86_64-linux-gnu:/opt/ros/humble/lib /usr/bin/cmake --install /home/movo_base/movobase_ws/build/ign_ros2_control_demos
