[0.197s] DEBUG:colcon:Command line arguments: ['/usr/bin/colcon', 'build', '--packages-select', 'movo_nav', '--symlink-install']
[0.197s] DEBUG:colcon:Parsed command line arguments: Namespace(log_base=None, log_level=None, verb_name='build', build_base='build', install_base='install', merge_install=False, symlink_install=True, test_result_base=None, continue_on_error=False, executor='parallel', parallel_workers=4, event_handlers=None, ignore_user_meta=False, metas=['./colcon.meta'], base_paths=['.'], packages_ignore=None, packages_ignore_regex=None, paths=None, packages_up_to=None, packages_up_to_regex=None, packages_above=None, packages_above_and_dependencies=None, packages_above_depth=None, packages_select_by_dep=None, packages_skip_by_dep=None, packages_skip_up_to=None, packages_select_build_failed=False, packages_skip_build_finished=False, packages_select_test_failures=False, packages_skip_test_passed=False, packages_select=['movo_nav'], packages_skip=None, packages_select_regex=None, packages_skip_regex=None, packages_start=None, packages_end=None, allow_overriding=[], cmake_args=None, cmake_target=None, cmake_target_skip_unavailable=False, cmake_clean_cache=False, cmake_clean_first=False, cmake_force_configure=False, ament_cmake_args=None, catkin_cmake_args=None, catkin_skip_building_tests=False, verb_parser=<colcon_defaults.argument_parser.defaults.DefaultArgumentsDecorator object at 0x7bfc9766e1a0>, verb_extension=<colcon_core.verb.build.BuildVerb object at 0x7bfc9762c460>, main=<bound method BuildVerb.main of <colcon_core.verb.build.BuildVerb object at 0x7bfc9762c460>>)
[0.580s] Level 1:colcon.colcon_core.package_discovery:discover_packages(colcon_meta) check parameters
[0.580s] Level 1:colcon.colcon_core.package_discovery:discover_packages(recursive) check parameters
[0.580s] Level 1:colcon.colcon_core.package_discovery:discover_packages(ignore) check parameters
[0.580s] Level 1:colcon.colcon_core.package_discovery:discover_packages(path) check parameters
[0.580s] Level 1:colcon.colcon_core.package_discovery:discover_packages(colcon_meta) discover
[0.580s] Level 1:colcon.colcon_core.package_discovery:discover_packages(recursive) discover
[0.580s] INFO:colcon.colcon_core.package_discovery:Crawling recursively for packages in '/home/movo_base/movobase_ws'
[0.581s] Level 1:colcon.colcon_core.package_identification:_identify(.) by extensions ['ignore', 'ignore_ament_install']
[0.581s] Level 1:colcon.colcon_core.package_identification:_identify(.) by extension 'ignore'
[0.581s] Level 1:colcon.colcon_core.package_identification:_identify(.) by extension 'ignore_ament_install'
[0.581s] Level 1:colcon.colcon_core.package_identification:_identify(.) by extensions ['colcon_pkg']
[0.581s] Level 1:colcon.colcon_core.package_identification:_identify(.) by extension 'colcon_pkg'
[0.581s] Level 1:colcon.colcon_core.package_identification:_identify(.) by extensions ['colcon_meta']
[0.581s] Level 1:colcon.colcon_core.package_identification:_identify(.) by extension 'colcon_meta'
[0.581s] Level 1:colcon.colcon_core.package_identification:_identify(.) by extensions ['ros']
[0.581s] Level 1:colcon.colcon_core.package_identification:_identify(.) by extension 'ros'
[0.596s] Level 1:colcon.colcon_core.package_identification:_identify(.) by extensions ['cmake', 'python']
[0.596s] Level 1:colcon.colcon_core.package_identification:_identify(.) by extension 'cmake'
[0.596s] Level 1:colcon.colcon_core.package_identification:_identify(.) by extension 'python'
[0.596s] Level 1:colcon.colcon_core.package_identification:_identify(.) by extensions ['python_setup_py']
[0.597s] Level 1:colcon.colcon_core.package_identification:_identify(.) by extension 'python_setup_py'
[0.597s] Level 1:colcon.colcon_core.package_identification:_identify(build) by extensions ['ignore', 'ignore_ament_install']
[0.597s] Level 1:colcon.colcon_core.package_identification:_identify(build) by extension 'ignore'
[0.597s] Level 1:colcon.colcon_core.package_identification:_identify(build) ignored
[0.597s] Level 1:colcon.colcon_core.package_identification:_identify(install) by extensions ['ignore', 'ignore_ament_install']
[0.597s] Level 1:colcon.colcon_core.package_identification:_identify(install) by extension 'ignore'
[0.597s] Level 1:colcon.colcon_core.package_identification:_identify(install) ignored
[0.598s] Level 1:colcon.colcon_core.package_identification:_identify(kinova-movo) by extensions ['ignore', 'ignore_ament_install']
[0.598s] Level 1:colcon.colcon_core.package_identification:_identify(kinova-movo) by extension 'ignore'
[0.598s] Level 1:colcon.colcon_core.package_identification:_identify(kinova-movo) ignored
[0.598s] Level 1:colcon.colcon_core.package_identification:_identify(log) by extensions ['ignore', 'ignore_ament_install']
[0.598s] Level 1:colcon.colcon_core.package_identification:_identify(log) by extension 'ignore'
[0.598s] Level 1:colcon.colcon_core.package_identification:_identify(log) ignored
[0.598s] Level 1:colcon.colcon_core.package_identification:_identify(src) by extensions ['ignore', 'ignore_ament_install']
[0.598s] Level 1:colcon.colcon_core.package_identification:_identify(src) by extension 'ignore'
[0.598s] Level 1:colcon.colcon_core.package_identification:_identify(src) by extension 'ignore_ament_install'
[0.599s] Level 1:colcon.colcon_core.package_identification:_identify(src) by extensions ['colcon_pkg']
[0.599s] Level 1:colcon.colcon_core.package_identification:_identify(src) by extension 'colcon_pkg'
[0.599s] Level 1:colcon.colcon_core.package_identification:_identify(src) by extensions ['colcon_meta']
[0.599s] Level 1:colcon.colcon_core.package_identification:_identify(src) by extension 'colcon_meta'
[0.599s] Level 1:colcon.colcon_core.package_identification:_identify(src) by extensions ['ros']
[0.599s] Level 1:colcon.colcon_core.package_identification:_identify(src) by extension 'ros'
[0.599s] Level 1:colcon.colcon_core.package_identification:_identify(src) by extensions ['cmake', 'python']
[0.599s] Level 1:colcon.colcon_core.package_identification:_identify(src) by extension 'cmake'
[0.599s] Level 1:colcon.colcon_core.package_identification:_identify(src) by extension 'python'
[0.599s] Level 1:colcon.colcon_core.package_identification:_identify(src) by extensions ['python_setup_py']
[0.599s] Level 1:colcon.colcon_core.package_identification:_identify(src) by extension 'python_setup_py'
[0.599s] Level 1:colcon.colcon_core.package_identification:_identify(src/backward_ros) by extensions ['ignore', 'ignore_ament_install']
[0.599s] Level 1:colcon.colcon_core.package_identification:_identify(src/backward_ros) by extension 'ignore'
[0.600s] Level 1:colcon.colcon_core.package_identification:_identify(src/backward_ros) by extension 'ignore_ament_install'
[0.600s] Level 1:colcon.colcon_core.package_identification:_identify(src/backward_ros) by extensions ['colcon_pkg']
[0.600s] Level 1:colcon.colcon_core.package_identification:_identify(src/backward_ros) by extension 'colcon_pkg'
[0.600s] Level 1:colcon.colcon_core.package_identification:_identify(src/backward_ros) by extensions ['colcon_meta']
[0.600s] Level 1:colcon.colcon_core.package_identification:_identify(src/backward_ros) by extension 'colcon_meta'
[0.600s] Level 1:colcon.colcon_core.package_identification:_identify(src/backward_ros) by extensions ['ros']
[0.600s] Level 1:colcon.colcon_core.package_identification:_identify(src/backward_ros) by extension 'ros'
[0.604s] DEBUG:colcon.colcon_core.package_identification:Package 'src/backward_ros' with type 'ros.cmake' and name 'backward_ros'
[0.604s] Level 1:colcon.colcon_core.package_identification:_identify(src/build) by extensions ['ignore', 'ignore_ament_install']
[0.604s] Level 1:colcon.colcon_core.package_identification:_identify(src/build) by extension 'ignore'
[0.604s] Level 1:colcon.colcon_core.package_identification:_identify(src/build) ignored
[0.604s] Level 1:colcon.colcon_core.package_identification:_identify(src/install) by extensions ['ignore', 'ignore_ament_install']
[0.605s] Level 1:colcon.colcon_core.package_identification:_identify(src/install) by extension 'ignore'
[0.605s] Level 1:colcon.colcon_core.package_identification:_identify(src/install) ignored
[0.605s] Level 1:colcon.colcon_core.package_identification:_identify(src/joy_to_twist) by extensions ['ignore', 'ignore_ament_install']
[0.605s] Level 1:colcon.colcon_core.package_identification:_identify(src/joy_to_twist) by extension 'ignore'
[0.605s] Level 1:colcon.colcon_core.package_identification:_identify(src/joy_to_twist) by extension 'ignore_ament_install'
[0.605s] Level 1:colcon.colcon_core.package_identification:_identify(src/joy_to_twist) by extensions ['colcon_pkg']
[0.605s] Level 1:colcon.colcon_core.package_identification:_identify(src/joy_to_twist) by extension 'colcon_pkg'
[0.605s] Level 1:colcon.colcon_core.package_identification:_identify(src/joy_to_twist) by extensions ['colcon_meta']
[0.605s] Level 1:colcon.colcon_core.package_identification:_identify(src/joy_to_twist) by extension 'colcon_meta'
[0.605s] Level 1:colcon.colcon_core.package_identification:_identify(src/joy_to_twist) by extensions ['ros']
[0.605s] Level 1:colcon.colcon_core.package_identification:_identify(src/joy_to_twist) by extension 'ros'
[0.607s] DEBUG:colcon.colcon_core.package_identification:Package 'src/joy_to_twist' with type 'ros.ament_python' and name 'joy_to_twist'
[0.607s] Level 1:colcon.colcon_core.package_identification:_identify(src/log) by extensions ['ignore', 'ignore_ament_install']
[0.607s] Level 1:colcon.colcon_core.package_identification:_identify(src/log) by extension 'ignore'
[0.607s] Level 1:colcon.colcon_core.package_identification:_identify(src/log) ignored
[0.607s] Level 1:colcon.colcon_core.package_identification:_identify(src/movo_base_motor_control) by extensions ['ignore', 'ignore_ament_install']
[0.607s] Level 1:colcon.colcon_core.package_identification:_identify(src/movo_base_motor_control) by extension 'ignore'
[0.608s] Level 1:colcon.colcon_core.package_identification:_identify(src/movo_base_motor_control) by extension 'ignore_ament_install'
[0.608s] Level 1:colcon.colcon_core.package_identification:_identify(src/movo_base_motor_control) by extensions ['colcon_pkg']
[0.608s] Level 1:colcon.colcon_core.package_identification:_identify(src/movo_base_motor_control) by extension 'colcon_pkg'
[0.608s] Level 1:colcon.colcon_core.package_identification:_identify(src/movo_base_motor_control) by extensions ['colcon_meta']
[0.608s] Level 1:colcon.colcon_core.package_identification:_identify(src/movo_base_motor_control) by extension 'colcon_meta'
[0.608s] Level 1:colcon.colcon_core.package_identification:_identify(src/movo_base_motor_control) by extensions ['ros']
[0.608s] Level 1:colcon.colcon_core.package_identification:_identify(src/movo_base_motor_control) by extension 'ros'
[0.609s] DEBUG:colcon.colcon_core.package_identification:Package 'src/movo_base_motor_control' with type 'ros.ament_python' and name 'movo_base_motor_control'
[0.609s] Level 1:colcon.colcon_core.package_identification:_identify(src/movo_description) by extensions ['ignore', 'ignore_ament_install']
[0.609s] Level 1:colcon.colcon_core.package_identification:_identify(src/movo_description) by extension 'ignore'
[0.609s] Level 1:colcon.colcon_core.package_identification:_identify(src/movo_description) by extension 'ignore_ament_install'
[0.609s] Level 1:colcon.colcon_core.package_identification:_identify(src/movo_description) by extensions ['colcon_pkg']
[0.610s] Level 1:colcon.colcon_core.package_identification:_identify(src/movo_description) by extension 'colcon_pkg'
[0.610s] Level 1:colcon.colcon_core.package_identification:_identify(src/movo_description) by extensions ['colcon_meta']
[0.610s] Level 1:colcon.colcon_core.package_identification:_identify(src/movo_description) by extension 'colcon_meta'
[0.610s] Level 1:colcon.colcon_core.package_identification:_identify(src/movo_description) by extensions ['ros']
[0.610s] Level 1:colcon.colcon_core.package_identification:_identify(src/movo_description) by extension 'ros'
[0.611s] DEBUG:colcon.colcon_core.package_identification:Package 'src/movo_description' with type 'ros.ament_cmake' and name 'movo_description'
[0.611s] Level 1:colcon.colcon_core.package_identification:_identify(src/movo_nav) by extensions ['ignore', 'ignore_ament_install']
[0.611s] Level 1:colcon.colcon_core.package_identification:_identify(src/movo_nav) by extension 'ignore'
[0.611s] Level 1:colcon.colcon_core.package_identification:_identify(src/movo_nav) by extension 'ignore_ament_install'
[0.611s] Level 1:colcon.colcon_core.package_identification:_identify(src/movo_nav) by extensions ['colcon_pkg']
[0.611s] Level 1:colcon.colcon_core.package_identification:_identify(src/movo_nav) by extension 'colcon_pkg'
[0.611s] Level 1:colcon.colcon_core.package_identification:_identify(src/movo_nav) by extensions ['colcon_meta']
[0.611s] Level 1:colcon.colcon_core.package_identification:_identify(src/movo_nav) by extension 'colcon_meta'
[0.612s] Level 1:colcon.colcon_core.package_identification:_identify(src/movo_nav) by extensions ['ros']
[0.612s] Level 1:colcon.colcon_core.package_identification:_identify(src/movo_nav) by extension 'ros'
[0.613s] DEBUG:colcon.colcon_core.package_identification:Package 'src/movo_nav' with type 'ros.ament_python' and name 'movo_nav'
[0.613s] Level 1:colcon.colcon_core.package_identification:_identify(src/omni_wheel_controller_sample) by extensions ['ignore', 'ignore_ament_install']
[0.613s] Level 1:colcon.colcon_core.package_identification:_identify(src/omni_wheel_controller_sample) by extension 'ignore'
[0.613s] Level 1:colcon.colcon_core.package_identification:_identify(src/omni_wheel_controller_sample) by extension 'ignore_ament_install'
[0.613s] Level 1:colcon.colcon_core.package_identification:_identify(src/omni_wheel_controller_sample) by extensions ['colcon_pkg']
[0.614s] Level 1:colcon.colcon_core.package_identification:_identify(src/omni_wheel_controller_sample) by extension 'colcon_pkg'
[0.614s] Level 1:colcon.colcon_core.package_identification:_identify(src/omni_wheel_controller_sample) by extensions ['colcon_meta']
[0.614s] Level 1:colcon.colcon_core.package_identification:_identify(src/omni_wheel_controller_sample) by extension 'colcon_meta'
[0.614s] Level 1:colcon.colcon_core.package_identification:_identify(src/omni_wheel_controller_sample) by extensions ['ros']
[0.614s] Level 1:colcon.colcon_core.package_identification:_identify(src/omni_wheel_controller_sample) by extension 'ros'
[0.614s] Level 1:colcon.colcon_core.package_identification:_identify(src/omni_wheel_controller_sample) by extensions ['cmake', 'python']
[0.614s] Level 1:colcon.colcon_core.package_identification:_identify(src/omni_wheel_controller_sample) by extension 'cmake'
[0.614s] Level 1:colcon.colcon_core.package_identification:_identify(src/omni_wheel_controller_sample) by extension 'python'
[0.614s] Level 1:colcon.colcon_core.package_identification:_identify(src/omni_wheel_controller_sample) by extensions ['python_setup_py']
[0.614s] Level 1:colcon.colcon_core.package_identification:_identify(src/omni_wheel_controller_sample) by extension 'python_setup_py'
[0.614s] Level 1:colcon.colcon_core.package_identification:_identify(src/omni_wheel_controller_sample/gz_ros2_control) by extensions ['ignore', 'ignore_ament_install']
[0.614s] Level 1:colcon.colcon_core.package_identification:_identify(src/omni_wheel_controller_sample/gz_ros2_control) by extension 'ignore'
[0.615s] Level 1:colcon.colcon_core.package_identification:_identify(src/omni_wheel_controller_sample/gz_ros2_control) by extension 'ignore_ament_install'
[0.615s] Level 1:colcon.colcon_core.package_identification:_identify(src/omni_wheel_controller_sample/gz_ros2_control) by extensions ['colcon_pkg']
[0.615s] Level 1:colcon.colcon_core.package_identification:_identify(src/omni_wheel_controller_sample/gz_ros2_control) by extension 'colcon_pkg'
[0.615s] Level 1:colcon.colcon_core.package_identification:_identify(src/omni_wheel_controller_sample/gz_ros2_control) by extensions ['colcon_meta']
[0.615s] Level 1:colcon.colcon_core.package_identification:_identify(src/omni_wheel_controller_sample/gz_ros2_control) by extension 'colcon_meta'
[0.615s] Level 1:colcon.colcon_core.package_identification:_identify(src/omni_wheel_controller_sample/gz_ros2_control) by extensions ['ros']
[0.615s] Level 1:colcon.colcon_core.package_identification:_identify(src/omni_wheel_controller_sample/gz_ros2_control) by extension 'ros'
[0.615s] Level 1:colcon.colcon_core.package_identification:_identify(src/omni_wheel_controller_sample/gz_ros2_control) by extensions ['cmake', 'python']
[0.615s] Level 1:colcon.colcon_core.package_identification:_identify(src/omni_wheel_controller_sample/gz_ros2_control) by extension 'cmake'
[0.615s] Level 1:colcon.colcon_core.package_identification:_identify(src/omni_wheel_controller_sample/gz_ros2_control) by extension 'python'
[0.615s] Level 1:colcon.colcon_core.package_identification:_identify(src/omni_wheel_controller_sample/gz_ros2_control) by extensions ['python_setup_py']
[0.615s] Level 1:colcon.colcon_core.package_identification:_identify(src/omni_wheel_controller_sample/gz_ros2_control) by extension 'python_setup_py'
[0.615s] Level 1:colcon.colcon_core.package_identification:_identify(src/omni_wheel_controller_sample/gz_ros2_control/Dockerfile) by extensions ['ignore', 'ignore_ament_install']
[0.615s] Level 1:colcon.colcon_core.package_identification:_identify(src/omni_wheel_controller_sample/gz_ros2_control/Dockerfile) by extension 'ignore'
[0.616s] Level 1:colcon.colcon_core.package_identification:_identify(src/omni_wheel_controller_sample/gz_ros2_control/Dockerfile) by extension 'ignore_ament_install'
[0.616s] Level 1:colcon.colcon_core.package_identification:_identify(src/omni_wheel_controller_sample/gz_ros2_control/Dockerfile) by extensions ['colcon_pkg']
[0.616s] Level 1:colcon.colcon_core.package_identification:_identify(src/omni_wheel_controller_sample/gz_ros2_control/Dockerfile) by extension 'colcon_pkg'
[0.616s] Level 1:colcon.colcon_core.package_identification:_identify(src/omni_wheel_controller_sample/gz_ros2_control/Dockerfile) by extensions ['colcon_meta']
[0.616s] Level 1:colcon.colcon_core.package_identification:_identify(src/omni_wheel_controller_sample/gz_ros2_control/Dockerfile) by extension 'colcon_meta'
[0.616s] Level 1:colcon.colcon_core.package_identification:_identify(src/omni_wheel_controller_sample/gz_ros2_control/Dockerfile) by extensions ['ros']
[0.616s] Level 1:colcon.colcon_core.package_identification:_identify(src/omni_wheel_controller_sample/gz_ros2_control/Dockerfile) by extension 'ros'
[0.616s] Level 1:colcon.colcon_core.package_identification:_identify(src/omni_wheel_controller_sample/gz_ros2_control/Dockerfile) by extensions ['cmake', 'python']
[0.616s] Level 1:colcon.colcon_core.package_identification:_identify(src/omni_wheel_controller_sample/gz_ros2_control/Dockerfile) by extension 'cmake'
[0.616s] Level 1:colcon.colcon_core.package_identification:_identify(src/omni_wheel_controller_sample/gz_ros2_control/Dockerfile) by extension 'python'
[0.616s] Level 1:colcon.colcon_core.package_identification:_identify(src/omni_wheel_controller_sample/gz_ros2_control/Dockerfile) by extensions ['python_setup_py']
[0.616s] Level 1:colcon.colcon_core.package_identification:_identify(src/omni_wheel_controller_sample/gz_ros2_control/Dockerfile) by extension 'python_setup_py'
[0.616s] Level 1:colcon.colcon_core.package_identification:_identify(src/omni_wheel_controller_sample/gz_ros2_control/doc) by extensions ['ignore', 'ignore_ament_install']
[0.617s] Level 1:colcon.colcon_core.package_identification:_identify(src/omni_wheel_controller_sample/gz_ros2_control/doc) by extension 'ignore'
[0.617s] Level 1:colcon.colcon_core.package_identification:_identify(src/omni_wheel_controller_sample/gz_ros2_control/doc) by extension 'ignore_ament_install'
[0.617s] Level 1:colcon.colcon_core.package_identification:_identify(src/omni_wheel_controller_sample/gz_ros2_control/doc) by extensions ['colcon_pkg']
[0.617s] Level 1:colcon.colcon_core.package_identification:_identify(src/omni_wheel_controller_sample/gz_ros2_control/doc) by extension 'colcon_pkg'
[0.617s] Level 1:colcon.colcon_core.package_identification:_identify(src/omni_wheel_controller_sample/gz_ros2_control/doc) by extensions ['colcon_meta']
[0.617s] Level 1:colcon.colcon_core.package_identification:_identify(src/omni_wheel_controller_sample/gz_ros2_control/doc) by extension 'colcon_meta'
[0.617s] Level 1:colcon.colcon_core.package_identification:_identify(src/omni_wheel_controller_sample/gz_ros2_control/doc) by extensions ['ros']
[0.617s] Level 1:colcon.colcon_core.package_identification:_identify(src/omni_wheel_controller_sample/gz_ros2_control/doc) by extension 'ros'
[0.617s] Level 1:colcon.colcon_core.package_identification:_identify(src/omni_wheel_controller_sample/gz_ros2_control/doc) by extensions ['cmake', 'python']
[0.617s] Level 1:colcon.colcon_core.package_identification:_identify(src/omni_wheel_controller_sample/gz_ros2_control/doc) by extension 'cmake'
[0.617s] Level 1:colcon.colcon_core.package_identification:_identify(src/omni_wheel_controller_sample/gz_ros2_control/doc) by extension 'python'
[0.617s] Level 1:colcon.colcon_core.package_identification:_identify(src/omni_wheel_controller_sample/gz_ros2_control/doc) by extensions ['python_setup_py']
[0.617s] Level 1:colcon.colcon_core.package_identification:_identify(src/omni_wheel_controller_sample/gz_ros2_control/doc) by extension 'python_setup_py'
[0.617s] Level 1:colcon.colcon_core.package_identification:_identify(src/omni_wheel_controller_sample/gz_ros2_control/doc/img) by extensions ['ignore', 'ignore_ament_install']
[0.618s] Level 1:colcon.colcon_core.package_identification:_identify(src/omni_wheel_controller_sample/gz_ros2_control/doc/img) by extension 'ignore'
[0.618s] Level 1:colcon.colcon_core.package_identification:_identify(src/omni_wheel_controller_sample/gz_ros2_control/doc/img) by extension 'ignore_ament_install'
[0.618s] Level 1:colcon.colcon_core.package_identification:_identify(src/omni_wheel_controller_sample/gz_ros2_control/doc/img) by extensions ['colcon_pkg']
[0.618s] Level 1:colcon.colcon_core.package_identification:_identify(src/omni_wheel_controller_sample/gz_ros2_control/doc/img) by extension 'colcon_pkg'
[0.618s] Level 1:colcon.colcon_core.package_identification:_identify(src/omni_wheel_controller_sample/gz_ros2_control/doc/img) by extensions ['colcon_meta']
[0.618s] Level 1:colcon.colcon_core.package_identification:_identify(src/omni_wheel_controller_sample/gz_ros2_control/doc/img) by extension 'colcon_meta'
[0.618s] Level 1:colcon.colcon_core.package_identification:_identify(src/omni_wheel_controller_sample/gz_ros2_control/doc/img) by extensions ['ros']
[0.618s] Level 1:colcon.colcon_core.package_identification:_identify(src/omni_wheel_controller_sample/gz_ros2_control/doc/img) by extension 'ros'
[0.618s] Level 1:colcon.colcon_core.package_identification:_identify(src/omni_wheel_controller_sample/gz_ros2_control/doc/img) by extensions ['cmake', 'python']
[0.618s] Level 1:colcon.colcon_core.package_identification:_identify(src/omni_wheel_controller_sample/gz_ros2_control/doc/img) by extension 'cmake'
[0.618s] Level 1:colcon.colcon_core.package_identification:_identify(src/omni_wheel_controller_sample/gz_ros2_control/doc/img) by extension 'python'
[0.618s] Level 1:colcon.colcon_core.package_identification:_identify(src/omni_wheel_controller_sample/gz_ros2_control/doc/img) by extensions ['python_setup_py']
[0.618s] Level 1:colcon.colcon_core.package_identification:_identify(src/omni_wheel_controller_sample/gz_ros2_control/doc/img) by extension 'python_setup_py'
[0.619s] Level 1:colcon.colcon_core.package_identification:_identify(src/omni_wheel_controller_sample/gz_ros2_control/gz_ros2_control_tests) by extensions ['ignore', 'ignore_ament_install']
[0.619s] Level 1:colcon.colcon_core.package_identification:_identify(src/omni_wheel_controller_sample/gz_ros2_control/gz_ros2_control_tests) by extension 'ignore'
[0.619s] Level 1:colcon.colcon_core.package_identification:_identify(src/omni_wheel_controller_sample/gz_ros2_control/gz_ros2_control_tests) by extension 'ignore_ament_install'
[0.619s] Level 1:colcon.colcon_core.package_identification:_identify(src/omni_wheel_controller_sample/gz_ros2_control/gz_ros2_control_tests) by extensions ['colcon_pkg']
[0.619s] Level 1:colcon.colcon_core.package_identification:_identify(src/omni_wheel_controller_sample/gz_ros2_control/gz_ros2_control_tests) by extension 'colcon_pkg'
[0.619s] Level 1:colcon.colcon_core.package_identification:_identify(src/omni_wheel_controller_sample/gz_ros2_control/gz_ros2_control_tests) by extensions ['colcon_meta']
[0.619s] Level 1:colcon.colcon_core.package_identification:_identify(src/omni_wheel_controller_sample/gz_ros2_control/gz_ros2_control_tests) by extension 'colcon_meta'
[0.619s] Level 1:colcon.colcon_core.package_identification:_identify(src/omni_wheel_controller_sample/gz_ros2_control/gz_ros2_control_tests) by extensions ['ros']
[0.619s] Level 1:colcon.colcon_core.package_identification:_identify(src/omni_wheel_controller_sample/gz_ros2_control/gz_ros2_control_tests) by extension 'ros'
[0.624s] DEBUG:colcon.colcon_core.package_identification:Package 'src/omni_wheel_controller_sample/gz_ros2_control/gz_ros2_control_tests' with type 'ros.ament_cmake' and name 'gz_ros2_control_tests'
[0.624s] Level 1:colcon.colcon_core.package_identification:_identify(src/omni_wheel_controller_sample/gz_ros2_control/ign_ros2_control) by extensions ['ignore', 'ignore_ament_install']
[0.624s] Level 1:colcon.colcon_core.package_identification:_identify(src/omni_wheel_controller_sample/gz_ros2_control/ign_ros2_control) by extension 'ignore'
[0.624s] Level 1:colcon.colcon_core.package_identification:_identify(src/omni_wheel_controller_sample/gz_ros2_control/ign_ros2_control) by extension 'ignore_ament_install'
[0.624s] Level 1:colcon.colcon_core.package_identification:_identify(src/omni_wheel_controller_sample/gz_ros2_control/ign_ros2_control) by extensions ['colcon_pkg']
[0.625s] Level 1:colcon.colcon_core.package_identification:_identify(src/omni_wheel_controller_sample/gz_ros2_control/ign_ros2_control) by extension 'colcon_pkg'
[0.625s] Level 1:colcon.colcon_core.package_identification:_identify(src/omni_wheel_controller_sample/gz_ros2_control/ign_ros2_control) by extensions ['colcon_meta']
[0.625s] Level 1:colcon.colcon_core.package_identification:_identify(src/omni_wheel_controller_sample/gz_ros2_control/ign_ros2_control) by extension 'colcon_meta'
[0.625s] Level 1:colcon.colcon_core.package_identification:_identify(src/omni_wheel_controller_sample/gz_ros2_control/ign_ros2_control) by extensions ['ros']
[0.625s] Level 1:colcon.colcon_core.package_identification:_identify(src/omni_wheel_controller_sample/gz_ros2_control/ign_ros2_control) by extension 'ros'
[0.639s] DEBUG:colcon.colcon_core.package_identification:Package 'src/omni_wheel_controller_sample/gz_ros2_control/ign_ros2_control' with type 'ros.ament_cmake' and name 'ign_ros2_control'
[0.639s] Level 1:colcon.colcon_core.package_identification:_identify(src/omni_wheel_controller_sample/gz_ros2_control/ign_ros2_control_demos) by extensions ['ignore', 'ignore_ament_install']
[0.639s] Level 1:colcon.colcon_core.package_identification:_identify(src/omni_wheel_controller_sample/gz_ros2_control/ign_ros2_control_demos) by extension 'ignore'
[0.639s] Level 1:colcon.colcon_core.package_identification:_identify(src/omni_wheel_controller_sample/gz_ros2_control/ign_ros2_control_demos) by extension 'ignore_ament_install'
[0.639s] Level 1:colcon.colcon_core.package_identification:_identify(src/omni_wheel_controller_sample/gz_ros2_control/ign_ros2_control_demos) by extensions ['colcon_pkg']
[0.639s] Level 1:colcon.colcon_core.package_identification:_identify(src/omni_wheel_controller_sample/gz_ros2_control/ign_ros2_control_demos) by extension 'colcon_pkg'
[0.639s] Level 1:colcon.colcon_core.package_identification:_identify(src/omni_wheel_controller_sample/gz_ros2_control/ign_ros2_control_demos) by extensions ['colcon_meta']
[0.639s] Level 1:colcon.colcon_core.package_identification:_identify(src/omni_wheel_controller_sample/gz_ros2_control/ign_ros2_control_demos) by extension 'colcon_meta'
[0.639s] Level 1:colcon.colcon_core.package_identification:_identify(src/omni_wheel_controller_sample/gz_ros2_control/ign_ros2_control_demos) by extensions ['ros']
[0.639s] Level 1:colcon.colcon_core.package_identification:_identify(src/omni_wheel_controller_sample/gz_ros2_control/ign_ros2_control_demos) by extension 'ros'
[0.640s] DEBUG:colcon.colcon_core.package_identification:Package 'src/omni_wheel_controller_sample/gz_ros2_control/ign_ros2_control_demos' with type 'ros.ament_cmake' and name 'ign_ros2_control_demos'
[0.641s] Level 1:colcon.colcon_core.package_identification:_identify(src/omni_wheel_controller_sample/omni_wheel_controller) by extensions ['ignore', 'ignore_ament_install']
[0.641s] Level 1:colcon.colcon_core.package_identification:_identify(src/omni_wheel_controller_sample/omni_wheel_controller) by extension 'ignore'
[0.641s] Level 1:colcon.colcon_core.package_identification:_identify(src/omni_wheel_controller_sample/omni_wheel_controller) by extension 'ignore_ament_install'
[0.641s] Level 1:colcon.colcon_core.package_identification:_identify(src/omni_wheel_controller_sample/omni_wheel_controller) by extensions ['colcon_pkg']
[0.641s] Level 1:colcon.colcon_core.package_identification:_identify(src/omni_wheel_controller_sample/omni_wheel_controller) by extension 'colcon_pkg'
[0.641s] Level 1:colcon.colcon_core.package_identification:_identify(src/omni_wheel_controller_sample/omni_wheel_controller) by extensions ['colcon_meta']
[0.641s] Level 1:colcon.colcon_core.package_identification:_identify(src/omni_wheel_controller_sample/omni_wheel_controller) by extension 'colcon_meta'
[0.641s] Level 1:colcon.colcon_core.package_identification:_identify(src/omni_wheel_controller_sample/omni_wheel_controller) by extensions ['ros']
[0.641s] Level 1:colcon.colcon_core.package_identification:_identify(src/omni_wheel_controller_sample/omni_wheel_controller) by extension 'ros'
[0.643s] DEBUG:colcon.colcon_core.package_identification:Package 'src/omni_wheel_controller_sample/omni_wheel_controller' with type 'ros.ament_cmake' and name 'omni_wheel_controller'
[0.643s] Level 1:colcon.colcon_core.package_identification:_identify(src/omni_wheel_controller_sample/sample_robot_description) by extensions ['ignore', 'ignore_ament_install']
[0.643s] Level 1:colcon.colcon_core.package_identification:_identify(src/omni_wheel_controller_sample/sample_robot_description) by extension 'ignore'
[0.643s] Level 1:colcon.colcon_core.package_identification:_identify(src/omni_wheel_controller_sample/sample_robot_description) by extension 'ignore_ament_install'
[0.643s] Level 1:colcon.colcon_core.package_identification:_identify(src/omni_wheel_controller_sample/sample_robot_description) by extensions ['colcon_pkg']
[0.643s] Level 1:colcon.colcon_core.package_identification:_identify(src/omni_wheel_controller_sample/sample_robot_description) by extension 'colcon_pkg'
[0.643s] Level 1:colcon.colcon_core.package_identification:_identify(src/omni_wheel_controller_sample/sample_robot_description) by extensions ['colcon_meta']
[0.643s] Level 1:colcon.colcon_core.package_identification:_identify(src/omni_wheel_controller_sample/sample_robot_description) by extension 'colcon_meta'
[0.643s] Level 1:colcon.colcon_core.package_identification:_identify(src/omni_wheel_controller_sample/sample_robot_description) by extensions ['ros']
[0.643s] Level 1:colcon.colcon_core.package_identification:_identify(src/omni_wheel_controller_sample/sample_robot_description) by extension 'ros'
[0.644s] DEBUG:colcon.colcon_core.package_identification:Package 'src/omni_wheel_controller_sample/sample_robot_description' with type 'ros.ament_cmake' and name 'sample_robot_description'
[0.644s] Level 1:colcon.colcon_core.package_identification:_identify(src/omni_wheel_controller_sample/sample_robot_sim) by extensions ['ignore', 'ignore_ament_install']
[0.644s] Level 1:colcon.colcon_core.package_identification:_identify(src/omni_wheel_controller_sample/sample_robot_sim) by extension 'ignore'
[0.644s] Level 1:colcon.colcon_core.package_identification:_identify(src/omni_wheel_controller_sample/sample_robot_sim) by extension 'ignore_ament_install'
[0.645s] Level 1:colcon.colcon_core.package_identification:_identify(src/omni_wheel_controller_sample/sample_robot_sim) by extensions ['colcon_pkg']
[0.645s] Level 1:colcon.colcon_core.package_identification:_identify(src/omni_wheel_controller_sample/sample_robot_sim) by extension 'colcon_pkg'
[0.645s] Level 1:colcon.colcon_core.package_identification:_identify(src/omni_wheel_controller_sample/sample_robot_sim) by extensions ['colcon_meta']
[0.645s] Level 1:colcon.colcon_core.package_identification:_identify(src/omni_wheel_controller_sample/sample_robot_sim) by extension 'colcon_meta'
[0.645s] Level 1:colcon.colcon_core.package_identification:_identify(src/omni_wheel_controller_sample/sample_robot_sim) by extensions ['ros']
[0.645s] Level 1:colcon.colcon_core.package_identification:_identify(src/omni_wheel_controller_sample/sample_robot_sim) by extension 'ros'
[0.646s] DEBUG:colcon.colcon_core.package_identification:Package 'src/omni_wheel_controller_sample/sample_robot_sim' with type 'ros.ament_cmake' and name 'sample_robot_sim'
[0.646s] Level 1:colcon.colcon_core.package_identification:_identify(src/omni_wheel_controller_sample/velocity_pub) by extensions ['ignore', 'ignore_ament_install']
[0.646s] Level 1:colcon.colcon_core.package_identification:_identify(src/omni_wheel_controller_sample/velocity_pub) by extension 'ignore'
[0.646s] Level 1:colcon.colcon_core.package_identification:_identify(src/omni_wheel_controller_sample/velocity_pub) by extension 'ignore_ament_install'
[0.646s] Level 1:colcon.colcon_core.package_identification:_identify(src/omni_wheel_controller_sample/velocity_pub) by extensions ['colcon_pkg']
[0.646s] Level 1:colcon.colcon_core.package_identification:_identify(src/omni_wheel_controller_sample/velocity_pub) by extension 'colcon_pkg'
[0.646s] Level 1:colcon.colcon_core.package_identification:_identify(src/omni_wheel_controller_sample/velocity_pub) by extensions ['colcon_meta']
[0.646s] Level 1:colcon.colcon_core.package_identification:_identify(src/omni_wheel_controller_sample/velocity_pub) by extension 'colcon_meta'
[0.646s] Level 1:colcon.colcon_core.package_identification:_identify(src/omni_wheel_controller_sample/velocity_pub) by extensions ['ros']
[0.646s] Level 1:colcon.colcon_core.package_identification:_identify(src/omni_wheel_controller_sample/velocity_pub) by extension 'ros'
[0.647s] DEBUG:colcon.colcon_core.package_identification:Package 'src/omni_wheel_controller_sample/velocity_pub' with type 'ros.ament_cmake' and name 'velocity_pub'
[0.647s] Level 1:colcon.colcon_core.package_identification:_identify(src/realsense-ros) by extensions ['ignore', 'ignore_ament_install']
[0.647s] Level 1:colcon.colcon_core.package_identification:_identify(src/realsense-ros) by extension 'ignore'
[0.647s] Level 1:colcon.colcon_core.package_identification:_identify(src/realsense-ros) by extension 'ignore_ament_install'
[0.647s] Level 1:colcon.colcon_core.package_identification:_identify(src/realsense-ros) by extensions ['colcon_pkg']
[0.648s] Level 1:colcon.colcon_core.package_identification:_identify(src/realsense-ros) by extension 'colcon_pkg'
[0.648s] Level 1:colcon.colcon_core.package_identification:_identify(src/realsense-ros) by extensions ['colcon_meta']
[0.648s] Level 1:colcon.colcon_core.package_identification:_identify(src/realsense-ros) by extension 'colcon_meta'
[0.648s] Level 1:colcon.colcon_core.package_identification:_identify(src/realsense-ros) by extensions ['ros']
[0.648s] Level 1:colcon.colcon_core.package_identification:_identify(src/realsense-ros) by extension 'ros'
[0.648s] Level 1:colcon.colcon_core.package_identification:_identify(src/realsense-ros) by extensions ['cmake', 'python']
[0.648s] Level 1:colcon.colcon_core.package_identification:_identify(src/realsense-ros) by extension 'cmake'
[0.648s] Level 1:colcon.colcon_core.package_identification:_identify(src/realsense-ros) by extension 'python'
[0.648s] Level 1:colcon.colcon_core.package_identification:_identify(src/realsense-ros) by extensions ['python_setup_py']
[0.648s] Level 1:colcon.colcon_core.package_identification:_identify(src/realsense-ros) by extension 'python_setup_py'
[0.648s] Level 1:colcon.colcon_core.package_identification:_identify(src/realsense-ros/realsense2_camera) by extensions ['ignore', 'ignore_ament_install']
[0.648s] Level 1:colcon.colcon_core.package_identification:_identify(src/realsense-ros/realsense2_camera) by extension 'ignore'
[0.649s] Level 1:colcon.colcon_core.package_identification:_identify(src/realsense-ros/realsense2_camera) by extension 'ignore_ament_install'
[0.649s] Level 1:colcon.colcon_core.package_identification:_identify(src/realsense-ros/realsense2_camera) by extensions ['colcon_pkg']
[0.649s] Level 1:colcon.colcon_core.package_identification:_identify(src/realsense-ros/realsense2_camera) by extension 'colcon_pkg'
[0.649s] Level 1:colcon.colcon_core.package_identification:_identify(src/realsense-ros/realsense2_camera) by extensions ['colcon_meta']
[0.649s] Level 1:colcon.colcon_core.package_identification:_identify(src/realsense-ros/realsense2_camera) by extension 'colcon_meta'
[0.649s] Level 1:colcon.colcon_core.package_identification:_identify(src/realsense-ros/realsense2_camera) by extensions ['ros']
[0.649s] Level 1:colcon.colcon_core.package_identification:_identify(src/realsense-ros/realsense2_camera) by extension 'ros'
[0.653s] DEBUG:colcon.colcon_core.package_identification:Package 'src/realsense-ros/realsense2_camera' with type 'ros.ament_cmake' and name 'realsense2_camera'
[0.653s] Level 1:colcon.colcon_core.package_identification:_identify(src/realsense-ros/realsense2_camera_msgs) by extensions ['ignore', 'ignore_ament_install']
[0.654s] Level 1:colcon.colcon_core.package_identification:_identify(src/realsense-ros/realsense2_camera_msgs) by extension 'ignore'
[0.654s] Level 1:colcon.colcon_core.package_identification:_identify(src/realsense-ros/realsense2_camera_msgs) by extension 'ignore_ament_install'
[0.654s] Level 1:colcon.colcon_core.package_identification:_identify(src/realsense-ros/realsense2_camera_msgs) by extensions ['colcon_pkg']
[0.654s] Level 1:colcon.colcon_core.package_identification:_identify(src/realsense-ros/realsense2_camera_msgs) by extension 'colcon_pkg'
[0.654s] Level 1:colcon.colcon_core.package_identification:_identify(src/realsense-ros/realsense2_camera_msgs) by extensions ['colcon_meta']
[0.654s] Level 1:colcon.colcon_core.package_identification:_identify(src/realsense-ros/realsense2_camera_msgs) by extension 'colcon_meta'
[0.654s] Level 1:colcon.colcon_core.package_identification:_identify(src/realsense-ros/realsense2_camera_msgs) by extensions ['ros']
[0.654s] Level 1:colcon.colcon_core.package_identification:_identify(src/realsense-ros/realsense2_camera_msgs) by extension 'ros'
[0.655s] DEBUG:colcon.colcon_core.package_identification:Package 'src/realsense-ros/realsense2_camera_msgs' with type 'ros.ament_cmake' and name 'realsense2_camera_msgs'
[0.655s] Level 1:colcon.colcon_core.package_identification:_identify(src/realsense-ros/realsense2_description) by extensions ['ignore', 'ignore_ament_install']
[0.655s] Level 1:colcon.colcon_core.package_identification:_identify(src/realsense-ros/realsense2_description) by extension 'ignore'
[0.656s] Level 1:colcon.colcon_core.package_identification:_identify(src/realsense-ros/realsense2_description) by extension 'ignore_ament_install'
[0.656s] Level 1:colcon.colcon_core.package_identification:_identify(src/realsense-ros/realsense2_description) by extensions ['colcon_pkg']
[0.656s] Level 1:colcon.colcon_core.package_identification:_identify(src/realsense-ros/realsense2_description) by extension 'colcon_pkg'
[0.656s] Level 1:colcon.colcon_core.package_identification:_identify(src/realsense-ros/realsense2_description) by extensions ['colcon_meta']
[0.656s] Level 1:colcon.colcon_core.package_identification:_identify(src/realsense-ros/realsense2_description) by extension 'colcon_meta'
[0.656s] Level 1:colcon.colcon_core.package_identification:_identify(src/realsense-ros/realsense2_description) by extensions ['ros']
[0.656s] Level 1:colcon.colcon_core.package_identification:_identify(src/realsense-ros/realsense2_description) by extension 'ros'
[0.657s] DEBUG:colcon.colcon_core.package_identification:Package 'src/realsense-ros/realsense2_description' with type 'ros.ament_cmake' and name 'realsense2_description'
[0.657s] Level 1:colcon.colcon_core.package_identification:_identify(src/realsense-ros/scripts) by extensions ['ignore', 'ignore_ament_install']
[0.657s] Level 1:colcon.colcon_core.package_identification:_identify(src/realsense-ros/scripts) by extension 'ignore'
[0.657s] Level 1:colcon.colcon_core.package_identification:_identify(src/realsense-ros/scripts) by extension 'ignore_ament_install'
[0.657s] Level 1:colcon.colcon_core.package_identification:_identify(src/realsense-ros/scripts) by extensions ['colcon_pkg']
[0.657s] Level 1:colcon.colcon_core.package_identification:_identify(src/realsense-ros/scripts) by extension 'colcon_pkg'
[0.657s] Level 1:colcon.colcon_core.package_identification:_identify(src/realsense-ros/scripts) by extensions ['colcon_meta']
[0.657s] Level 1:colcon.colcon_core.package_identification:_identify(src/realsense-ros/scripts) by extension 'colcon_meta'
[0.657s] Level 1:colcon.colcon_core.package_identification:_identify(src/realsense-ros/scripts) by extensions ['ros']
[0.658s] Level 1:colcon.colcon_core.package_identification:_identify(src/realsense-ros/scripts) by extension 'ros'
[0.658s] Level 1:colcon.colcon_core.package_identification:_identify(src/realsense-ros/scripts) by extensions ['cmake', 'python']
[0.658s] Level 1:colcon.colcon_core.package_identification:_identify(src/realsense-ros/scripts) by extension 'cmake'
[0.658s] Level 1:colcon.colcon_core.package_identification:_identify(src/realsense-ros/scripts) by extension 'python'
[0.658s] Level 1:colcon.colcon_core.package_identification:_identify(src/realsense-ros/scripts) by extensions ['python_setup_py']
[0.658s] Level 1:colcon.colcon_core.package_identification:_identify(src/realsense-ros/scripts) by extension 'python_setup_py'
[0.658s] Level 1:colcon.colcon_core.package_identification:_identify(src/sick_scan_xd) by extensions ['ignore', 'ignore_ament_install']
[0.658s] Level 1:colcon.colcon_core.package_identification:_identify(src/sick_scan_xd) by extension 'ignore'
[0.658s] Level 1:colcon.colcon_core.package_identification:_identify(src/sick_scan_xd) by extension 'ignore_ament_install'
[0.658s] Level 1:colcon.colcon_core.package_identification:_identify(src/sick_scan_xd) by extensions ['colcon_pkg']
[0.658s] Level 1:colcon.colcon_core.package_identification:_identify(src/sick_scan_xd) by extension 'colcon_pkg'
[0.658s] Level 1:colcon.colcon_core.package_identification:_identify(src/sick_scan_xd) by extensions ['colcon_meta']
[0.659s] Level 1:colcon.colcon_core.package_identification:_identify(src/sick_scan_xd) by extension 'colcon_meta'
[0.659s] Level 1:colcon.colcon_core.package_identification:_identify(src/sick_scan_xd) by extensions ['ros']
[0.659s] Level 1:colcon.colcon_core.package_identification:_identify(src/sick_scan_xd) by extension 'ros'
[0.667s] DEBUG:colcon.colcon_core.package_identification:Package 'src/sick_scan_xd' with type 'ros.ament_cmake' and name 'sick_scan_xd'
[0.668s] Level 1:colcon.colcon_core.package_identification:_identify(src/tm_imu) by extensions ['ignore', 'ignore_ament_install']
[0.668s] Level 1:colcon.colcon_core.package_identification:_identify(src/tm_imu) by extension 'ignore'
[0.668s] Level 1:colcon.colcon_core.package_identification:_identify(src/tm_imu) by extension 'ignore_ament_install'
[0.668s] Level 1:colcon.colcon_core.package_identification:_identify(src/tm_imu) by extensions ['colcon_pkg']
[0.668s] Level 1:colcon.colcon_core.package_identification:_identify(src/tm_imu) by extension 'colcon_pkg'
[0.668s] Level 1:colcon.colcon_core.package_identification:_identify(src/tm_imu) by extensions ['colcon_meta']
[0.668s] Level 1:colcon.colcon_core.package_identification:_identify(src/tm_imu) by extension 'colcon_meta'
[0.668s] Level 1:colcon.colcon_core.package_identification:_identify(src/tm_imu) by extensions ['ros']
[0.668s] Level 1:colcon.colcon_core.package_identification:_identify(src/tm_imu) by extension 'ros'
[0.670s] DEBUG:colcon.colcon_core.package_identification:Package 'src/tm_imu' with type 'ros.ament_cmake' and name 'tm_imu'
[0.670s] Level 1:colcon.colcon_core.package_discovery:discover_packages(recursive) using defaults
[0.670s] Level 1:colcon.colcon_core.package_discovery:discover_packages(ignore) discover
[0.670s] Level 1:colcon.colcon_core.package_discovery:discover_packages(ignore) using defaults
[0.670s] Level 1:colcon.colcon_core.package_discovery:discover_packages(path) discover
[0.670s] Level 1:colcon.colcon_core.package_discovery:discover_packages(path) using defaults
[0.704s] INFO:colcon.colcon_core.package_selection:Skipping not selected package 'backward_ros' in 'src/backward_ros'
[0.704s] INFO:colcon.colcon_core.package_selection:Skipping not selected package 'ign_ros2_control' in 'src/omni_wheel_controller_sample/gz_ros2_control/ign_ros2_control'
[0.704s] INFO:colcon.colcon_core.package_selection:Skipping not selected package 'joy_to_twist' in 'src/joy_to_twist'
[0.704s] INFO:colcon.colcon_core.package_selection:Skipping not selected package 'movo_base_motor_control' in 'src/movo_base_motor_control'
[0.704s] INFO:colcon.colcon_core.package_selection:Skipping not selected package 'movo_description' in 'src/movo_description'
[0.704s] INFO:colcon.colcon_core.package_selection:Skipping not selected package 'realsense2_camera_msgs' in 'src/realsense-ros/realsense2_camera_msgs'
[0.704s] INFO:colcon.colcon_core.package_selection:Skipping not selected package 'sample_robot_description' in 'src/omni_wheel_controller_sample/sample_robot_description'
[0.704s] INFO:colcon.colcon_core.package_selection:Skipping not selected package 'sample_robot_sim' in 'src/omni_wheel_controller_sample/sample_robot_sim'
[0.704s] INFO:colcon.colcon_core.package_selection:Skipping not selected package 'sick_scan_xd' in 'src/sick_scan_xd'
[0.704s] INFO:colcon.colcon_core.package_selection:Skipping not selected package 'tm_imu' in 'src/tm_imu'
[0.704s] INFO:colcon.colcon_core.package_selection:Skipping not selected package 'velocity_pub' in 'src/omni_wheel_controller_sample/velocity_pub'
[0.704s] INFO:colcon.colcon_core.package_selection:Skipping not selected package 'gz_ros2_control_tests' in 'src/omni_wheel_controller_sample/gz_ros2_control/gz_ros2_control_tests'
[0.704s] INFO:colcon.colcon_core.package_selection:Skipping not selected package 'ign_ros2_control_demos' in 'src/omni_wheel_controller_sample/gz_ros2_control/ign_ros2_control_demos'
[0.704s] INFO:colcon.colcon_core.package_selection:Skipping not selected package 'omni_wheel_controller' in 'src/omni_wheel_controller_sample/omni_wheel_controller'
[0.705s] INFO:colcon.colcon_core.package_selection:Skipping not selected package 'realsense2_camera' in 'src/realsense-ros/realsense2_camera'
[0.705s] INFO:colcon.colcon_core.package_selection:Skipping not selected package 'realsense2_description' in 'src/realsense-ros/realsense2_description'
[0.705s] Level 1:colcon.colcon_core.package_discovery:discover_packages(prefix_path) check parameters
[0.706s] Level 1:colcon.colcon_core.package_discovery:discover_packages(prefix_path) discover
[0.712s] DEBUG:colcon.colcon_installed_package_information.package_discovery:Found 17 installed packages in /home/movo_base/movobase_ws/install
[0.713s] DEBUG:colcon.colcon_installed_package_information.package_discovery:Found 15 installed packages in /home/movo_base/movobase_ws/src/install
[0.716s] DEBUG:colcon.colcon_installed_package_information.package_discovery:Found 376 installed packages in /opt/ros/humble
[0.718s] Level 1:colcon.colcon_core.package_discovery:discover_packages(prefix_path) using defaults
[0.781s] Level 5:colcon.colcon_core.verb:set package 'movo_nav' build argument 'cmake_args' from command line to 'None'
[0.781s] Level 5:colcon.colcon_core.verb:set package 'movo_nav' build argument 'cmake_target' from command line to 'None'
[0.781s] Level 5:colcon.colcon_core.verb:set package 'movo_nav' build argument 'cmake_target_skip_unavailable' from command line to 'False'
[0.781s] Level 5:colcon.colcon_core.verb:set package 'movo_nav' build argument 'cmake_clean_cache' from command line to 'False'
[0.781s] Level 5:colcon.colcon_core.verb:set package 'movo_nav' build argument 'cmake_clean_first' from command line to 'False'
[0.781s] Level 5:colcon.colcon_core.verb:set package 'movo_nav' build argument 'cmake_force_configure' from command line to 'False'
[0.781s] Level 5:colcon.colcon_core.verb:set package 'movo_nav' build argument 'ament_cmake_args' from command line to 'None'
[0.781s] Level 5:colcon.colcon_core.verb:set package 'movo_nav' build argument 'catkin_cmake_args' from command line to 'None'
[0.781s] Level 5:colcon.colcon_core.verb:set package 'movo_nav' build argument 'catkin_skip_building_tests' from command line to 'False'
[0.782s] DEBUG:colcon.colcon_core.verb:Building package 'movo_nav' with the following arguments: {'ament_cmake_args': None, 'build_base': '/home/movo_base/movobase_ws/build/movo_nav', 'catkin_cmake_args': None, 'catkin_skip_building_tests': False, 'cmake_args': None, 'cmake_clean_cache': False, 'cmake_clean_first': False, 'cmake_force_configure': False, 'cmake_target': None, 'cmake_target_skip_unavailable': False, 'install_base': '/home/movo_base/movobase_ws/install/movo_nav', 'merge_install': False, 'path': '/home/movo_base/movobase_ws/src/movo_nav', 'symlink_install': True, 'test_result_base': None}
[0.782s] INFO:colcon.colcon_core.executor:Executing jobs using 'parallel' executor
[0.784s] DEBUG:colcon.colcon_parallel_executor.executor.parallel:run_until_complete
[0.785s] INFO:colcon.colcon_ros.task.ament_python.build:Building ROS package in '/home/movo_base/movobase_ws/src/movo_nav' with build type 'ament_python'
[0.785s] Level 1:colcon.colcon_core.shell:create_environment_hook('movo_nav', 'ament_prefix_path')
[0.793s] INFO:colcon.colcon_core.plugin_system:Skipping extension 'colcon_core.shell.bat': Not used on non-Windows systems
[0.793s] INFO:colcon.colcon_core.shell:Creating environment hook '/home/movo_base/movobase_ws/install/movo_nav/share/movo_nav/hook/ament_prefix_path.ps1'
[0.796s] INFO:colcon.colcon_core.shell:Creating environment descriptor '/home/movo_base/movobase_ws/install/movo_nav/share/movo_nav/hook/ament_prefix_path.dsv'
[0.798s] INFO:colcon.colcon_core.shell:Creating environment hook '/home/movo_base/movobase_ws/install/movo_nav/share/movo_nav/hook/ament_prefix_path.sh'
[0.799s] INFO:colcon.colcon_core.shell:Skip shell extension 'powershell' for command environment: Not usable outside of PowerShell
[0.799s] DEBUG:colcon.colcon_core.shell:Skip shell extension 'dsv' for command environment
[1.148s] INFO:colcon.colcon_core.task.python.build:Building Python package in '/home/movo_base/movobase_ws/src/movo_nav'
[1.149s] INFO:colcon.colcon_core.shell:Skip shell extension 'powershell' for command environment: Not usable outside of PowerShell
[1.149s] DEBUG:colcon.colcon_core.shell:Skip shell extension 'dsv' for command environment
[1.703s] DEBUG:colcon.colcon_core.task.python.build:While undoing a previous installation files outside the Python library path are being ignored: /home/movo_base/movobase_ws/install/movo_nav/share/ament_index/resource_index/packages/movo_nav
[1.703s] DEBUG:colcon.colcon_core.task.python.build:While undoing a previous installation files outside the Python library path are being ignored: /home/movo_base/movobase_ws/install/movo_nav/share/movo_nav/package.xml
[1.704s] DEBUG:colcon.colcon_core.task.python.build:While undoing a previous installation files outside the Python library path are being ignored: /home/movo_base/movobase_ws/install/movo_nav/share/movo_nav/launch/realseanse_2d_slam_launch.py
[1.704s] DEBUG:colcon.colcon_core.task.python.build:While undoing a previous installation files outside the Python library path are being ignored: /home/movo_base/movobase_ws/install/movo_nav/share/movo_nav/launch/full_2d_lidar_slam_launch.py
[1.704s] DEBUG:colcon.colcon_core.task.python.build:While undoing a previous installation files outside the Python library path are being ignored: /home/movo_base/movobase_ws/install/movo_nav/share/movo_nav/launch/single_2d_lidar_slam_with_urdf_launch.py
[1.704s] DEBUG:colcon.colcon_core.task.python.build:While undoing a previous installation files outside the Python library path are being ignored: /home/movo_base/movobase_ws/install/movo_nav/share/movo_nav/launch/front_lidar_slam_launch.py
[1.704s] DEBUG:colcon.colcon_core.task.python.build:While undoing a previous installation files outside the Python library path are being ignored: /home/movo_base/movobase_ws/install/movo_nav/share/movo_nav/launch/lidar_slam_launch.py
[1.704s] DEBUG:colcon.colcon_core.task.python.build:While undoing a previous installation files outside the Python library path are being ignored: /home/movo_base/movobase_ws/install/movo_nav/share/movo_nav/urdf/sensor_d435i.xacro
[1.704s] DEBUG:colcon.colcon_core.task.python.build:While undoing a previous installation files outside the Python library path are being ignored: /home/movo_base/movobase_ws/install/movo_nav/share/movo_nav/urdf
[1.704s] DEBUG:colcon.colcon_core.task.python.build:While undoing a previous installation files outside the Python library path are being ignored: /home/movo_base/movobase_ws/install/movo_nav/share/movo_nav/config/slam_toolbox_params.yaml
[1.704s] DEBUG:colcon.colcon_core.task.python.build:While undoing a previous installation files outside the Python library path are being ignored: /home/movo_base/movobase_ws/install/movo_nav/share/movo_nav/config/mapper_params_online_sync.yaml
[1.704s] DEBUG:colcon.colcon_core.task.python.build:While undoing a previous installation files outside the Python library path are being ignored: /home/movo_base/movobase_ws/install/movo_nav/share/movo_nav/config/dual_lidar_slam_param.yaml
[1.704s] DEBUG:colcon.colcon_core.task.python.build:While undoing a previous installation files outside the Python library path are being ignored: /home/movo_base/movobase_ws/install/movo_nav/lib/movo_nav/dual_scan_merger
[1.707s] DEBUG:colcon.colcon_core.event_handler.log_command:Invoking command in '/home/movo_base/movobase_ws/build/movo_nav': CMAKE_PREFIX_PATH=/home/movo_base/movobase_ws/install/realsense2_camera:/home/movo_base/movobase_ws/install/realsense2_camera_msgs:/home/movo_base/movobase_ws/install/velocity_pub:/home/movo_base/movobase_ws/install/tm_imu:/home/movo_base/movobase_ws/install/sick_scan_xd:/home/movo_base/movobase_ws/install/sample_robot_sim:/home/movo_base/movobase_ws/install/sample_robot_description:/home/movo_base/movobase_ws/install/realsense2_description:/home/movo_base/movobase_ws/install/omni_wheel_controller:/home/movo_base/movobase_ws/install/movo_description:/home/movo_base/movobase_ws/install/ign_ros2_control_demos:/home/movo_base/movobase_ws/install/gz_ros2_control_tests:/home/movo_base/movobase_ws/install/ign_ros2_control:/home/movo_base/movobase_ws/install/backward_ros:/home/movo_base/movobase_ws/src/install/velocity_pub:/home/movo_base/movobase_ws/src/install/sick_scan_xd:/home/movo_base/movobase_ws/src/install/sample_robot_sim:/home/movo_base/movobase_ws/src/install/sample_robot_description:/home/movo_base/movobase_ws/src/install/realsense2_description:/home/movo_base/movobase_ws/src/install/realsense2_camera:/home/movo_base/movobase_ws/src/install/realsense2_camera_msgs:/home/movo_base/movobase_ws/src/install/omni_wheel_controller:/home/movo_base/movobase_ws/src/install/movo_description:/home/movo_base/movobase_ws/src/install/ign_ros2_control_demos:/home/movo_base/movobase_ws/src/install/gz_ros2_control_tests:/home/movo_base/movobase_ws/src/install/ign_ros2_control:/home/movo_base/movobase_ws/src/install/backward_ros LD_LIBRARY_PATH=/home/movo_base/movobase_ws/install/realsense2_camera/lib:/home/movo_base/movobase_ws/install/realsense2_camera_msgs/lib:/home/movo_base/movobase_ws/install/sick_scan_xd/lib:/home/movo_base/movobase_ws/install/omni_wheel_controller/lib:/home/movo_base/movobase_ws/install/ign_ros2_control/lib:/home/movo_base/movobase_ws/install/backward_ros/lib:/home/movo_base/movobase_ws/src/install/sick_scan_xd/lib:/home/movo_base/movobase_ws/src/install/realsense2_camera/lib:/home/movo_base/movobase_ws/src/install/realsense2_camera_msgs/lib:/home/movo_base/movobase_ws/src/install/omni_wheel_controller/lib:/home/movo_base/movobase_ws/src/install/ign_ros2_control/lib:/home/movo_base/movobase_ws/src/install/backward_ros/lib:/opt/ros/humble/opt/rviz_ogre_vendor/lib:/opt/ros/humble/lib/x86_64-linux-gnu:/opt/ros/humble/lib PYTHONPATH=/home/movo_base/movobase_ws/build/movo_nav/prefix_override:/usr/lib/python3/dist-packages/colcon_core/task/python/colcon_distutils_commands:/home/movo_base/movobase_ws/install/movo_nav/lib/python3.10/site-packages:${PYTHONPATH} /usr/bin/python3 -W ignore:setup.py install is deprecated -W ignore:easy_install command is deprecated setup.py develop --editable --build-directory /home/movo_base/movobase_ws/build/movo_nav/build --no-deps symlink_data --force
[2.258s] Level 1:colcon.colcon_core.shell:create_environment_hook('movo_nav', 'pythonpath_develop')
[2.258s] INFO:colcon.colcon_core.shell:Creating environment hook '/home/movo_base/movobase_ws/build/movo_nav/share/movo_nav/hook/pythonpath_develop.ps1'
[2.259s] DEBUG:colcon.colcon_core.event_handler.log_command:Invoked command in '/home/movo_base/movobase_ws/build/movo_nav' returned '0': CMAKE_PREFIX_PATH=/home/movo_base/movobase_ws/install/realsense2_camera:/home/movo_base/movobase_ws/install/realsense2_camera_msgs:/home/movo_base/movobase_ws/install/velocity_pub:/home/movo_base/movobase_ws/install/tm_imu:/home/movo_base/movobase_ws/install/sick_scan_xd:/home/movo_base/movobase_ws/install/sample_robot_sim:/home/movo_base/movobase_ws/install/sample_robot_description:/home/movo_base/movobase_ws/install/realsense2_description:/home/movo_base/movobase_ws/install/omni_wheel_controller:/home/movo_base/movobase_ws/install/movo_description:/home/movo_base/movobase_ws/install/ign_ros2_control_demos:/home/movo_base/movobase_ws/install/gz_ros2_control_tests:/home/movo_base/movobase_ws/install/ign_ros2_control:/home/movo_base/movobase_ws/install/backward_ros:/home/movo_base/movobase_ws/src/install/velocity_pub:/home/movo_base/movobase_ws/src/install/sick_scan_xd:/home/movo_base/movobase_ws/src/install/sample_robot_sim:/home/movo_base/movobase_ws/src/install/sample_robot_description:/home/movo_base/movobase_ws/src/install/realsense2_description:/home/movo_base/movobase_ws/src/install/realsense2_camera:/home/movo_base/movobase_ws/src/install/realsense2_camera_msgs:/home/movo_base/movobase_ws/src/install/omni_wheel_controller:/home/movo_base/movobase_ws/src/install/movo_description:/home/movo_base/movobase_ws/src/install/ign_ros2_control_demos:/home/movo_base/movobase_ws/src/install/gz_ros2_control_tests:/home/movo_base/movobase_ws/src/install/ign_ros2_control:/home/movo_base/movobase_ws/src/install/backward_ros LD_LIBRARY_PATH=/home/movo_base/movobase_ws/install/realsense2_camera/lib:/home/movo_base/movobase_ws/install/realsense2_camera_msgs/lib:/home/movo_base/movobase_ws/install/sick_scan_xd/lib:/home/movo_base/movobase_ws/install/omni_wheel_controller/lib:/home/movo_base/movobase_ws/install/ign_ros2_control/lib:/home/movo_base/movobase_ws/install/backward_ros/lib:/home/movo_base/movobase_ws/src/install/sick_scan_xd/lib:/home/movo_base/movobase_ws/src/install/realsense2_camera/lib:/home/movo_base/movobase_ws/src/install/realsense2_camera_msgs/lib:/home/movo_base/movobase_ws/src/install/omni_wheel_controller/lib:/home/movo_base/movobase_ws/src/install/ign_ros2_control/lib:/home/movo_base/movobase_ws/src/install/backward_ros/lib:/opt/ros/humble/opt/rviz_ogre_vendor/lib:/opt/ros/humble/lib/x86_64-linux-gnu:/opt/ros/humble/lib PYTHONPATH=/home/movo_base/movobase_ws/build/movo_nav/prefix_override:/usr/lib/python3/dist-packages/colcon_core/task/python/colcon_distutils_commands:/home/movo_base/movobase_ws/install/movo_nav/lib/python3.10/site-packages:${PYTHONPATH} /usr/bin/python3 -W ignore:setup.py install is deprecated -W ignore:easy_install command is deprecated setup.py develop --editable --build-directory /home/movo_base/movobase_ws/build/movo_nav/build --no-deps symlink_data --force
[2.259s] INFO:colcon.colcon_core.shell:Creating environment descriptor '/home/movo_base/movobase_ws/build/movo_nav/share/movo_nav/hook/pythonpath_develop.dsv'
[2.260s] INFO:colcon.colcon_core.shell:Creating environment hook '/home/movo_base/movobase_ws/build/movo_nav/share/movo_nav/hook/pythonpath_develop.sh'
[2.265s] Level 1:colcon.colcon_core.environment:checking '/home/movo_base/movobase_ws/install/movo_nav' for CMake module files
[2.265s] Level 1:colcon.colcon_core.environment:checking '/home/movo_base/movobase_ws/install/movo_nav' for CMake config files
[2.266s] Level 1:colcon.colcon_core.environment:checking '/home/movo_base/movobase_ws/install/movo_nav/lib'
[2.266s] Level 1:colcon.colcon_core.environment:checking '/home/movo_base/movobase_ws/install/movo_nav/bin'
[2.266s] Level 1:colcon.colcon_core.environment:checking '/home/movo_base/movobase_ws/install/movo_nav/lib/pkgconfig/movo_nav.pc'
[2.267s] Level 1:colcon.colcon_core.environment:checking '/home/movo_base/movobase_ws/install/movo_nav/lib/python3.10/site-packages'
[2.267s] Level 1:colcon.colcon_core.shell:create_environment_hook('movo_nav', 'pythonpath')
[2.267s] INFO:colcon.colcon_core.shell:Creating environment hook '/home/movo_base/movobase_ws/install/movo_nav/share/movo_nav/hook/pythonpath.ps1'
[2.268s] INFO:colcon.colcon_core.shell:Creating environment descriptor '/home/movo_base/movobase_ws/install/movo_nav/share/movo_nav/hook/pythonpath.dsv'
[2.268s] INFO:colcon.colcon_core.shell:Creating environment hook '/home/movo_base/movobase_ws/install/movo_nav/share/movo_nav/hook/pythonpath.sh'
[2.269s] Level 1:colcon.colcon_core.environment:checking '/home/movo_base/movobase_ws/install/movo_nav/bin'
[2.269s] Level 1:colcon.colcon_core.environment:create_environment_scripts_only(movo_nav)
[2.269s] INFO:colcon.colcon_core.shell:Creating package script '/home/movo_base/movobase_ws/install/movo_nav/share/movo_nav/package.ps1'
[2.270s] INFO:colcon.colcon_core.shell:Creating package descriptor '/home/movo_base/movobase_ws/install/movo_nav/share/movo_nav/package.dsv'
[2.271s] INFO:colcon.colcon_core.shell:Creating package script '/home/movo_base/movobase_ws/install/movo_nav/share/movo_nav/package.sh'
[2.272s] INFO:colcon.colcon_core.shell:Creating package script '/home/movo_base/movobase_ws/install/movo_nav/share/movo_nav/package.bash'
[2.273s] INFO:colcon.colcon_core.shell:Creating package script '/home/movo_base/movobase_ws/install/movo_nav/share/movo_nav/package.zsh'
[2.275s] Level 1:colcon.colcon_core.environment:create_file_with_runtime_dependencies(/home/movo_base/movobase_ws/install/movo_nav/share/colcon-core/packages/movo_nav)
[2.275s] DEBUG:colcon.colcon_parallel_executor.executor.parallel:closing loop
[2.276s] DEBUG:colcon.colcon_parallel_executor.executor.parallel:loop closed
[2.276s] DEBUG:colcon.colcon_parallel_executor.executor.parallel:run_until_complete finished with '0'
[2.276s] DEBUG:colcon.colcon_core.event_reactor:joining thread
[2.282s] INFO:colcon.colcon_core.plugin_system:Skipping extension 'colcon_notification.desktop_notification.terminal_notifier': Not used on non-Darwin systems
[2.282s] INFO:colcon.colcon_core.plugin_system:Skipping extension 'colcon_notification.desktop_notification.win32': Not used on non-Windows systems
[2.282s] INFO:colcon.colcon_notification.desktop_notification:Sending desktop notification using 'notify2'
[2.301s] DEBUG:colcon.colcon_core.event_reactor:joined thread
[2.301s] INFO:colcon.colcon_core.shell:Creating prefix script '/home/movo_base/movobase_ws/install/local_setup.ps1'
[2.302s] INFO:colcon.colcon_core.shell:Creating prefix util module '/home/movo_base/movobase_ws/install/_local_setup_util_ps1.py'
[2.304s] INFO:colcon.colcon_core.shell:Creating prefix chain script '/home/movo_base/movobase_ws/install/setup.ps1'
[2.307s] INFO:colcon.colcon_core.shell:Creating prefix script '/home/movo_base/movobase_ws/install/local_setup.sh'
[2.308s] INFO:colcon.colcon_core.shell:Creating prefix util module '/home/movo_base/movobase_ws/install/_local_setup_util_sh.py'
[2.310s] INFO:colcon.colcon_core.shell:Creating prefix chain script '/home/movo_base/movobase_ws/install/setup.sh'
[2.314s] INFO:colcon.colcon_core.shell:Creating prefix script '/home/movo_base/movobase_ws/install/local_setup.bash'
[2.315s] INFO:colcon.colcon_core.shell:Creating prefix chain script '/home/movo_base/movobase_ws/install/setup.bash'
[2.318s] INFO:colcon.colcon_core.shell:Creating prefix script '/home/movo_base/movobase_ws/install/local_setup.zsh'
[2.319s] INFO:colcon.colcon_core.shell:Creating prefix chain script '/home/movo_base/movobase_ws/install/setup.zsh'
