running egg_info
creating ../../build/movo_base_motor_control/movo_base_motor_control.egg-info
writing ../../build/movo_base_motor_control/movo_base_motor_control.egg-info/PKG-INFO
writing dependency_links to ../../build/movo_base_motor_control/movo_base_motor_control.egg-info/dependency_links.txt
writing entry points to ../../build/movo_base_motor_control/movo_base_motor_control.egg-info/entry_points.txt
writing requirements to ../../build/movo_base_motor_control/movo_base_motor_control.egg-info/requires.txt
writing top-level names to ../../build/movo_base_motor_control/movo_base_motor_control.egg-info/top_level.txt
writing manifest file '../../build/movo_base_motor_control/movo_base_motor_control.egg-info/SOURCES.txt'
reading manifest file '../../build/movo_base_motor_control/movo_base_motor_control.egg-info/SOURCES.txt'
writing manifest file '../../build/movo_base_motor_control/movo_base_motor_control.egg-info/SOURCES.txt'
running build
running build_py
creating /home/movo_base/movobase_ws/build/movo_base_motor_control/build
creating /home/movo_base/movobase_ws/build/movo_base_motor_control/build/lib
creating /home/movo_base/movobase_ws/build/movo_base_motor_control/build/lib/movo_base_motor_control
copying movo_base_motor_control/__init__.py -> /home/movo_base/movobase_ws/build/movo_base_motor_control/build/lib/movo_base_motor_control
copying movo_base_motor_control/nanolib_helper.py -> /home/movo_base/movobase_ws/build/movo_base_motor_control/build/lib/movo_base_motor_control
copying movo_base_motor_control/motor_manager.py -> /home/movo_base/movobase_ws/build/movo_base_motor_control/build/lib/movo_base_motor_control
copying movo_base_motor_control/nanolib_helper copy.py -> /home/movo_base/movobase_ws/build/movo_base_motor_control/build/lib/movo_base_motor_control
copying movo_base_motor_control/mecanum_controller.py -> /home/movo_base/movobase_ws/build/movo_base_motor_control/build/lib/movo_base_motor_control
copying movo_base_motor_control/omni_wheel_node.py -> /home/movo_base/movobase_ws/build/movo_base_motor_control/build/lib/movo_base_motor_control
running install
running install_lib
creating /home/movo_base/movobase_ws/install/movo_base_motor_control/lib/python3.10/site-packages/movo_base_motor_control
copying /home/movo_base/movobase_ws/build/movo_base_motor_control/build/lib/movo_base_motor_control/nanolib_helper copy.py -> /home/movo_base/movobase_ws/install/movo_base_motor_control/lib/python3.10/site-packages/movo_base_motor_control
copying /home/movo_base/movobase_ws/build/movo_base_motor_control/build/lib/movo_base_motor_control/__init__.py -> /home/movo_base/movobase_ws/install/movo_base_motor_control/lib/python3.10/site-packages/movo_base_motor_control
copying /home/movo_base/movobase_ws/build/movo_base_motor_control/build/lib/movo_base_motor_control/mecanum_controller.py -> /home/movo_base/movobase_ws/install/movo_base_motor_control/lib/python3.10/site-packages/movo_base_motor_control
copying /home/movo_base/movobase_ws/build/movo_base_motor_control/build/lib/movo_base_motor_control/omni_wheel_node.py -> /home/movo_base/movobase_ws/install/movo_base_motor_control/lib/python3.10/site-packages/movo_base_motor_control
copying /home/movo_base/movobase_ws/build/movo_base_motor_control/build/lib/movo_base_motor_control/nanolib_helper.py -> /home/movo_base/movobase_ws/install/movo_base_motor_control/lib/python3.10/site-packages/movo_base_motor_control
copying /home/movo_base/movobase_ws/build/movo_base_motor_control/build/lib/movo_base_motor_control/motor_manager.py -> /home/movo_base/movobase_ws/install/movo_base_motor_control/lib/python3.10/site-packages/movo_base_motor_control
byte-compiling /home/movo_base/movobase_ws/install/movo_base_motor_control/lib/python3.10/site-packages/movo_base_motor_control/nanolib_helper copy.py to nanolib_helper copy.cpython-310.pyc
byte-compiling /home/movo_base/movobase_ws/install/movo_base_motor_control/lib/python3.10/site-packages/movo_base_motor_control/__init__.py to __init__.cpython-310.pyc
byte-compiling /home/movo_base/movobase_ws/install/movo_base_motor_control/lib/python3.10/site-packages/movo_base_motor_control/mecanum_controller.py to mecanum_controller.cpython-310.pyc
byte-compiling /home/movo_base/movobase_ws/install/movo_base_motor_control/lib/python3.10/site-packages/movo_base_motor_control/omni_wheel_node.py to omni_wheel_node.cpython-310.pyc
byte-compiling /home/movo_base/movobase_ws/install/movo_base_motor_control/lib/python3.10/site-packages/movo_base_motor_control/nanolib_helper.py to nanolib_helper.cpython-310.pyc
byte-compiling /home/movo_base/movobase_ws/install/movo_base_motor_control/lib/python3.10/site-packages/movo_base_motor_control/motor_manager.py to motor_manager.cpython-310.pyc
running install_data
creating /home/movo_base/movobase_ws/install/movo_base_motor_control/share/ament_index
creating /home/movo_base/movobase_ws/install/movo_base_motor_control/share/ament_index/resource_index
creating /home/movo_base/movobase_ws/install/movo_base_motor_control/share/ament_index/resource_index/packages
copying resource/movo_base_motor_control -> /home/movo_base/movobase_ws/install/movo_base_motor_control/share/ament_index/resource_index/packages
copying package.xml -> /home/movo_base/movobase_ws/install/movo_base_motor_control/share/movo_base_motor_control
creating /home/movo_base/movobase_ws/install/movo_base_motor_control/share/movo_base_motor_control/launch
copying launch/2lidar.launch.py -> /home/movo_base/movobase_ws/install/movo_base_motor_control/share/movo_base_motor_control/launch
copying launch/two_tim.launch.py -> /home/movo_base/movobase_ws/install/movo_base_motor_control/share/movo_base_motor_control/launch
copying launch/all_sensors.launch.py -> /home/movo_base/movobase_ws/install/movo_base_motor_control/share/movo_base_motor_control/launch
copying launch/omni_wheel_launch.py -> /home/movo_base/movobase_ws/install/movo_base_motor_control/share/movo_base_motor_control/launch
copying launch/movo_base.launch.py -> /home/movo_base/movobase_ws/install/movo_base_motor_control/share/movo_base_motor_control/launch
running install_egg_info
Copying ../../build/movo_base_motor_control/movo_base_motor_control.egg-info to /home/movo_base/movobase_ws/install/movo_base_motor_control/lib/python3.10/site-packages/movo_base_motor_control-0.1.0-py3.10.egg-info
running install_scripts
Installing mecanum_controller script to /home/movo_base/movobase_ws/install/movo_base_motor_control/lib/movo_base_motor_control
Installing omni_wheel_node script to /home/movo_base/movobase_ws/install/movo_base_motor_control/lib/movo_base_motor_control
writing list of installed files to '/home/movo_base/movobase_ws/build/movo_base_motor_control/install.log'
