[0.124s] DEBUG:colcon:Command line arguments: ['/usr/bin/colcon', 'build', '--packages-select', 'movo_description']
[0.124s] DEBUG:colcon:Parsed command line arguments: Namespace(log_base=None, log_level=None, verb_name='build', build_base='build', install_base='install', merge_install=False, symlink_install=False, test_result_base=None, continue_on_error=False, executor='parallel', parallel_workers=4, event_handlers=None, ignore_user_meta=False, metas=['./colcon.meta'], base_paths=['.'], packages_ignore=None, packages_ignore_regex=None, paths=None, packages_up_to=None, packages_up_to_regex=None, packages_above=None, packages_above_and_dependencies=None, packages_above_depth=None, packages_select_by_dep=None, packages_skip_by_dep=None, packages_skip_up_to=None, packages_select_build_failed=False, packages_skip_build_finished=False, packages_select_test_failures=False, packages_skip_test_passed=False, packages_select=['movo_description'], packages_skip=None, packages_select_regex=None, packages_skip_regex=None, packages_start=None, packages_end=None, allow_overriding=[], cmake_args=None, cmake_target=None, cmake_target_skip_unavailable=False, cmake_clean_cache=False, cmake_clean_first=False, cmake_force_configure=False, ament_cmake_args=None, catkin_cmake_args=None, catkin_skip_building_tests=False, verb_parser=<colcon_defaults.argument_parser.defaults.DefaultArgumentsDecorator object at 0x76a1bdf5a3e0>, verb_extension=<colcon_core.verb.build.BuildVerb object at 0x76a1bdf146a0>, main=<bound method BuildVerb.main of <colcon_core.verb.build.BuildVerb object at 0x76a1bdf146a0>>)
[0.325s] Level 1:colcon.colcon_core.package_discovery:discover_packages(colcon_meta) check parameters
[0.325s] Level 1:colcon.colcon_core.package_discovery:discover_packages(recursive) check parameters
[0.325s] Level 1:colcon.colcon_core.package_discovery:discover_packages(ignore) check parameters
[0.325s] Level 1:colcon.colcon_core.package_discovery:discover_packages(path) check parameters
[0.325s] Level 1:colcon.colcon_core.package_discovery:discover_packages(colcon_meta) discover
[0.325s] Level 1:colcon.colcon_core.package_discovery:discover_packages(recursive) discover
[0.325s] INFO:colcon.colcon_core.package_discovery:Crawling recursively for packages in '/home/movo_base/movobase_ws'
[0.325s] Level 1:colcon.colcon_core.package_identification:_identify(.) by extensions ['ignore', 'ignore_ament_install']
[0.326s] Level 1:colcon.colcon_core.package_identification:_identify(.) by extension 'ignore'
[0.326s] Level 1:colcon.colcon_core.package_identification:_identify(.) by extension 'ignore_ament_install'
[0.326s] Level 1:colcon.colcon_core.package_identification:_identify(.) by extensions ['colcon_pkg']
[0.326s] Level 1:colcon.colcon_core.package_identification:_identify(.) by extension 'colcon_pkg'
[0.326s] Level 1:colcon.colcon_core.package_identification:_identify(.) by extensions ['colcon_meta']
[0.326s] Level 1:colcon.colcon_core.package_identification:_identify(.) by extension 'colcon_meta'
[0.326s] Level 1:colcon.colcon_core.package_identification:_identify(.) by extensions ['ros']
[0.326s] Level 1:colcon.colcon_core.package_identification:_identify(.) by extension 'ros'
[0.336s] Level 1:colcon.colcon_core.package_identification:_identify(.) by extensions ['cmake', 'python']
[0.336s] Level 1:colcon.colcon_core.package_identification:_identify(.) by extension 'cmake'
[0.336s] Level 1:colcon.colcon_core.package_identification:_identify(.) by extension 'python'
[0.336s] Level 1:colcon.colcon_core.package_identification:_identify(.) by extensions ['python_setup_py']
[0.336s] Level 1:colcon.colcon_core.package_identification:_identify(.) by extension 'python_setup_py'
[0.336s] Level 1:colcon.colcon_core.package_identification:_identify(build) by extensions ['ignore', 'ignore_ament_install']
[0.336s] Level 1:colcon.colcon_core.package_identification:_identify(build) by extension 'ignore'
[0.336s] Level 1:colcon.colcon_core.package_identification:_identify(build) ignored
[0.337s] Level 1:colcon.colcon_core.package_identification:_identify(install) by extensions ['ignore', 'ignore_ament_install']
[0.337s] Level 1:colcon.colcon_core.package_identification:_identify(install) by extension 'ignore'
[0.337s] Level 1:colcon.colcon_core.package_identification:_identify(install) ignored
[0.337s] Level 1:colcon.colcon_core.package_identification:_identify(kinova-movo) by extensions ['ignore', 'ignore_ament_install']
[0.337s] Level 1:colcon.colcon_core.package_identification:_identify(kinova-movo) by extension 'ignore'
[0.337s] Level 1:colcon.colcon_core.package_identification:_identify(kinova-movo) ignored
[0.337s] Level 1:colcon.colcon_core.package_identification:_identify(log) by extensions ['ignore', 'ignore_ament_install']
[0.337s] Level 1:colcon.colcon_core.package_identification:_identify(log) by extension 'ignore'
[0.337s] Level 1:colcon.colcon_core.package_identification:_identify(log) ignored
[0.337s] Level 1:colcon.colcon_core.package_identification:_identify(src) by extensions ['ignore', 'ignore_ament_install']
[0.337s] Level 1:colcon.colcon_core.package_identification:_identify(src) by extension 'ignore'
[0.337s] Level 1:colcon.colcon_core.package_identification:_identify(src) by extension 'ignore_ament_install'
[0.337s] Level 1:colcon.colcon_core.package_identification:_identify(src) by extensions ['colcon_pkg']
[0.337s] Level 1:colcon.colcon_core.package_identification:_identify(src) by extension 'colcon_pkg'
[0.338s] Level 1:colcon.colcon_core.package_identification:_identify(src) by extensions ['colcon_meta']
[0.338s] Level 1:colcon.colcon_core.package_identification:_identify(src) by extension 'colcon_meta'
[0.338s] Level 1:colcon.colcon_core.package_identification:_identify(src) by extensions ['ros']
[0.338s] Level 1:colcon.colcon_core.package_identification:_identify(src) by extension 'ros'
[0.338s] Level 1:colcon.colcon_core.package_identification:_identify(src) by extensions ['cmake', 'python']
[0.338s] Level 1:colcon.colcon_core.package_identification:_identify(src) by extension 'cmake'
[0.338s] Level 1:colcon.colcon_core.package_identification:_identify(src) by extension 'python'
[0.338s] Level 1:colcon.colcon_core.package_identification:_identify(src) by extensions ['python_setup_py']
[0.338s] Level 1:colcon.colcon_core.package_identification:_identify(src) by extension 'python_setup_py'
[0.338s] Level 1:colcon.colcon_core.package_identification:_identify(src/backward_ros) by extensions ['ignore', 'ignore_ament_install']
[0.338s] Level 1:colcon.colcon_core.package_identification:_identify(src/backward_ros) by extension 'ignore'
[0.338s] Level 1:colcon.colcon_core.package_identification:_identify(src/backward_ros) by extension 'ignore_ament_install'
[0.338s] Level 1:colcon.colcon_core.package_identification:_identify(src/backward_ros) by extensions ['colcon_pkg']
[0.338s] Level 1:colcon.colcon_core.package_identification:_identify(src/backward_ros) by extension 'colcon_pkg'
[0.338s] Level 1:colcon.colcon_core.package_identification:_identify(src/backward_ros) by extensions ['colcon_meta']
[0.338s] Level 1:colcon.colcon_core.package_identification:_identify(src/backward_ros) by extension 'colcon_meta'
[0.338s] Level 1:colcon.colcon_core.package_identification:_identify(src/backward_ros) by extensions ['ros']
[0.338s] Level 1:colcon.colcon_core.package_identification:_identify(src/backward_ros) by extension 'ros'
[0.342s] DEBUG:colcon.colcon_core.package_identification:Package 'src/backward_ros' with type 'ros.cmake' and name 'backward_ros'
[0.342s] Level 1:colcon.colcon_core.package_identification:_identify(src/build) by extensions ['ignore', 'ignore_ament_install']
[0.342s] Level 1:colcon.colcon_core.package_identification:_identify(src/build) by extension 'ignore'
[0.342s] Level 1:colcon.colcon_core.package_identification:_identify(src/build) ignored
[0.342s] Level 1:colcon.colcon_core.package_identification:_identify(src/install) by extensions ['ignore', 'ignore_ament_install']
[0.342s] Level 1:colcon.colcon_core.package_identification:_identify(src/install) by extension 'ignore'
[0.343s] Level 1:colcon.colcon_core.package_identification:_identify(src/install) ignored
[0.343s] Level 1:colcon.colcon_core.package_identification:_identify(src/joy_to_twist) by extensions ['ignore', 'ignore_ament_install']
[0.343s] Level 1:colcon.colcon_core.package_identification:_identify(src/joy_to_twist) by extension 'ignore'
[0.343s] Level 1:colcon.colcon_core.package_identification:_identify(src/joy_to_twist) by extension 'ignore_ament_install'
[0.343s] Level 1:colcon.colcon_core.package_identification:_identify(src/joy_to_twist) by extensions ['colcon_pkg']
[0.343s] Level 1:colcon.colcon_core.package_identification:_identify(src/joy_to_twist) by extension 'colcon_pkg'
[0.343s] Level 1:colcon.colcon_core.package_identification:_identify(src/joy_to_twist) by extensions ['colcon_meta']
[0.343s] Level 1:colcon.colcon_core.package_identification:_identify(src/joy_to_twist) by extension 'colcon_meta'
[0.343s] Level 1:colcon.colcon_core.package_identification:_identify(src/joy_to_twist) by extensions ['ros']
[0.343s] Level 1:colcon.colcon_core.package_identification:_identify(src/joy_to_twist) by extension 'ros'
[0.344s] DEBUG:colcon.colcon_core.package_identification:Package 'src/joy_to_twist' with type 'ros.ament_python' and name 'joy_to_twist'
[0.344s] Level 1:colcon.colcon_core.package_identification:_identify(src/log) by extensions ['ignore', 'ignore_ament_install']
[0.344s] Level 1:colcon.colcon_core.package_identification:_identify(src/log) by extension 'ignore'
[0.344s] Level 1:colcon.colcon_core.package_identification:_identify(src/log) ignored
[0.344s] Level 1:colcon.colcon_core.package_identification:_identify(src/movo_base_motor_control) by extensions ['ignore', 'ignore_ament_install']
[0.345s] Level 1:colcon.colcon_core.package_identification:_identify(src/movo_base_motor_control) by extension 'ignore'
[0.345s] Level 1:colcon.colcon_core.package_identification:_identify(src/movo_base_motor_control) by extension 'ignore_ament_install'
[0.345s] Level 1:colcon.colcon_core.package_identification:_identify(src/movo_base_motor_control) by extensions ['colcon_pkg']
[0.345s] Level 1:colcon.colcon_core.package_identification:_identify(src/movo_base_motor_control) by extension 'colcon_pkg'
[0.345s] Level 1:colcon.colcon_core.package_identification:_identify(src/movo_base_motor_control) by extensions ['colcon_meta']
[0.345s] Level 1:colcon.colcon_core.package_identification:_identify(src/movo_base_motor_control) by extension 'colcon_meta'
[0.345s] Level 1:colcon.colcon_core.package_identification:_identify(src/movo_base_motor_control) by extensions ['ros']
[0.345s] Level 1:colcon.colcon_core.package_identification:_identify(src/movo_base_motor_control) by extension 'ros'
[0.346s] DEBUG:colcon.colcon_core.package_identification:Package 'src/movo_base_motor_control' with type 'ros.ament_python' and name 'movo_base_motor_control'
[0.346s] Level 1:colcon.colcon_core.package_identification:_identify(src/movo_description) by extensions ['ignore', 'ignore_ament_install']
[0.346s] Level 1:colcon.colcon_core.package_identification:_identify(src/movo_description) by extension 'ignore'
[0.346s] Level 1:colcon.colcon_core.package_identification:_identify(src/movo_description) by extension 'ignore_ament_install'
[0.346s] Level 1:colcon.colcon_core.package_identification:_identify(src/movo_description) by extensions ['colcon_pkg']
[0.346s] Level 1:colcon.colcon_core.package_identification:_identify(src/movo_description) by extension 'colcon_pkg'
[0.346s] Level 1:colcon.colcon_core.package_identification:_identify(src/movo_description) by extensions ['colcon_meta']
[0.346s] Level 1:colcon.colcon_core.package_identification:_identify(src/movo_description) by extension 'colcon_meta'
[0.346s] Level 1:colcon.colcon_core.package_identification:_identify(src/movo_description) by extensions ['ros']
[0.346s] Level 1:colcon.colcon_core.package_identification:_identify(src/movo_description) by extension 'ros'
[0.347s] DEBUG:colcon.colcon_core.package_identification:Package 'src/movo_description' with type 'ros.ament_cmake' and name 'movo_description'
[0.347s] Level 1:colcon.colcon_core.package_identification:_identify(src/movo_nav) by extensions ['ignore', 'ignore_ament_install']
[0.347s] Level 1:colcon.colcon_core.package_identification:_identify(src/movo_nav) by extension 'ignore'
[0.347s] Level 1:colcon.colcon_core.package_identification:_identify(src/movo_nav) by extension 'ignore_ament_install'
[0.347s] Level 1:colcon.colcon_core.package_identification:_identify(src/movo_nav) by extensions ['colcon_pkg']
[0.347s] Level 1:colcon.colcon_core.package_identification:_identify(src/movo_nav) by extension 'colcon_pkg'
[0.347s] Level 1:colcon.colcon_core.package_identification:_identify(src/movo_nav) by extensions ['colcon_meta']
[0.347s] Level 1:colcon.colcon_core.package_identification:_identify(src/movo_nav) by extension 'colcon_meta'
[0.347s] Level 1:colcon.colcon_core.package_identification:_identify(src/movo_nav) by extensions ['ros']
[0.347s] Level 1:colcon.colcon_core.package_identification:_identify(src/movo_nav) by extension 'ros'
[0.348s] DEBUG:colcon.colcon_core.package_identification:Package 'src/movo_nav' with type 'ros.ament_python' and name 'movo_nav'
[0.348s] Level 1:colcon.colcon_core.package_identification:_identify(src/omni_wheel_controller_sample) by extensions ['ignore', 'ignore_ament_install']
[0.349s] Level 1:colcon.colcon_core.package_identification:_identify(src/omni_wheel_controller_sample) by extension 'ignore'
[0.349s] Level 1:colcon.colcon_core.package_identification:_identify(src/omni_wheel_controller_sample) by extension 'ignore_ament_install'
[0.349s] Level 1:colcon.colcon_core.package_identification:_identify(src/omni_wheel_controller_sample) by extensions ['colcon_pkg']
[0.349s] Level 1:colcon.colcon_core.package_identification:_identify(src/omni_wheel_controller_sample) by extension 'colcon_pkg'
[0.349s] Level 1:colcon.colcon_core.package_identification:_identify(src/omni_wheel_controller_sample) by extensions ['colcon_meta']
[0.349s] Level 1:colcon.colcon_core.package_identification:_identify(src/omni_wheel_controller_sample) by extension 'colcon_meta'
[0.349s] Level 1:colcon.colcon_core.package_identification:_identify(src/omni_wheel_controller_sample) by extensions ['ros']
[0.349s] Level 1:colcon.colcon_core.package_identification:_identify(src/omni_wheel_controller_sample) by extension 'ros'
[0.349s] Level 1:colcon.colcon_core.package_identification:_identify(src/omni_wheel_controller_sample) by extensions ['cmake', 'python']
[0.349s] Level 1:colcon.colcon_core.package_identification:_identify(src/omni_wheel_controller_sample) by extension 'cmake'
[0.349s] Level 1:colcon.colcon_core.package_identification:_identify(src/omni_wheel_controller_sample) by extension 'python'
[0.349s] Level 1:colcon.colcon_core.package_identification:_identify(src/omni_wheel_controller_sample) by extensions ['python_setup_py']
[0.349s] Level 1:colcon.colcon_core.package_identification:_identify(src/omni_wheel_controller_sample) by extension 'python_setup_py'
[0.349s] Level 1:colcon.colcon_core.package_identification:_identify(src/omni_wheel_controller_sample/gz_ros2_control) by extensions ['ignore', 'ignore_ament_install']
[0.349s] Level 1:colcon.colcon_core.package_identification:_identify(src/omni_wheel_controller_sample/gz_ros2_control) by extension 'ignore'
[0.349s] Level 1:colcon.colcon_core.package_identification:_identify(src/omni_wheel_controller_sample/gz_ros2_control) by extension 'ignore_ament_install'
[0.349s] Level 1:colcon.colcon_core.package_identification:_identify(src/omni_wheel_controller_sample/gz_ros2_control) by extensions ['colcon_pkg']
[0.349s] Level 1:colcon.colcon_core.package_identification:_identify(src/omni_wheel_controller_sample/gz_ros2_control) by extension 'colcon_pkg'
[0.349s] Level 1:colcon.colcon_core.package_identification:_identify(src/omni_wheel_controller_sample/gz_ros2_control) by extensions ['colcon_meta']
[0.349s] Level 1:colcon.colcon_core.package_identification:_identify(src/omni_wheel_controller_sample/gz_ros2_control) by extension 'colcon_meta'
[0.350s] Level 1:colcon.colcon_core.package_identification:_identify(src/omni_wheel_controller_sample/gz_ros2_control) by extensions ['ros']
[0.350s] Level 1:colcon.colcon_core.package_identification:_identify(src/omni_wheel_controller_sample/gz_ros2_control) by extension 'ros'
[0.350s] Level 1:colcon.colcon_core.package_identification:_identify(src/omni_wheel_controller_sample/gz_ros2_control) by extensions ['cmake', 'python']
[0.350s] Level 1:colcon.colcon_core.package_identification:_identify(src/omni_wheel_controller_sample/gz_ros2_control) by extension 'cmake'
[0.350s] Level 1:colcon.colcon_core.package_identification:_identify(src/omni_wheel_controller_sample/gz_ros2_control) by extension 'python'
[0.350s] Level 1:colcon.colcon_core.package_identification:_identify(src/omni_wheel_controller_sample/gz_ros2_control) by extensions ['python_setup_py']
[0.350s] Level 1:colcon.colcon_core.package_identification:_identify(src/omni_wheel_controller_sample/gz_ros2_control) by extension 'python_setup_py'
[0.350s] Level 1:colcon.colcon_core.package_identification:_identify(src/omni_wheel_controller_sample/gz_ros2_control/Dockerfile) by extensions ['ignore', 'ignore_ament_install']
[0.350s] Level 1:colcon.colcon_core.package_identification:_identify(src/omni_wheel_controller_sample/gz_ros2_control/Dockerfile) by extension 'ignore'
[0.350s] Level 1:colcon.colcon_core.package_identification:_identify(src/omni_wheel_controller_sample/gz_ros2_control/Dockerfile) by extension 'ignore_ament_install'
[0.350s] Level 1:colcon.colcon_core.package_identification:_identify(src/omni_wheel_controller_sample/gz_ros2_control/Dockerfile) by extensions ['colcon_pkg']
[0.350s] Level 1:colcon.colcon_core.package_identification:_identify(src/omni_wheel_controller_sample/gz_ros2_control/Dockerfile) by extension 'colcon_pkg'
[0.350s] Level 1:colcon.colcon_core.package_identification:_identify(src/omni_wheel_controller_sample/gz_ros2_control/Dockerfile) by extensions ['colcon_meta']
[0.350s] Level 1:colcon.colcon_core.package_identification:_identify(src/omni_wheel_controller_sample/gz_ros2_control/Dockerfile) by extension 'colcon_meta'
[0.350s] Level 1:colcon.colcon_core.package_identification:_identify(src/omni_wheel_controller_sample/gz_ros2_control/Dockerfile) by extensions ['ros']
[0.350s] Level 1:colcon.colcon_core.package_identification:_identify(src/omni_wheel_controller_sample/gz_ros2_control/Dockerfile) by extension 'ros'
[0.351s] Level 1:colcon.colcon_core.package_identification:_identify(src/omni_wheel_controller_sample/gz_ros2_control/Dockerfile) by extensions ['cmake', 'python']
[0.351s] Level 1:colcon.colcon_core.package_identification:_identify(src/omni_wheel_controller_sample/gz_ros2_control/Dockerfile) by extension 'cmake'
[0.351s] Level 1:colcon.colcon_core.package_identification:_identify(src/omni_wheel_controller_sample/gz_ros2_control/Dockerfile) by extension 'python'
[0.351s] Level 1:colcon.colcon_core.package_identification:_identify(src/omni_wheel_controller_sample/gz_ros2_control/Dockerfile) by extensions ['python_setup_py']
[0.351s] Level 1:colcon.colcon_core.package_identification:_identify(src/omni_wheel_controller_sample/gz_ros2_control/Dockerfile) by extension 'python_setup_py'
[0.351s] Level 1:colcon.colcon_core.package_identification:_identify(src/omni_wheel_controller_sample/gz_ros2_control/doc) by extensions ['ignore', 'ignore_ament_install']
[0.351s] Level 1:colcon.colcon_core.package_identification:_identify(src/omni_wheel_controller_sample/gz_ros2_control/doc) by extension 'ignore'
[0.351s] Level 1:colcon.colcon_core.package_identification:_identify(src/omni_wheel_controller_sample/gz_ros2_control/doc) by extension 'ignore_ament_install'
[0.351s] Level 1:colcon.colcon_core.package_identification:_identify(src/omni_wheel_controller_sample/gz_ros2_control/doc) by extensions ['colcon_pkg']
[0.351s] Level 1:colcon.colcon_core.package_identification:_identify(src/omni_wheel_controller_sample/gz_ros2_control/doc) by extension 'colcon_pkg'
[0.351s] Level 1:colcon.colcon_core.package_identification:_identify(src/omni_wheel_controller_sample/gz_ros2_control/doc) by extensions ['colcon_meta']
[0.351s] Level 1:colcon.colcon_core.package_identification:_identify(src/omni_wheel_controller_sample/gz_ros2_control/doc) by extension 'colcon_meta'
[0.351s] Level 1:colcon.colcon_core.package_identification:_identify(src/omni_wheel_controller_sample/gz_ros2_control/doc) by extensions ['ros']
[0.351s] Level 1:colcon.colcon_core.package_identification:_identify(src/omni_wheel_controller_sample/gz_ros2_control/doc) by extension 'ros'
[0.351s] Level 1:colcon.colcon_core.package_identification:_identify(src/omni_wheel_controller_sample/gz_ros2_control/doc) by extensions ['cmake', 'python']
[0.351s] Level 1:colcon.colcon_core.package_identification:_identify(src/omni_wheel_controller_sample/gz_ros2_control/doc) by extension 'cmake'
[0.351s] Level 1:colcon.colcon_core.package_identification:_identify(src/omni_wheel_controller_sample/gz_ros2_control/doc) by extension 'python'
[0.351s] Level 1:colcon.colcon_core.package_identification:_identify(src/omni_wheel_controller_sample/gz_ros2_control/doc) by extensions ['python_setup_py']
[0.351s] Level 1:colcon.colcon_core.package_identification:_identify(src/omni_wheel_controller_sample/gz_ros2_control/doc) by extension 'python_setup_py'
[0.351s] Level 1:colcon.colcon_core.package_identification:_identify(src/omni_wheel_controller_sample/gz_ros2_control/doc/img) by extensions ['ignore', 'ignore_ament_install']
[0.352s] Level 1:colcon.colcon_core.package_identification:_identify(src/omni_wheel_controller_sample/gz_ros2_control/doc/img) by extension 'ignore'
[0.352s] Level 1:colcon.colcon_core.package_identification:_identify(src/omni_wheel_controller_sample/gz_ros2_control/doc/img) by extension 'ignore_ament_install'
[0.352s] Level 1:colcon.colcon_core.package_identification:_identify(src/omni_wheel_controller_sample/gz_ros2_control/doc/img) by extensions ['colcon_pkg']
[0.352s] Level 1:colcon.colcon_core.package_identification:_identify(src/omni_wheel_controller_sample/gz_ros2_control/doc/img) by extension 'colcon_pkg'
[0.352s] Level 1:colcon.colcon_core.package_identification:_identify(src/omni_wheel_controller_sample/gz_ros2_control/doc/img) by extensions ['colcon_meta']
[0.352s] Level 1:colcon.colcon_core.package_identification:_identify(src/omni_wheel_controller_sample/gz_ros2_control/doc/img) by extension 'colcon_meta'
[0.352s] Level 1:colcon.colcon_core.package_identification:_identify(src/omni_wheel_controller_sample/gz_ros2_control/doc/img) by extensions ['ros']
[0.352s] Level 1:colcon.colcon_core.package_identification:_identify(src/omni_wheel_controller_sample/gz_ros2_control/doc/img) by extension 'ros'
[0.352s] Level 1:colcon.colcon_core.package_identification:_identify(src/omni_wheel_controller_sample/gz_ros2_control/doc/img) by extensions ['cmake', 'python']
[0.352s] Level 1:colcon.colcon_core.package_identification:_identify(src/omni_wheel_controller_sample/gz_ros2_control/doc/img) by extension 'cmake'
[0.352s] Level 1:colcon.colcon_core.package_identification:_identify(src/omni_wheel_controller_sample/gz_ros2_control/doc/img) by extension 'python'
[0.352s] Level 1:colcon.colcon_core.package_identification:_identify(src/omni_wheel_controller_sample/gz_ros2_control/doc/img) by extensions ['python_setup_py']
[0.352s] Level 1:colcon.colcon_core.package_identification:_identify(src/omni_wheel_controller_sample/gz_ros2_control/doc/img) by extension 'python_setup_py'
[0.352s] Level 1:colcon.colcon_core.package_identification:_identify(src/omni_wheel_controller_sample/gz_ros2_control/gz_ros2_control_tests) by extensions ['ignore', 'ignore_ament_install']
[0.352s] Level 1:colcon.colcon_core.package_identification:_identify(src/omni_wheel_controller_sample/gz_ros2_control/gz_ros2_control_tests) by extension 'ignore'
[0.352s] Level 1:colcon.colcon_core.package_identification:_identify(src/omni_wheel_controller_sample/gz_ros2_control/gz_ros2_control_tests) by extension 'ignore_ament_install'
[0.352s] Level 1:colcon.colcon_core.package_identification:_identify(src/omni_wheel_controller_sample/gz_ros2_control/gz_ros2_control_tests) by extensions ['colcon_pkg']
[0.352s] Level 1:colcon.colcon_core.package_identification:_identify(src/omni_wheel_controller_sample/gz_ros2_control/gz_ros2_control_tests) by extension 'colcon_pkg'
[0.352s] Level 1:colcon.colcon_core.package_identification:_identify(src/omni_wheel_controller_sample/gz_ros2_control/gz_ros2_control_tests) by extensions ['colcon_meta']
[0.352s] Level 1:colcon.colcon_core.package_identification:_identify(src/omni_wheel_controller_sample/gz_ros2_control/gz_ros2_control_tests) by extension 'colcon_meta'
[0.353s] Level 1:colcon.colcon_core.package_identification:_identify(src/omni_wheel_controller_sample/gz_ros2_control/gz_ros2_control_tests) by extensions ['ros']
[0.353s] Level 1:colcon.colcon_core.package_identification:_identify(src/omni_wheel_controller_sample/gz_ros2_control/gz_ros2_control_tests) by extension 'ros'
[0.356s] DEBUG:colcon.colcon_core.package_identification:Package 'src/omni_wheel_controller_sample/gz_ros2_control/gz_ros2_control_tests' with type 'ros.ament_cmake' and name 'gz_ros2_control_tests'
[0.356s] Level 1:colcon.colcon_core.package_identification:_identify(src/omni_wheel_controller_sample/gz_ros2_control/ign_ros2_control) by extensions ['ignore', 'ignore_ament_install']
[0.356s] Level 1:colcon.colcon_core.package_identification:_identify(src/omni_wheel_controller_sample/gz_ros2_control/ign_ros2_control) by extension 'ignore'
[0.356s] Level 1:colcon.colcon_core.package_identification:_identify(src/omni_wheel_controller_sample/gz_ros2_control/ign_ros2_control) by extension 'ignore_ament_install'
[0.356s] Level 1:colcon.colcon_core.package_identification:_identify(src/omni_wheel_controller_sample/gz_ros2_control/ign_ros2_control) by extensions ['colcon_pkg']
[0.356s] Level 1:colcon.colcon_core.package_identification:_identify(src/omni_wheel_controller_sample/gz_ros2_control/ign_ros2_control) by extension 'colcon_pkg'
[0.356s] Level 1:colcon.colcon_core.package_identification:_identify(src/omni_wheel_controller_sample/gz_ros2_control/ign_ros2_control) by extensions ['colcon_meta']
[0.356s] Level 1:colcon.colcon_core.package_identification:_identify(src/omni_wheel_controller_sample/gz_ros2_control/ign_ros2_control) by extension 'colcon_meta'
[0.357s] Level 1:colcon.colcon_core.package_identification:_identify(src/omni_wheel_controller_sample/gz_ros2_control/ign_ros2_control) by extensions ['ros']
[0.357s] Level 1:colcon.colcon_core.package_identification:_identify(src/omni_wheel_controller_sample/gz_ros2_control/ign_ros2_control) by extension 'ros'
[0.370s] DEBUG:colcon.colcon_core.package_identification:Package 'src/omni_wheel_controller_sample/gz_ros2_control/ign_ros2_control' with type 'ros.ament_cmake' and name 'ign_ros2_control'
[0.370s] Level 1:colcon.colcon_core.package_identification:_identify(src/omni_wheel_controller_sample/gz_ros2_control/ign_ros2_control_demos) by extensions ['ignore', 'ignore_ament_install']
[0.370s] Level 1:colcon.colcon_core.package_identification:_identify(src/omni_wheel_controller_sample/gz_ros2_control/ign_ros2_control_demos) by extension 'ignore'
[0.370s] Level 1:colcon.colcon_core.package_identification:_identify(src/omni_wheel_controller_sample/gz_ros2_control/ign_ros2_control_demos) by extension 'ignore_ament_install'
[0.370s] Level 1:colcon.colcon_core.package_identification:_identify(src/omni_wheel_controller_sample/gz_ros2_control/ign_ros2_control_demos) by extensions ['colcon_pkg']
[0.370s] Level 1:colcon.colcon_core.package_identification:_identify(src/omni_wheel_controller_sample/gz_ros2_control/ign_ros2_control_demos) by extension 'colcon_pkg'
[0.370s] Level 1:colcon.colcon_core.package_identification:_identify(src/omni_wheel_controller_sample/gz_ros2_control/ign_ros2_control_demos) by extensions ['colcon_meta']
[0.370s] Level 1:colcon.colcon_core.package_identification:_identify(src/omni_wheel_controller_sample/gz_ros2_control/ign_ros2_control_demos) by extension 'colcon_meta'
[0.370s] Level 1:colcon.colcon_core.package_identification:_identify(src/omni_wheel_controller_sample/gz_ros2_control/ign_ros2_control_demos) by extensions ['ros']
[0.370s] Level 1:colcon.colcon_core.package_identification:_identify(src/omni_wheel_controller_sample/gz_ros2_control/ign_ros2_control_demos) by extension 'ros'
[0.371s] DEBUG:colcon.colcon_core.package_identification:Package 'src/omni_wheel_controller_sample/gz_ros2_control/ign_ros2_control_demos' with type 'ros.ament_cmake' and name 'ign_ros2_control_demos'
[0.372s] Level 1:colcon.colcon_core.package_identification:_identify(src/omni_wheel_controller_sample/omni_wheel_controller) by extensions ['ignore', 'ignore_ament_install']
[0.372s] Level 1:colcon.colcon_core.package_identification:_identify(src/omni_wheel_controller_sample/omni_wheel_controller) by extension 'ignore'
[0.372s] Level 1:colcon.colcon_core.package_identification:_identify(src/omni_wheel_controller_sample/omni_wheel_controller) by extension 'ignore_ament_install'
[0.372s] Level 1:colcon.colcon_core.package_identification:_identify(src/omni_wheel_controller_sample/omni_wheel_controller) by extensions ['colcon_pkg']
[0.372s] Level 1:colcon.colcon_core.package_identification:_identify(src/omni_wheel_controller_sample/omni_wheel_controller) by extension 'colcon_pkg'
[0.372s] Level 1:colcon.colcon_core.package_identification:_identify(src/omni_wheel_controller_sample/omni_wheel_controller) by extensions ['colcon_meta']
[0.372s] Level 1:colcon.colcon_core.package_identification:_identify(src/omni_wheel_controller_sample/omni_wheel_controller) by extension 'colcon_meta'
[0.372s] Level 1:colcon.colcon_core.package_identification:_identify(src/omni_wheel_controller_sample/omni_wheel_controller) by extensions ['ros']
[0.372s] Level 1:colcon.colcon_core.package_identification:_identify(src/omni_wheel_controller_sample/omni_wheel_controller) by extension 'ros'
[0.374s] DEBUG:colcon.colcon_core.package_identification:Package 'src/omni_wheel_controller_sample/omni_wheel_controller' with type 'ros.ament_cmake' and name 'omni_wheel_controller'
[0.375s] Level 1:colcon.colcon_core.package_identification:_identify(src/omni_wheel_controller_sample/sample_robot_description) by extensions ['ignore', 'ignore_ament_install']
[0.375s] Level 1:colcon.colcon_core.package_identification:_identify(src/omni_wheel_controller_sample/sample_robot_description) by extension 'ignore'
[0.375s] Level 1:colcon.colcon_core.package_identification:_identify(src/omni_wheel_controller_sample/sample_robot_description) by extension 'ignore_ament_install'
[0.375s] Level 1:colcon.colcon_core.package_identification:_identify(src/omni_wheel_controller_sample/sample_robot_description) by extensions ['colcon_pkg']
[0.375s] Level 1:colcon.colcon_core.package_identification:_identify(src/omni_wheel_controller_sample/sample_robot_description) by extension 'colcon_pkg'
[0.375s] Level 1:colcon.colcon_core.package_identification:_identify(src/omni_wheel_controller_sample/sample_robot_description) by extensions ['colcon_meta']
[0.375s] Level 1:colcon.colcon_core.package_identification:_identify(src/omni_wheel_controller_sample/sample_robot_description) by extension 'colcon_meta'
[0.375s] Level 1:colcon.colcon_core.package_identification:_identify(src/omni_wheel_controller_sample/sample_robot_description) by extensions ['ros']
[0.375s] Level 1:colcon.colcon_core.package_identification:_identify(src/omni_wheel_controller_sample/sample_robot_description) by extension 'ros'
[0.376s] DEBUG:colcon.colcon_core.package_identification:Package 'src/omni_wheel_controller_sample/sample_robot_description' with type 'ros.ament_cmake' and name 'sample_robot_description'
[0.376s] Level 1:colcon.colcon_core.package_identification:_identify(src/omni_wheel_controller_sample/sample_robot_sim) by extensions ['ignore', 'ignore_ament_install']
[0.377s] Level 1:colcon.colcon_core.package_identification:_identify(src/omni_wheel_controller_sample/sample_robot_sim) by extension 'ignore'
[0.377s] Level 1:colcon.colcon_core.package_identification:_identify(src/omni_wheel_controller_sample/sample_robot_sim) by extension 'ignore_ament_install'
[0.377s] Level 1:colcon.colcon_core.package_identification:_identify(src/omni_wheel_controller_sample/sample_robot_sim) by extensions ['colcon_pkg']
[0.377s] Level 1:colcon.colcon_core.package_identification:_identify(src/omni_wheel_controller_sample/sample_robot_sim) by extension 'colcon_pkg'
[0.377s] Level 1:colcon.colcon_core.package_identification:_identify(src/omni_wheel_controller_sample/sample_robot_sim) by extensions ['colcon_meta']
[0.377s] Level 1:colcon.colcon_core.package_identification:_identify(src/omni_wheel_controller_sample/sample_robot_sim) by extension 'colcon_meta'
[0.377s] Level 1:colcon.colcon_core.package_identification:_identify(src/omni_wheel_controller_sample/sample_robot_sim) by extensions ['ros']
[0.377s] Level 1:colcon.colcon_core.package_identification:_identify(src/omni_wheel_controller_sample/sample_robot_sim) by extension 'ros'
[0.378s] DEBUG:colcon.colcon_core.package_identification:Package 'src/omni_wheel_controller_sample/sample_robot_sim' with type 'ros.ament_cmake' and name 'sample_robot_sim'
[0.378s] Level 1:colcon.colcon_core.package_identification:_identify(src/omni_wheel_controller_sample/velocity_pub) by extensions ['ignore', 'ignore_ament_install']
[0.379s] Level 1:colcon.colcon_core.package_identification:_identify(src/omni_wheel_controller_sample/velocity_pub) by extension 'ignore'
[0.379s] Level 1:colcon.colcon_core.package_identification:_identify(src/omni_wheel_controller_sample/velocity_pub) by extension 'ignore_ament_install'
[0.379s] Level 1:colcon.colcon_core.package_identification:_identify(src/omni_wheel_controller_sample/velocity_pub) by extensions ['colcon_pkg']
[0.379s] Level 1:colcon.colcon_core.package_identification:_identify(src/omni_wheel_controller_sample/velocity_pub) by extension 'colcon_pkg'
[0.379s] Level 1:colcon.colcon_core.package_identification:_identify(src/omni_wheel_controller_sample/velocity_pub) by extensions ['colcon_meta']
[0.379s] Level 1:colcon.colcon_core.package_identification:_identify(src/omni_wheel_controller_sample/velocity_pub) by extension 'colcon_meta'
[0.379s] Level 1:colcon.colcon_core.package_identification:_identify(src/omni_wheel_controller_sample/velocity_pub) by extensions ['ros']
[0.379s] Level 1:colcon.colcon_core.package_identification:_identify(src/omni_wheel_controller_sample/velocity_pub) by extension 'ros'
[0.380s] DEBUG:colcon.colcon_core.package_identification:Package 'src/omni_wheel_controller_sample/velocity_pub' with type 'ros.ament_cmake' and name 'velocity_pub'
[0.380s] Level 1:colcon.colcon_core.package_identification:_identify(src/realsense-ros) by extensions ['ignore', 'ignore_ament_install']
[0.380s] Level 1:colcon.colcon_core.package_identification:_identify(src/realsense-ros) by extension 'ignore'
[0.380s] Level 1:colcon.colcon_core.package_identification:_identify(src/realsense-ros) by extension 'ignore_ament_install'
[0.380s] Level 1:colcon.colcon_core.package_identification:_identify(src/realsense-ros) by extensions ['colcon_pkg']
[0.380s] Level 1:colcon.colcon_core.package_identification:_identify(src/realsense-ros) by extension 'colcon_pkg'
[0.381s] Level 1:colcon.colcon_core.package_identification:_identify(src/realsense-ros) by extensions ['colcon_meta']
[0.381s] Level 1:colcon.colcon_core.package_identification:_identify(src/realsense-ros) by extension 'colcon_meta'
[0.381s] Level 1:colcon.colcon_core.package_identification:_identify(src/realsense-ros) by extensions ['ros']
[0.381s] Level 1:colcon.colcon_core.package_identification:_identify(src/realsense-ros) by extension 'ros'
[0.381s] Level 1:colcon.colcon_core.package_identification:_identify(src/realsense-ros) by extensions ['cmake', 'python']
[0.381s] Level 1:colcon.colcon_core.package_identification:_identify(src/realsense-ros) by extension 'cmake'
[0.381s] Level 1:colcon.colcon_core.package_identification:_identify(src/realsense-ros) by extension 'python'
[0.381s] Level 1:colcon.colcon_core.package_identification:_identify(src/realsense-ros) by extensions ['python_setup_py']
[0.381s] Level 1:colcon.colcon_core.package_identification:_identify(src/realsense-ros) by extension 'python_setup_py'
[0.381s] Level 1:colcon.colcon_core.package_identification:_identify(src/realsense-ros/realsense2_camera) by extensions ['ignore', 'ignore_ament_install']
[0.381s] Level 1:colcon.colcon_core.package_identification:_identify(src/realsense-ros/realsense2_camera) by extension 'ignore'
[0.381s] Level 1:colcon.colcon_core.package_identification:_identify(src/realsense-ros/realsense2_camera) by extension 'ignore_ament_install'
[0.381s] Level 1:colcon.colcon_core.package_identification:_identify(src/realsense-ros/realsense2_camera) by extensions ['colcon_pkg']
[0.381s] Level 1:colcon.colcon_core.package_identification:_identify(src/realsense-ros/realsense2_camera) by extension 'colcon_pkg'
[0.382s] Level 1:colcon.colcon_core.package_identification:_identify(src/realsense-ros/realsense2_camera) by extensions ['colcon_meta']
[0.382s] Level 1:colcon.colcon_core.package_identification:_identify(src/realsense-ros/realsense2_camera) by extension 'colcon_meta'
[0.382s] Level 1:colcon.colcon_core.package_identification:_identify(src/realsense-ros/realsense2_camera) by extensions ['ros']
[0.382s] Level 1:colcon.colcon_core.package_identification:_identify(src/realsense-ros/realsense2_camera) by extension 'ros'
[0.386s] DEBUG:colcon.colcon_core.package_identification:Package 'src/realsense-ros/realsense2_camera' with type 'ros.ament_cmake' and name 'realsense2_camera'
[0.386s] Level 1:colcon.colcon_core.package_identification:_identify(src/realsense-ros/realsense2_camera_msgs) by extensions ['ignore', 'ignore_ament_install']
[0.386s] Level 1:colcon.colcon_core.package_identification:_identify(src/realsense-ros/realsense2_camera_msgs) by extension 'ignore'
[0.386s] Level 1:colcon.colcon_core.package_identification:_identify(src/realsense-ros/realsense2_camera_msgs) by extension 'ignore_ament_install'
[0.386s] Level 1:colcon.colcon_core.package_identification:_identify(src/realsense-ros/realsense2_camera_msgs) by extensions ['colcon_pkg']
[0.386s] Level 1:colcon.colcon_core.package_identification:_identify(src/realsense-ros/realsense2_camera_msgs) by extension 'colcon_pkg'
[0.386s] Level 1:colcon.colcon_core.package_identification:_identify(src/realsense-ros/realsense2_camera_msgs) by extensions ['colcon_meta']
[0.386s] Level 1:colcon.colcon_core.package_identification:_identify(src/realsense-ros/realsense2_camera_msgs) by extension 'colcon_meta'
[0.386s] Level 1:colcon.colcon_core.package_identification:_identify(src/realsense-ros/realsense2_camera_msgs) by extensions ['ros']
[0.386s] Level 1:colcon.colcon_core.package_identification:_identify(src/realsense-ros/realsense2_camera_msgs) by extension 'ros'
[0.387s] DEBUG:colcon.colcon_core.package_identification:Package 'src/realsense-ros/realsense2_camera_msgs' with type 'ros.ament_cmake' and name 'realsense2_camera_msgs'
[0.387s] Level 1:colcon.colcon_core.package_identification:_identify(src/realsense-ros/realsense2_description) by extensions ['ignore', 'ignore_ament_install']
[0.387s] Level 1:colcon.colcon_core.package_identification:_identify(src/realsense-ros/realsense2_description) by extension 'ignore'
[0.387s] Level 1:colcon.colcon_core.package_identification:_identify(src/realsense-ros/realsense2_description) by extension 'ignore_ament_install'
[0.387s] Level 1:colcon.colcon_core.package_identification:_identify(src/realsense-ros/realsense2_description) by extensions ['colcon_pkg']
[0.387s] Level 1:colcon.colcon_core.package_identification:_identify(src/realsense-ros/realsense2_description) by extension 'colcon_pkg'
[0.387s] Level 1:colcon.colcon_core.package_identification:_identify(src/realsense-ros/realsense2_description) by extensions ['colcon_meta']
[0.387s] Level 1:colcon.colcon_core.package_identification:_identify(src/realsense-ros/realsense2_description) by extension 'colcon_meta'
[0.387s] Level 1:colcon.colcon_core.package_identification:_identify(src/realsense-ros/realsense2_description) by extensions ['ros']
[0.387s] Level 1:colcon.colcon_core.package_identification:_identify(src/realsense-ros/realsense2_description) by extension 'ros'
[0.389s] DEBUG:colcon.colcon_core.package_identification:Package 'src/realsense-ros/realsense2_description' with type 'ros.ament_cmake' and name 'realsense2_description'
[0.389s] Level 1:colcon.colcon_core.package_identification:_identify(src/realsense-ros/scripts) by extensions ['ignore', 'ignore_ament_install']
[0.389s] Level 1:colcon.colcon_core.package_identification:_identify(src/realsense-ros/scripts) by extension 'ignore'
[0.389s] Level 1:colcon.colcon_core.package_identification:_identify(src/realsense-ros/scripts) by extension 'ignore_ament_install'
[0.389s] Level 1:colcon.colcon_core.package_identification:_identify(src/realsense-ros/scripts) by extensions ['colcon_pkg']
[0.389s] Level 1:colcon.colcon_core.package_identification:_identify(src/realsense-ros/scripts) by extension 'colcon_pkg'
[0.389s] Level 1:colcon.colcon_core.package_identification:_identify(src/realsense-ros/scripts) by extensions ['colcon_meta']
[0.389s] Level 1:colcon.colcon_core.package_identification:_identify(src/realsense-ros/scripts) by extension 'colcon_meta'
[0.389s] Level 1:colcon.colcon_core.package_identification:_identify(src/realsense-ros/scripts) by extensions ['ros']
[0.389s] Level 1:colcon.colcon_core.package_identification:_identify(src/realsense-ros/scripts) by extension 'ros'
[0.390s] Level 1:colcon.colcon_core.package_identification:_identify(src/realsense-ros/scripts) by extensions ['cmake', 'python']
[0.390s] Level 1:colcon.colcon_core.package_identification:_identify(src/realsense-ros/scripts) by extension 'cmake'
[0.390s] Level 1:colcon.colcon_core.package_identification:_identify(src/realsense-ros/scripts) by extension 'python'
[0.390s] Level 1:colcon.colcon_core.package_identification:_identify(src/realsense-ros/scripts) by extensions ['python_setup_py']
[0.390s] Level 1:colcon.colcon_core.package_identification:_identify(src/realsense-ros/scripts) by extension 'python_setup_py'
[0.390s] Level 1:colcon.colcon_core.package_identification:_identify(src/sick_scan_xd) by extensions ['ignore', 'ignore_ament_install']
[0.390s] Level 1:colcon.colcon_core.package_identification:_identify(src/sick_scan_xd) by extension 'ignore'
[0.390s] Level 1:colcon.colcon_core.package_identification:_identify(src/sick_scan_xd) by extension 'ignore_ament_install'
[0.390s] Level 1:colcon.colcon_core.package_identification:_identify(src/sick_scan_xd) by extensions ['colcon_pkg']
[0.390s] Level 1:colcon.colcon_core.package_identification:_identify(src/sick_scan_xd) by extension 'colcon_pkg'
[0.390s] Level 1:colcon.colcon_core.package_identification:_identify(src/sick_scan_xd) by extensions ['colcon_meta']
[0.390s] Level 1:colcon.colcon_core.package_identification:_identify(src/sick_scan_xd) by extension 'colcon_meta'
[0.390s] Level 1:colcon.colcon_core.package_identification:_identify(src/sick_scan_xd) by extensions ['ros']
[0.390s] Level 1:colcon.colcon_core.package_identification:_identify(src/sick_scan_xd) by extension 'ros'
[0.399s] DEBUG:colcon.colcon_core.package_identification:Package 'src/sick_scan_xd' with type 'ros.ament_cmake' and name 'sick_scan_xd'
[0.399s] Level 1:colcon.colcon_core.package_identification:_identify(src/tm_imu) by extensions ['ignore', 'ignore_ament_install']
[0.399s] Level 1:colcon.colcon_core.package_identification:_identify(src/tm_imu) by extension 'ignore'
[0.399s] Level 1:colcon.colcon_core.package_identification:_identify(src/tm_imu) by extension 'ignore_ament_install'
[0.399s] Level 1:colcon.colcon_core.package_identification:_identify(src/tm_imu) by extensions ['colcon_pkg']
[0.399s] Level 1:colcon.colcon_core.package_identification:_identify(src/tm_imu) by extension 'colcon_pkg'
[0.399s] Level 1:colcon.colcon_core.package_identification:_identify(src/tm_imu) by extensions ['colcon_meta']
[0.399s] Level 1:colcon.colcon_core.package_identification:_identify(src/tm_imu) by extension 'colcon_meta'
[0.399s] Level 1:colcon.colcon_core.package_identification:_identify(src/tm_imu) by extensions ['ros']
[0.399s] Level 1:colcon.colcon_core.package_identification:_identify(src/tm_imu) by extension 'ros'
[0.400s] DEBUG:colcon.colcon_core.package_identification:Package 'src/tm_imu' with type 'ros.ament_cmake' and name 'tm_imu'
[0.400s] Level 1:colcon.colcon_core.package_discovery:discover_packages(recursive) using defaults
[0.400s] Level 1:colcon.colcon_core.package_discovery:discover_packages(ignore) discover
[0.400s] Level 1:colcon.colcon_core.package_discovery:discover_packages(ignore) using defaults
[0.400s] Level 1:colcon.colcon_core.package_discovery:discover_packages(path) discover
[0.400s] Level 1:colcon.colcon_core.package_discovery:discover_packages(path) using defaults
[0.425s] INFO:colcon.colcon_core.package_selection:Skipping not selected package 'backward_ros' in 'src/backward_ros'
[0.425s] INFO:colcon.colcon_core.package_selection:Skipping not selected package 'ign_ros2_control' in 'src/omni_wheel_controller_sample/gz_ros2_control/ign_ros2_control'
[0.425s] INFO:colcon.colcon_core.package_selection:Skipping not selected package 'joy_to_twist' in 'src/joy_to_twist'
[0.425s] INFO:colcon.colcon_core.package_selection:Skipping not selected package 'movo_base_motor_control' in 'src/movo_base_motor_control'
[0.425s] INFO:colcon.colcon_core.package_selection:Skipping not selected package 'realsense2_camera_msgs' in 'src/realsense-ros/realsense2_camera_msgs'
[0.425s] INFO:colcon.colcon_core.package_selection:Skipping not selected package 'sample_robot_description' in 'src/omni_wheel_controller_sample/sample_robot_description'
[0.425s] INFO:colcon.colcon_core.package_selection:Skipping not selected package 'sample_robot_sim' in 'src/omni_wheel_controller_sample/sample_robot_sim'
[0.425s] INFO:colcon.colcon_core.package_selection:Skipping not selected package 'sick_scan_xd' in 'src/sick_scan_xd'
[0.425s] INFO:colcon.colcon_core.package_selection:Skipping not selected package 'tm_imu' in 'src/tm_imu'
[0.425s] INFO:colcon.colcon_core.package_selection:Skipping not selected package 'velocity_pub' in 'src/omni_wheel_controller_sample/velocity_pub'
[0.425s] INFO:colcon.colcon_core.package_selection:Skipping not selected package 'gz_ros2_control_tests' in 'src/omni_wheel_controller_sample/gz_ros2_control/gz_ros2_control_tests'
[0.425s] INFO:colcon.colcon_core.package_selection:Skipping not selected package 'ign_ros2_control_demos' in 'src/omni_wheel_controller_sample/gz_ros2_control/ign_ros2_control_demos'
[0.425s] INFO:colcon.colcon_core.package_selection:Skipping not selected package 'omni_wheel_controller' in 'src/omni_wheel_controller_sample/omni_wheel_controller'
[0.425s] INFO:colcon.colcon_core.package_selection:Skipping not selected package 'realsense2_camera' in 'src/realsense-ros/realsense2_camera'
[0.425s] INFO:colcon.colcon_core.package_selection:Skipping not selected package 'realsense2_description' in 'src/realsense-ros/realsense2_description'
[0.425s] INFO:colcon.colcon_core.package_selection:Skipping not selected package 'movo_nav' in 'src/movo_nav'
[0.426s] Level 1:colcon.colcon_core.package_discovery:discover_packages(prefix_path) check parameters
[0.426s] Level 1:colcon.colcon_core.package_discovery:discover_packages(prefix_path) discover
[0.429s] DEBUG:colcon.colcon_installed_package_information.package_discovery:Found 17 installed packages in /home/movo_base/movobase_ws/install
[0.430s] DEBUG:colcon.colcon_installed_package_information.package_discovery:Found 15 installed packages in /home/movo_base/movobase_ws/src/install
[0.432s] DEBUG:colcon.colcon_installed_package_information.package_discovery:Found 376 installed packages in /opt/ros/humble
[0.434s] Level 1:colcon.colcon_core.package_discovery:discover_packages(prefix_path) using defaults
[0.490s] Level 5:colcon.colcon_core.verb:set package 'movo_description' build argument 'cmake_args' from command line to 'None'
[0.490s] Level 5:colcon.colcon_core.verb:set package 'movo_description' build argument 'cmake_target' from command line to 'None'
[0.490s] Level 5:colcon.colcon_core.verb:set package 'movo_description' build argument 'cmake_target_skip_unavailable' from command line to 'False'
[0.490s] Level 5:colcon.colcon_core.verb:set package 'movo_description' build argument 'cmake_clean_cache' from command line to 'False'
[0.491s] Level 5:colcon.colcon_core.verb:set package 'movo_description' build argument 'cmake_clean_first' from command line to 'False'
[0.491s] Level 5:colcon.colcon_core.verb:set package 'movo_description' build argument 'cmake_force_configure' from command line to 'False'
[0.491s] Level 5:colcon.colcon_core.verb:set package 'movo_description' build argument 'ament_cmake_args' from command line to 'None'
[0.491s] Level 5:colcon.colcon_core.verb:set package 'movo_description' build argument 'catkin_cmake_args' from command line to 'None'
[0.491s] Level 5:colcon.colcon_core.verb:set package 'movo_description' build argument 'catkin_skip_building_tests' from command line to 'False'
[0.491s] DEBUG:colcon.colcon_core.verb:Building package 'movo_description' with the following arguments: {'ament_cmake_args': None, 'build_base': '/home/movo_base/movobase_ws/build/movo_description', 'catkin_cmake_args': None, 'catkin_skip_building_tests': False, 'cmake_args': None, 'cmake_clean_cache': False, 'cmake_clean_first': False, 'cmake_force_configure': False, 'cmake_target': None, 'cmake_target_skip_unavailable': False, 'install_base': '/home/movo_base/movobase_ws/install/movo_description', 'merge_install': False, 'path': '/home/movo_base/movobase_ws/src/movo_description', 'symlink_install': False, 'test_result_base': None}
[0.491s] INFO:colcon.colcon_core.executor:Executing jobs using 'parallel' executor
[0.492s] DEBUG:colcon.colcon_parallel_executor.executor.parallel:run_until_complete
[0.492s] INFO:colcon.colcon_ros.task.ament_cmake.build:Building ROS package in '/home/movo_base/movobase_ws/src/movo_description' with build type 'ament_cmake'
[0.493s] INFO:colcon.colcon_cmake.task.cmake.build:Building CMake package in '/home/movo_base/movobase_ws/src/movo_description'
[0.495s] INFO:colcon.colcon_core.plugin_system:Skipping extension 'colcon_core.shell.bat': Not used on non-Windows systems
[0.495s] INFO:colcon.colcon_core.shell:Skip shell extension 'powershell' for command environment: Not usable outside of PowerShell
[0.495s] DEBUG:colcon.colcon_core.shell:Skip shell extension 'dsv' for command environment
[0.512s] DEBUG:colcon.colcon_core.event_handler.log_command:Invoking command in '/home/movo_base/movobase_ws/build/movo_description': CMAKE_PREFIX_PATH=${CMAKE_PREFIX_PATH}:/home/movo_base/movobase_ws/install/movo_nav:/home/movo_base/movobase_ws/install/movo_base_motor_control:/home/movo_base/movobase_ws/install/joy_to_twist:/home/movo_base/movobase_ws/src/install/movo_base_motor_control:/home/movo_base/movobase_ws/src/install/joy_to_twist:/opt/ros/humble /usr/bin/cmake --build /home/movo_base/movobase_ws/build/movo_description -- -j4 -l4
[0.559s] DEBUG:colcon.colcon_core.event_handler.log_command:Invoked command in '/home/movo_base/movobase_ws/build/movo_description' returned '0': CMAKE_PREFIX_PATH=${CMAKE_PREFIX_PATH}:/home/movo_base/movobase_ws/install/movo_nav:/home/movo_base/movobase_ws/install/movo_base_motor_control:/home/movo_base/movobase_ws/install/joy_to_twist:/home/movo_base/movobase_ws/src/install/movo_base_motor_control:/home/movo_base/movobase_ws/src/install/joy_to_twist:/opt/ros/humble /usr/bin/cmake --build /home/movo_base/movobase_ws/build/movo_description -- -j4 -l4
[0.573s] DEBUG:colcon.colcon_core.event_handler.log_command:Invoking command in '/home/movo_base/movobase_ws/build/movo_description': CMAKE_PREFIX_PATH=${CMAKE_PREFIX_PATH}:/home/movo_base/movobase_ws/install/movo_nav:/home/movo_base/movobase_ws/install/movo_base_motor_control:/home/movo_base/movobase_ws/install/joy_to_twist:/home/movo_base/movobase_ws/src/install/movo_base_motor_control:/home/movo_base/movobase_ws/src/install/joy_to_twist:/opt/ros/humble /usr/bin/cmake --install /home/movo_base/movobase_ws/build/movo_description
[0.589s] Level 1:colcon.colcon_core.environment:create_environment_scripts_only(movo_description)
[0.600s] DEBUG:colcon.colcon_core.event_handler.log_command:Invoked command in '/home/movo_base/movobase_ws/build/movo_description' returned '0': CMAKE_PREFIX_PATH=${CMAKE_PREFIX_PATH}:/home/movo_base/movobase_ws/install/movo_nav:/home/movo_base/movobase_ws/install/movo_base_motor_control:/home/movo_base/movobase_ws/install/joy_to_twist:/home/movo_base/movobase_ws/src/install/movo_base_motor_control:/home/movo_base/movobase_ws/src/install/joy_to_twist:/opt/ros/humble /usr/bin/cmake --install /home/movo_base/movobase_ws/build/movo_description
[0.602s] Level 1:colcon.colcon_core.environment:checking '/home/movo_base/movobase_ws/install/movo_description' for CMake module files
[0.603s] Level 1:colcon.colcon_core.environment:checking '/home/movo_base/movobase_ws/install/movo_description' for CMake config files
[0.603s] Level 1:colcon.colcon_core.shell:create_environment_hook('movo_description', 'cmake_prefix_path')
[0.604s] INFO:colcon.colcon_core.shell:Creating environment hook '/home/movo_base/movobase_ws/install/movo_description/share/movo_description/hook/cmake_prefix_path.ps1'
[0.605s] INFO:colcon.colcon_core.shell:Creating environment descriptor '/home/movo_base/movobase_ws/install/movo_description/share/movo_description/hook/cmake_prefix_path.dsv'
[0.605s] INFO:colcon.colcon_core.shell:Creating environment hook '/home/movo_base/movobase_ws/install/movo_description/share/movo_description/hook/cmake_prefix_path.sh'
[0.606s] Level 1:colcon.colcon_core.environment:checking '/home/movo_base/movobase_ws/install/movo_description/bin'
[0.606s] Level 1:colcon.colcon_core.environment:checking '/home/movo_base/movobase_ws/install/movo_description/lib/pkgconfig/movo_description.pc'
[0.607s] Level 1:colcon.colcon_core.environment:checking '/home/movo_base/movobase_ws/install/movo_description/lib/python3.10/site-packages'
[0.607s] Level 1:colcon.colcon_core.environment:checking '/home/movo_base/movobase_ws/install/movo_description/bin'
[0.607s] INFO:colcon.colcon_core.shell:Creating package script '/home/movo_base/movobase_ws/install/movo_description/share/movo_description/package.ps1'
[0.609s] INFO:colcon.colcon_core.shell:Creating package descriptor '/home/movo_base/movobase_ws/install/movo_description/share/movo_description/package.dsv'
[0.609s] INFO:colcon.colcon_core.shell:Creating package script '/home/movo_base/movobase_ws/install/movo_description/share/movo_description/package.sh'
[0.610s] INFO:colcon.colcon_core.shell:Creating package script '/home/movo_base/movobase_ws/install/movo_description/share/movo_description/package.bash'
[0.611s] INFO:colcon.colcon_core.shell:Creating package script '/home/movo_base/movobase_ws/install/movo_description/share/movo_description/package.zsh'
[0.612s] Level 1:colcon.colcon_core.environment:create_file_with_runtime_dependencies(/home/movo_base/movobase_ws/install/movo_description/share/colcon-core/packages/movo_description)
[0.613s] Level 1:colcon.colcon_core.environment:create_environment_scripts_only(movo_description)
[0.614s] Level 1:colcon.colcon_core.environment:checking '/home/movo_base/movobase_ws/install/movo_description' for CMake module files
[0.614s] Level 1:colcon.colcon_core.environment:checking '/home/movo_base/movobase_ws/install/movo_description' for CMake config files
[0.615s] Level 1:colcon.colcon_core.shell:create_environment_hook('movo_description', 'cmake_prefix_path')
[0.615s] INFO:colcon.colcon_core.shell:Creating environment hook '/home/movo_base/movobase_ws/install/movo_description/share/movo_description/hook/cmake_prefix_path.ps1'
[0.615s] INFO:colcon.colcon_core.shell:Creating environment descriptor '/home/movo_base/movobase_ws/install/movo_description/share/movo_description/hook/cmake_prefix_path.dsv'
[0.615s] INFO:colcon.colcon_core.shell:Creating environment hook '/home/movo_base/movobase_ws/install/movo_description/share/movo_description/hook/cmake_prefix_path.sh'
[0.616s] Level 1:colcon.colcon_core.environment:checking '/home/movo_base/movobase_ws/install/movo_description/bin'
[0.616s] Level 1:colcon.colcon_core.environment:checking '/home/movo_base/movobase_ws/install/movo_description/lib/pkgconfig/movo_description.pc'
[0.616s] Level 1:colcon.colcon_core.environment:checking '/home/movo_base/movobase_ws/install/movo_description/lib/python3.10/site-packages'
[0.616s] Level 1:colcon.colcon_core.environment:checking '/home/movo_base/movobase_ws/install/movo_description/bin'
[0.617s] INFO:colcon.colcon_core.shell:Creating package script '/home/movo_base/movobase_ws/install/movo_description/share/movo_description/package.ps1'
[0.617s] INFO:colcon.colcon_core.shell:Creating package descriptor '/home/movo_base/movobase_ws/install/movo_description/share/movo_description/package.dsv'
[0.617s] INFO:colcon.colcon_core.shell:Creating package script '/home/movo_base/movobase_ws/install/movo_description/share/movo_description/package.sh'
[0.618s] INFO:colcon.colcon_core.shell:Creating package script '/home/movo_base/movobase_ws/install/movo_description/share/movo_description/package.bash'
[0.618s] INFO:colcon.colcon_core.shell:Creating package script '/home/movo_base/movobase_ws/install/movo_description/share/movo_description/package.zsh'
[0.619s] Level 1:colcon.colcon_core.environment:create_file_with_runtime_dependencies(/home/movo_base/movobase_ws/install/movo_description/share/colcon-core/packages/movo_description)
[0.619s] DEBUG:colcon.colcon_parallel_executor.executor.parallel:closing loop
[0.620s] DEBUG:colcon.colcon_parallel_executor.executor.parallel:loop closed
[0.620s] DEBUG:colcon.colcon_parallel_executor.executor.parallel:run_until_complete finished with '0'
[0.620s] DEBUG:colcon.colcon_core.event_reactor:joining thread
[0.628s] INFO:colcon.colcon_core.plugin_system:Skipping extension 'colcon_notification.desktop_notification.terminal_notifier': Not used on non-Darwin systems
[0.629s] INFO:colcon.colcon_core.plugin_system:Skipping extension 'colcon_notification.desktop_notification.win32': Not used on non-Windows systems
[0.629s] INFO:colcon.colcon_notification.desktop_notification:Sending desktop notification using 'notify2'
[0.642s] DEBUG:colcon.colcon_core.event_reactor:joined thread
[0.643s] INFO:colcon.colcon_core.shell:Creating prefix script '/home/movo_base/movobase_ws/install/local_setup.ps1'
[0.644s] INFO:colcon.colcon_core.shell:Creating prefix util module '/home/movo_base/movobase_ws/install/_local_setup_util_ps1.py'
[0.647s] INFO:colcon.colcon_core.shell:Creating prefix chain script '/home/movo_base/movobase_ws/install/setup.ps1'
[0.651s] INFO:colcon.colcon_core.shell:Creating prefix script '/home/movo_base/movobase_ws/install/local_setup.sh'
[0.652s] INFO:colcon.colcon_core.shell:Creating prefix util module '/home/movo_base/movobase_ws/install/_local_setup_util_sh.py'
[0.653s] INFO:colcon.colcon_core.shell:Creating prefix chain script '/home/movo_base/movobase_ws/install/setup.sh'
[0.658s] INFO:colcon.colcon_core.shell:Creating prefix script '/home/movo_base/movobase_ws/install/local_setup.bash'
[0.659s] INFO:colcon.colcon_core.shell:Creating prefix chain script '/home/movo_base/movobase_ws/install/setup.bash'
[0.663s] INFO:colcon.colcon_core.shell:Creating prefix script '/home/movo_base/movobase_ws/install/local_setup.zsh'
[0.664s] INFO:colcon.colcon_core.shell:Creating prefix chain script '/home/movo_base/movobase_ws/install/setup.zsh'
