running egg_info
writing ../../build/movo_nav/movo_nav.egg-info/PKG-INFO
writing dependency_links to ../../build/movo_nav/movo_nav.egg-info/dependency_links.txt
writing entry points to ../../build/movo_nav/movo_nav.egg-info/entry_points.txt
writing requirements to ../../build/movo_nav/movo_nav.egg-info/requires.txt
writing top-level names to ../../build/movo_nav/movo_nav.egg-info/top_level.txt
reading manifest file '../../build/movo_nav/movo_nav.egg-info/SOURCES.txt'
writing manifest file '../../build/movo_nav/movo_nav.egg-info/SOURCES.txt'
running build
running build_py
copying movo_nav/dual_scan_merger.py -> /home/movo_base/movobase_ws/build/movo_nav/build/lib/movo_nav
running install
running install_lib
copying /home/movo_base/movobase_ws/build/movo_nav/build/lib/movo_nav/dual_scan_merger.py -> /home/movo_base/movobase_ws/install/movo_nav/lib/python3.10/site-packages/movo_nav
byte-compiling /home/movo_base/movobase_ws/install/movo_nav/lib/python3.10/site-packages/movo_nav/dual_scan_merger.py to dual_scan_merger.cpython-310.pyc
running install_data
copying launch/single_2d_lidar_slam_with_urdf_launch.py -> /home/movo_base/movobase_ws/install/movo_nav/share/movo_nav/launch
running install_egg_info
removing '/home/movo_base/movobase_ws/install/movo_nav/lib/python3.10/site-packages/movo_nav-0.0.0-py3.10.egg-info' (and everything under it)
Copying ../../build/movo_nav/movo_nav.egg-info to /home/movo_base/movobase_ws/install/movo_nav/lib/python3.10/site-packages/movo_nav-0.0.0-py3.10.egg-info
running install_scripts
Installing dual_scan_merger script to /home/movo_base/movobase_ws/install/movo_nav/lib/movo_nav
writing list of installed files to '/home/movo_base/movobase_ws/build/movo_nav/install.log'
