[0.018s] Invoking command in '/home/movo_base/movobase_ws/build/movo_description': CMAKE_PREFIX_PATH=${CMAKE_PREFIX_PATH}:/home/movo_base/movobase_ws/install/movo_nav:/home/movo_base/movobase_ws/install/movo_base_motor_control:/home/movo_base/movobase_ws/install/joy_to_twist:/home/movo_base/movobase_ws/src/install/movo_base_motor_control:/home/movo_base/movobase_ws/src/install/joy_to_twist:/opt/ros/humble /usr/bin/cmake --build /home/movo_base/movobase_ws/build/movo_description -- -j4 -l4
[0.067s] Invoked command in '/home/movo_base/movobase_ws/build/movo_description' returned '0': CMAKE_PREFIX_PATH=${CMAKE_PREFIX_PATH}:/home/movo_base/movobase_ws/install/movo_nav:/home/movo_base/movobase_ws/install/movo_base_motor_control:/home/movo_base/movobase_ws/install/joy_to_twist:/home/movo_base/movobase_ws/src/install/movo_base_motor_control:/home/movo_base/movobase_ws/src/install/joy_to_twist:/opt/ros/humble /usr/bin/cmake --build /home/movo_base/movobase_ws/build/movo_description -- -j4 -l4
[0.077s] Invoking command in '/home/movo_base/movobase_ws/build/movo_description': CMAKE_PREFIX_PATH=${CMAKE_PREFIX_PATH}:/home/movo_base/movobase_ws/install/movo_nav:/home/movo_base/movobase_ws/install/movo_base_motor_control:/home/movo_base/movobase_ws/install/joy_to_twist:/home/movo_base/movobase_ws/src/install/movo_base_motor_control:/home/movo_base/movobase_ws/src/install/joy_to_twist:/opt/ros/humble /usr/bin/cmake --install /home/movo_base/movobase_ws/build/movo_description
[0.087s] -- Install configuration: ""
[0.087s] -- Up-to-date: /home/movo_base/movobase_ws/install/movo_description/share/movo_description/urdf
[0.088s] -- Up-to-date: /home/movo_base/movobase_ws/install/movo_description/share/movo_description/urdf/gzplugin_grasp_fix.urdf.xacro
[0.088s] -- Up-to-date: /home/movo_base/movobase_ws/install/movo_description/share/movo_description/urdf/manipulation
[0.088s] -- Up-to-date: /home/movo_base/movobase_ws/install/movo_description/share/movo_description/urdf/manipulation/robotiq
[0.088s] -- Up-to-date: /home/movo_base/movobase_ws/install/movo_description/share/movo_description/urdf/manipulation/robotiq/robotiq_85_gripper.urdf.xacro
[0.088s] -- Up-to-date: /home/movo_base/movobase_ws/install/movo_description/share/movo_description/urdf/manipulation/robotiq/robotiq_85_gripper.transmission.xacro
[0.088s] -- Up-to-date: /home/movo_base/movobase_ws/install/movo_description/share/movo_description/urdf/manipulation/jaco
[0.088s] -- Up-to-date: /home/movo_base/movobase_ws/install/movo_description/share/movo_description/urdf/manipulation/jaco/jaco.transmission.xacro
[0.089s] -- Up-to-date: /home/movo_base/movobase_ws/install/movo_description/share/movo_description/urdf/manipulation/jaco/jaco_7dof.transmission.xacro
[0.089s] -- Up-to-date: /home/movo_base/movobase_ws/install/movo_description/share/movo_description/urdf/manipulation/jaco/jaco_7dof.urdf.xacro
[0.089s] -- Up-to-date: /home/movo_base/movobase_ws/install/movo_description/share/movo_description/urdf/manipulation/jaco/jaco.urdf.xacro
[0.089s] -- Up-to-date: /home/movo_base/movobase_ws/install/movo_description/share/movo_description/urdf/manipulation/kinova_grippers
[0.089s] -- Up-to-date: /home/movo_base/movobase_ws/install/movo_description/share/movo_description/urdf/manipulation/kinova_grippers/kg2_gripper.urdf.xacro
[0.089s] -- Up-to-date: /home/movo_base/movobase_ws/install/movo_description/share/movo_description/urdf/manipulation/kinova_grippers/kg3_gripper.urdf.xacro
[0.090s] -- Up-to-date: /home/movo_base/movobase_ws/install/movo_description/share/movo_description/urdf/manipulation/kinova_grippers/kg3_gripper.transmission.xacro
[0.090s] -- Up-to-date: /home/movo_base/movobase_ws/install/movo_description/share/movo_description/urdf/manipulation/kinova_grippers/kg2_gripper.transmission.xacro
[0.090s] -- Up-to-date: /home/movo_base/movobase_ws/install/movo_description/share/movo_description/urdf/movo2.urdf
[0.090s] -- Up-to-date: /home/movo_base/movobase_ws/install/movo_description/share/movo_description/urdf/movo_components
[0.090s] -- Up-to-date: /home/movo_base/movobase_ws/install/movo_description/share/movo_description/urdf/movo_components/movo_body.urdf.xacro
[0.090s] -- Up-to-date: /home/movo_base/movobase_ws/install/movo_description/share/movo_description/urdf/movo_components/movo_pan_tilt.urdf.xacro
[0.091s] -- Up-to-date: /home/movo_base/movobase_ws/install/movo_description/share/movo_description/urdf/movo_components/proto2_arm_mount.urdf.xacro
[0.091s] -- Up-to-date: /home/movo_base/movobase_ws/install/movo_description/share/movo_description/urdf/movo_components/movo_base.urdf.xacro
[0.091s] -- Up-to-date: /home/movo_base/movobase_ws/install/movo_description/share/movo_description/urdf/movo_components/proto2_base.urdf.xacro
[0.091s] -- Up-to-date: /home/movo_base/movobase_ws/install/movo_description/share/movo_description/urdf/movo_components/proto2_frame.urdf.xacro
[0.091s] -- Up-to-date: /home/movo_base/movobase_ws/install/movo_description/share/movo_description/urdf/sensors
[0.091s] -- Up-to-date: /home/movo_base/movobase_ws/install/movo_description/share/movo_description/urdf/sensors/sick_tim.urdf.xacro
[0.091s] -- Up-to-date: /home/movo_base/movobase_ws/install/movo_description/share/movo_description/urdf/sensors/kinect_one_sensor.urdf.xacro
[0.091s] -- Up-to-date: /home/movo_base/movobase_ws/install/movo_description/share/movo_description/urdf/pan_tilt_stand_alone.urdf.xacro
[0.092s] -- Up-to-date: /home/movo_base/movobase_ws/install/movo_description/share/movo_description/urdf/movo.urdf.xacro
[0.092s] -- Up-to-date: /home/movo_base/movobase_ws/install/movo_description/share/movo_description/meshes
[0.092s] -- Up-to-date: /home/movo_base/movobase_ws/install/movo_description/share/movo_description/meshes/manipulation
[0.092s] -- Up-to-date: /home/movo_base/movobase_ws/install/movo_description/share/movo_description/meshes/manipulation/robotiq
[0.092s] -- Up-to-date: /home/movo_base/movobase_ws/install/movo_description/share/movo_description/meshes/manipulation/robotiq/collision
[0.092s] -- Up-to-date: /home/movo_base/movobase_ws/install/movo_description/share/movo_description/meshes/manipulation/robotiq/collision/robotiq_85_finger_tip_link.stl
[0.093s] -- Up-to-date: /home/movo_base/movobase_ws/install/movo_description/share/movo_description/meshes/manipulation/robotiq/collision/robotiq_85_finger_link.stl
[0.093s] -- Up-to-date: /home/movo_base/movobase_ws/install/movo_description/share/movo_description/meshes/manipulation/robotiq/collision/robotiq_85_inner_knuckle_link.stl
[0.093s] -- Up-to-date: /home/movo_base/movobase_ws/install/movo_description/share/movo_description/meshes/manipulation/robotiq/collision/robotiq_85_base_link.stl
[0.093s] -- Up-to-date: /home/movo_base/movobase_ws/install/movo_description/share/movo_description/meshes/manipulation/robotiq/collision/kinova_robotiq_coupler.stl
[0.093s] -- Up-to-date: /home/movo_base/movobase_ws/install/movo_description/share/movo_description/meshes/manipulation/robotiq/collision/robotiq_85_knuckle_link.stl
[0.093s] -- Up-to-date: /home/movo_base/movobase_ws/install/movo_description/share/movo_description/meshes/manipulation/robotiq/visual
[0.093s] -- Up-to-date: /home/movo_base/movobase_ws/install/movo_description/share/movo_description/meshes/manipulation/robotiq/visual/robotiq_85_finger_tip_link.dae
[0.093s] -- Up-to-date: /home/movo_base/movobase_ws/install/movo_description/share/movo_description/meshes/manipulation/robotiq/visual/robotiq_85_finger_link.dae
[0.093s] -- Up-to-date: /home/movo_base/movobase_ws/install/movo_description/share/movo_description/meshes/manipulation/robotiq/visual/robotiq_85_base_link.dae
[0.093s] -- Up-to-date: /home/movo_base/movobase_ws/install/movo_description/share/movo_description/meshes/manipulation/robotiq/visual/robotiq_85_inner_knuckle_link.dae
[0.094s] -- Up-to-date: /home/movo_base/movobase_ws/install/movo_description/share/movo_description/meshes/manipulation/robotiq/visual/robotiq_85_knuckle_link.dae
[0.094s] -- Up-to-date: /home/movo_base/movobase_ws/install/movo_description/share/movo_description/meshes/manipulation/robotiq/visual/kinova_robotiq_coupler.dae
[0.094s] -- Up-to-date: /home/movo_base/movobase_ws/install/movo_description/share/movo_description/meshes/manipulation/jaco
[0.094s] -- Up-to-date: /home/movo_base/movobase_ws/install/movo_description/share/movo_description/meshes/manipulation/jaco/collision
[0.094s] -- Up-to-date: /home/movo_base/movobase_ws/install/movo_description/share/movo_description/meshes/manipulation/jaco/collision/wrist_spherical_1.stl
[0.094s] -- Up-to-date: /home/movo_base/movobase_ws/install/movo_description/share/movo_description/meshes/manipulation/jaco/collision/base.stl
[0.094s] -- Up-to-date: /home/movo_base/movobase_ws/install/movo_description/share/movo_description/meshes/manipulation/jaco/collision/kinova_actuator_gearing.stl
[0.094s] -- Up-to-date: /home/movo_base/movobase_ws/install/movo_description/share/movo_description/meshes/manipulation/jaco/collision/arm_half_1.stl
[0.094s] -- Up-to-date: /home/movo_base/movobase_ws/install/movo_description/share/movo_description/meshes/manipulation/jaco/collision/shoulder_7dof.stl
[0.095s] -- Up-to-date: /home/movo_base/movobase_ws/install/movo_description/share/movo_description/meshes/manipulation/jaco/collision/wrist_spherical_2.stl
[0.095s] -- Up-to-date: /home/movo_base/movobase_ws/install/movo_description/share/movo_description/meshes/manipulation/jaco/collision/forearm.stl
[0.095s] -- Up-to-date: /home/movo_base/movobase_ws/install/movo_description/share/movo_description/meshes/manipulation/jaco/collision/upper_arm.stl
[0.095s] -- Up-to-date: /home/movo_base/movobase_ws/install/movo_description/share/movo_description/meshes/manipulation/jaco/collision/base_7dof.stl
[0.095s] -- Up-to-date: /home/movo_base/movobase_ws/install/movo_description/share/movo_description/meshes/manipulation/jaco/collision/forearm_7dof.stl
[0.095s] -- Up-to-date: /home/movo_base/movobase_ws/install/movo_description/share/movo_description/meshes/manipulation/jaco/collision/arm_half_2.stl
[0.095s] -- Up-to-date: /home/movo_base/movobase_ws/install/movo_description/share/movo_description/meshes/manipulation/jaco/collision/shoulder.stl
[0.095s] -- Up-to-date: /home/movo_base/movobase_ws/install/movo_description/share/movo_description/meshes/manipulation/jaco/collision/wrist_2.stl
[0.095s] -- Up-to-date: /home/movo_base/movobase_ws/install/movo_description/share/movo_description/meshes/manipulation/jaco/collision/wrist_1.stl
[0.095s] -- Up-to-date: /home/movo_base/movobase_ws/install/movo_description/share/movo_description/meshes/manipulation/jaco/visual
[0.096s] -- Up-to-date: /home/movo_base/movobase_ws/install/movo_description/share/movo_description/meshes/manipulation/jaco/visual/forearm_7dof.dae
[0.096s] -- Up-to-date: /home/movo_base/movobase_ws/install/movo_description/share/movo_description/meshes/manipulation/jaco/visual/wrist_1.dae
[0.096s] -- Up-to-date: /home/movo_base/movobase_ws/install/movo_description/share/movo_description/meshes/manipulation/jaco/visual/arm_half_1.dae
[0.096s] -- Up-to-date: /home/movo_base/movobase_ws/install/movo_description/share/movo_description/meshes/manipulation/jaco/visual/kinova_actuator_gearing.dae
[0.097s] -- Up-to-date: /home/movo_base/movobase_ws/install/movo_description/share/movo_description/meshes/manipulation/jaco/visual/shoulder.dae
[0.097s] -- Up-to-date: /home/movo_base/movobase_ws/install/movo_description/share/movo_description/meshes/manipulation/jaco/visual/wrist_spherical_1.dae
[0.097s] -- Up-to-date: /home/movo_base/movobase_ws/install/movo_description/share/movo_description/meshes/manipulation/jaco/visual/forearm.dae
[0.097s] -- Up-to-date: /home/movo_base/movobase_ws/install/movo_description/share/movo_description/meshes/manipulation/jaco/visual/arm_half_2.dae
[0.098s] -- Up-to-date: /home/movo_base/movobase_ws/install/movo_description/share/movo_description/meshes/manipulation/jaco/visual/wrist_2.dae
[0.098s] -- Up-to-date: /home/movo_base/movobase_ws/install/movo_description/share/movo_description/meshes/manipulation/jaco/visual/base_7dof.dae
[0.098s] -- Up-to-date: /home/movo_base/movobase_ws/install/movo_description/share/movo_description/meshes/manipulation/jaco/visual/upper_arm.dae
[0.098s] -- Up-to-date: /home/movo_base/movobase_ws/install/movo_description/share/movo_description/meshes/manipulation/jaco/visual/shoulder_7dof.dae
[0.098s] -- Up-to-date: /home/movo_base/movobase_ws/install/movo_description/share/movo_description/meshes/manipulation/jaco/visual/base.dae
[0.098s] -- Up-to-date: /home/movo_base/movobase_ws/install/movo_description/share/movo_description/meshes/manipulation/jaco/visual/wrist_spherical_2.dae
[0.099s] -- Up-to-date: /home/movo_base/movobase_ws/install/movo_description/share/movo_description/meshes/manipulation/kinova_grippers
[0.099s] -- Up-to-date: /home/movo_base/movobase_ws/install/movo_description/share/movo_description/meshes/manipulation/kinova_grippers/collision
[0.099s] -- Up-to-date: /home/movo_base/movobase_ws/install/movo_description/share/movo_description/meshes/manipulation/kinova_grippers/collision/finger_knuckle.stl
[0.099s] -- Up-to-date: /home/movo_base/movobase_ws/install/movo_description/share/movo_description/meshes/manipulation/kinova_grippers/collision/kg2_base_link.stl
[0.099s] -- Up-to-date: /home/movo_base/movobase_ws/install/movo_description/share/movo_description/meshes/manipulation/kinova_grippers/collision/finger_tip.stl
[0.099s] -- Up-to-date: /home/movo_base/movobase_ws/install/movo_description/share/movo_description/meshes/manipulation/kinova_grippers/collision/kg3_base_link.stl
[0.100s] -- Up-to-date: /home/movo_base/movobase_ws/install/movo_description/share/movo_description/meshes/manipulation/kinova_grippers/visual
[0.100s] -- Up-to-date: /home/movo_base/movobase_ws/install/movo_description/share/movo_description/meshes/manipulation/kinova_grippers/visual/finger_knuckle.dae
[0.100s] -- Up-to-date: /home/movo_base/movobase_ws/install/movo_description/share/movo_description/meshes/manipulation/kinova_grippers/visual/kg2_base_link.dae
[0.100s] -- Up-to-date: /home/movo_base/movobase_ws/install/movo_description/share/movo_description/meshes/manipulation/kinova_grippers/visual/finger_tip.dae
[0.100s] -- Up-to-date: /home/movo_base/movobase_ws/install/movo_description/share/movo_description/meshes/manipulation/kinova_grippers/visual/kg3_base_link.dae
[0.100s] -- Up-to-date: /home/movo_base/movobase_ws/install/movo_description/share/movo_description/meshes/pan_tilt
[0.101s] -- Up-to-date: /home/movo_base/movobase_ws/install/movo_description/share/movo_description/meshes/pan_tilt/collision
[0.101s] -- Up-to-date: /home/movo_base/movobase_ws/install/movo_description/share/movo_description/meshes/pan_tilt/collision/tilt_link.stl
[0.101s] -- Up-to-date: /home/movo_base/movobase_ws/install/movo_description/share/movo_description/meshes/pan_tilt/collision/pan_link.stl
[0.101s] -- Up-to-date: /home/movo_base/movobase_ws/install/movo_description/share/movo_description/meshes/pan_tilt/collision/pan_tilt_base.stl
[0.101s] -- Up-to-date: /home/movo_base/movobase_ws/install/movo_description/share/movo_description/meshes/pan_tilt/visual
[0.101s] -- Up-to-date: /home/movo_base/movobase_ws/install/movo_description/share/movo_description/meshes/pan_tilt/visual/pan_link.dae
[0.101s] -- Up-to-date: /home/movo_base/movobase_ws/install/movo_description/share/movo_description/meshes/pan_tilt/visual/pan_tilt_base.dae
[0.102s] -- Up-to-date: /home/movo_base/movobase_ws/install/movo_description/share/movo_description/meshes/pan_tilt/visual/tilt_link.dae
[0.102s] -- Up-to-date: /home/movo_base/movobase_ws/install/movo_description/share/movo_description/meshes/movo_components
[0.102s] -- Up-to-date: /home/movo_base/movobase_ws/install/movo_description/share/movo_description/meshes/movo_components/collision
[0.102s] -- Up-to-date: /home/movo_base/movobase_ws/install/movo_description/share/movo_description/meshes/movo_components/collision/movo_fixed_body_collision.stl
[0.102s] -- Up-to-date: /home/movo_base/movobase_ws/install/movo_description/share/movo_description/meshes/movo_components/collision/movo_upper_body_collision.stl
[0.102s] -- Up-to-date: /home/movo_base/movobase_ws/install/movo_description/share/movo_description/meshes/movo_components/collision/vector_base_collision.stl
[0.103s] -- Up-to-date: /home/movo_base/movobase_ws/install/movo_description/share/movo_description/meshes/movo_components/visual
[0.103s] -- Up-to-date: /home/movo_base/movobase_ws/install/movo_description/share/movo_description/meshes/movo_components/visual/vector_base.dae
[0.103s] -- Up-to-date: /home/movo_base/movobase_ws/install/movo_description/share/movo_description/meshes/movo_components/visual/movo_moving_payload.dae
[0.103s] -- Up-to-date: /home/movo_base/movobase_ws/install/movo_description/share/movo_description/meshes/movo_components/visual/movo_fixed_payload.dae
[0.104s] -- Up-to-date: /home/movo_base/movobase_ws/install/movo_description/share/movo_description/meshes/sensors
[0.104s] -- Up-to-date: /home/movo_base/movobase_ws/install/movo_description/share/movo_description/meshes/sensors/collision
[0.105s] -- Up-to-date: /home/movo_base/movobase_ws/install/movo_description/share/movo_description/meshes/sensors/collision/kinect_one_raw_shape_collision.STL
[0.105s] -- Up-to-date: /home/movo_base/movobase_ws/install/movo_description/share/movo_description/meshes/sensors/collision/kinect_one_collision.stl
[0.105s] -- Up-to-date: /home/movo_base/movobase_ws/install/movo_description/share/movo_description/meshes/sensors/visual
[0.105s] -- Up-to-date: /home/movo_base/movobase_ws/install/movo_description/share/movo_description/meshes/sensors/visual/sick_tim.dae
[0.105s] -- Up-to-date: /home/movo_base/movobase_ws/install/movo_description/share/movo_description/meshes/sensors/visual/kinect_one.dae
[0.106s] -- Up-to-date: /home/movo_base/movobase_ws/install/movo_description/share/movo_description/meshes/movo_body
[0.106s] -- Up-to-date: /home/movo_base/movobase_ws/install/movo_description/share/movo_description/meshes/movo_body/movo_mid_body.dae
[0.107s] -- Up-to-date: /home/movo_base/movobase_ws/install/movo_description/share/movo_description/meshes/movo_body/movo_upper_body.dae
[0.107s] -- Up-to-date: /home/movo_base/movobase_ws/install/movo_description/share/movo_description/meshes/movo_body/movo_lower_body.dae
[0.107s] -- Up-to-date: /home/movo_base/movobase_ws/install/movo_description/share/movo_description/launch
[0.107s] -- Installing: /home/movo_base/movobase_ws/install/movo_description/share/movo_description/launch/mod_display.launch.py
[0.108s] -- Up-to-date: /home/movo_base/movobase_ws/install/movo_description/share/movo_description/launch/display.launch.py
[0.108s] -- Up-to-date: /home/movo_base/movobase_ws/install/movo_description/share/ament_index/resource_index/package_run_dependencies/movo_description
[0.108s] -- Up-to-date: /home/movo_base/movobase_ws/install/movo_description/share/ament_index/resource_index/parent_prefix_path/movo_description
[0.108s] -- Up-to-date: /home/movo_base/movobase_ws/install/movo_description/share/movo_description/environment/ament_prefix_path.sh
[0.108s] -- Up-to-date: /home/movo_base/movobase_ws/install/movo_description/share/movo_description/environment/ament_prefix_path.dsv
[0.108s] -- Up-to-date: /home/movo_base/movobase_ws/install/movo_description/share/movo_description/environment/path.sh
[0.108s] -- Up-to-date: /home/movo_base/movobase_ws/install/movo_description/share/movo_description/environment/path.dsv
[0.108s] -- Up-to-date: /home/movo_base/movobase_ws/install/movo_description/share/movo_description/local_setup.bash
[0.108s] -- Up-to-date: /home/movo_base/movobase_ws/install/movo_description/share/movo_description/local_setup.sh
[0.108s] -- Up-to-date: /home/movo_base/movobase_ws/install/movo_description/share/movo_description/local_setup.zsh
[0.109s] -- Up-to-date: /home/movo_base/movobase_ws/install/movo_description/share/movo_description/local_setup.dsv
[0.109s] -- Installing: /home/movo_base/movobase_ws/install/movo_description/share/movo_description/package.dsv
[0.109s] -- Up-to-date: /home/movo_base/movobase_ws/install/movo_description/share/ament_index/resource_index/packages/movo_description
[0.109s] -- Up-to-date: /home/movo_base/movobase_ws/install/movo_description/share/movo_description/cmake/movo_descriptionConfig.cmake
[0.111s] -- Up-to-date: /home/movo_base/movobase_ws/install/movo_description/share/movo_description/cmake/movo_descriptionConfig-version.cmake
[0.111s] -- Up-to-date: /home/movo_base/movobase_ws/install/movo_description/share/movo_description/package.xml
[0.111s] Invoked command in '/home/movo_base/movobase_ws/build/movo_description' returned '0': CMAKE_PREFIX_PATH=${CMAKE_PREFIX_PATH}:/home/movo_base/movobase_ws/install/movo_nav:/home/movo_base/movobase_ws/install/movo_base_motor_control:/home/movo_base/movobase_ws/install/joy_to_twist:/home/movo_base/movobase_ws/src/install/movo_base_motor_control:/home/movo_base/movobase_ws/src/install/joy_to_twist:/opt/ros/humble /usr/bin/cmake --install /home/movo_base/movobase_ws/build/movo_description
