[0.017s] Invoking command in '/home/movo_base/movobase_ws/build/tm_imu': CMAKE_PREFIX_PATH=${CMAKE_PREFIX_PATH}:/home/movo_base/movobase_ws/install/movo_nav:/home/movo_base/movobase_ws/install/movo_base_motor_control:/home/movo_base/movobase_ws/install/joy_to_twist:/home/movo_base/movobase_ws/src/install/movo_base_motor_control:/home/movo_base/movobase_ws/src/install/joy_to_twist:/opt/ros/humble /usr/bin/cmake --build /home/movo_base/movobase_ws/build/tm_imu -- -j4 -l4
[0.100s] [35m[1mConsolidate compiler generated dependencies of target transducer_m_imu[0m
[0.150s] [100%] Built target transducer_m_imu
[0.163s] Invoked command in '/home/movo_base/movobase_ws/build/tm_imu' returned '0': CMAKE_PREFIX_PATH=${CMAKE_PREFIX_PATH}:/home/movo_base/movobase_ws/install/movo_nav:/home/movo_base/movobase_ws/install/movo_base_motor_control:/home/movo_base/movobase_ws/install/joy_to_twist:/home/movo_base/movobase_ws/src/install/movo_base_motor_control:/home/movo_base/movobase_ws/src/install/joy_to_twist:/opt/ros/humble /usr/bin/cmake --build /home/movo_base/movobase_ws/build/tm_imu -- -j4 -l4
[0.174s] Invoking command in '/home/movo_base/movobase_ws/build/tm_imu': CMAKE_PREFIX_PATH=${CMAKE_PREFIX_PATH}:/home/movo_base/movobase_ws/install/movo_nav:/home/movo_base/movobase_ws/install/movo_base_motor_control:/home/movo_base/movobase_ws/install/joy_to_twist:/home/movo_base/movobase_ws/src/install/movo_base_motor_control:/home/movo_base/movobase_ws/src/install/joy_to_twist:/opt/ros/humble /usr/bin/cmake --install /home/movo_base/movobase_ws/build/tm_imu
[0.183s] -- Install configuration: ""
[0.183s] -- Up-to-date: /home/movo_base/movobase_ws/install/tm_imu/lib/tm_imu/transducer_m_imu
[0.184s] -- Up-to-date: /home/movo_base/movobase_ws/install/tm_imu/share/tm_imu//launch
[0.184s] -- Up-to-date: /home/movo_base/movobase_ws/install/tm_imu/share/tm_imu//launch/imu.launch.py
[0.184s] -- Up-to-date: /home/movo_base/movobase_ws/install/tm_imu/share/tm_imu//config
[0.184s] -- Up-to-date: /home/movo_base/movobase_ws/install/tm_imu/share/tm_imu//config/params.yaml
[0.184s] -- Up-to-date: /home/movo_base/movobase_ws/install/tm_imu/share/ament_index/resource_index/package_run_dependencies/tm_imu
[0.184s] -- Up-to-date: /home/movo_base/movobase_ws/install/tm_imu/share/ament_index/resource_index/parent_prefix_path/tm_imu
[0.184s] -- Up-to-date: /home/movo_base/movobase_ws/install/tm_imu/share/tm_imu/environment/ament_prefix_path.sh
[0.184s] -- Up-to-date: /home/movo_base/movobase_ws/install/tm_imu/share/tm_imu/environment/ament_prefix_path.dsv
[0.185s] -- Up-to-date: /home/movo_base/movobase_ws/install/tm_imu/share/tm_imu/environment/path.sh
[0.185s] -- Up-to-date: /home/movo_base/movobase_ws/install/tm_imu/share/tm_imu/environment/path.dsv
[0.185s] -- Up-to-date: /home/movo_base/movobase_ws/install/tm_imu/share/tm_imu/local_setup.bash
[0.185s] -- Up-to-date: /home/movo_base/movobase_ws/install/tm_imu/share/tm_imu/local_setup.sh
[0.185s] -- Up-to-date: /home/movo_base/movobase_ws/install/tm_imu/share/tm_imu/local_setup.zsh
[0.185s] -- Up-to-date: /home/movo_base/movobase_ws/install/tm_imu/share/tm_imu/local_setup.dsv
[0.185s] -- Installing: /home/movo_base/movobase_ws/install/tm_imu/share/tm_imu/package.dsv
[0.185s] -- Up-to-date: /home/movo_base/movobase_ws/install/tm_imu/share/ament_index/resource_index/packages/tm_imu
[0.186s] -- Up-to-date: /home/movo_base/movobase_ws/install/tm_imu/share/tm_imu/cmake/tm_imuConfig.cmake
[0.186s] -- Up-to-date: /home/movo_base/movobase_ws/install/tm_imu/share/tm_imu/cmake/tm_imuConfig-version.cmake
[0.186s] -- Up-to-date: /home/movo_base/movobase_ws/install/tm_imu/share/tm_imu/package.xml
[0.187s] Invoked command in '/home/movo_base/movobase_ws/build/tm_imu' returned '0': CMAKE_PREFIX_PATH=${CMAKE_PREFIX_PATH}:/home/movo_base/movobase_ws/install/movo_nav:/home/movo_base/movobase_ws/install/movo_base_motor_control:/home/movo_base/movobase_ws/install/joy_to_twist:/home/movo_base/movobase_ws/src/install/movo_base_motor_control:/home/movo_base/movobase_ws/src/install/joy_to_twist:/opt/ros/humble /usr/bin/cmake --install /home/movo_base/movobase_ws/build/tm_imu
